[0.344s] Invoking command in '/home/rl-public/workspace/build/kinematics_interface': CMAKE_PREFIX_PATH=${CMAKE_PREFIX_PATH}:/home/rl-public/workspace/install/rqt_joint_trajectory_controller:/home/rl-public/workspace/install/rqt_controller_manager:/home/rl-public/workspace/install/ros2controlcli:/home/rl-public/workspace/install/ros2_controllers_test_nodes:/opt/ros/humble /usr/bin/cmake --build /home/rl-public/workspace/build/kinematics_interface -- -j20 -l20
[0.388s] [35m[1mConsolidate compiler generated dependencies of target kinematics_interface[0m
[0.405s] [100%] Built target kinematics_interface
[0.617s] Invoked command in '/home/rl-public/workspace/build/kinematics_interface' returned '0': CMAKE_PREFIX_PATH=${CMAKE_PREFIX_PATH}:/home/rl-public/workspace/install/rqt_joint_trajectory_controller:/home/rl-public/workspace/install/rqt_controller_manager:/home/rl-public/workspace/install/ros2controlcli:/home/rl-public/workspace/install/ros2_controllers_test_nodes:/opt/ros/humble /usr/bin/cmake --build /home/rl-public/workspace/build/kinematics_interface -- -j20 -l20
[0.663s] Invoking command in '/home/rl-public/workspace/build/kinematics_interface': CMAKE_PREFIX_PATH=${CMAKE_PREFIX_PATH}:/home/rl-public/workspace/install/rqt_joint_trajectory_controller:/home/rl-public/workspace/install/rqt_controller_manager:/home/rl-public/workspace/install/ros2controlcli:/home/rl-public/workspace/install/ros2_controllers_test_nodes:/opt/ros/humble /usr/bin/cmake --install /home/rl-public/workspace/build/kinematics_interface
[0.675s] -- Install configuration: ""
[0.676s] -- Execute custom install script
[0.676s] -- Up-to-date symlink: /home/rl-public/workspace/install/kinematics_interface/include/kinematics_interface/kinematics_interface/kinematics_interface.hpp
[0.676s] -- Up-to-date symlink: /home/rl-public/workspace/install/kinematics_interface/include/kinematics_interface/kinematics_interface/visibility_control.h
[0.677s] -- Up-to-date symlink: /home/rl-public/workspace/install/kinematics_interface/share/kinematics_interface/environment/library_path.sh
[0.678s] -- Up-to-date symlink: /home/rl-public/workspace/install/kinematics_interface/share/kinematics_interface/environment/library_path.dsv
[0.678s] -- Up-to-date symlink: /home/rl-public/workspace/install/kinematics_interface/share/ament_index/resource_index/package_run_dependencies/kinematics_interface
[0.679s] -- Up-to-date symlink: /home/rl-public/workspace/install/kinematics_interface/share/ament_index/resource_index/parent_prefix_path/kinematics_interface
[0.679s] -- Up-to-date symlink: /home/rl-public/workspace/install/kinematics_interface/share/kinematics_interface/environment/ament_prefix_path.sh
[0.679s] -- Up-to-date symlink: /home/rl-public/workspace/install/kinematics_interface/share/kinematics_interface/environment/ament_prefix_path.dsv
[0.679s] -- Up-to-date symlink: /home/rl-public/workspace/install/kinematics_interface/share/kinematics_interface/environment/path.sh
[0.679s] -- Up-to-date symlink: /home/rl-public/workspace/install/kinematics_interface/share/kinematics_interface/environment/path.dsv
[0.679s] -- Up-to-date symlink: /home/rl-public/workspace/install/kinematics_interface/share/kinematics_interface/local_setup.bash
[0.680s] -- Up-to-date symlink: /home/rl-public/workspace/install/kinematics_interface/share/kinematics_interface/local_setup.sh
[0.680s] -- Up-to-date symlink: /home/rl-public/workspace/install/kinematics_interface/share/kinematics_interface/local_setup.zsh
[0.680s] -- Up-to-date symlink: /home/rl-public/workspace/install/kinematics_interface/share/kinematics_interface/local_setup.dsv
[0.680s] -- Symlinking: /home/rl-public/workspace/install/kinematics_interface/share/kinematics_interface/package.dsv
[0.694s] -- Up-to-date symlink: /home/rl-public/workspace/install/kinematics_interface/share/ament_index/resource_index/packages/kinematics_interface
[0.694s] -- Up-to-date symlink: /home/rl-public/workspace/install/kinematics_interface/share/kinematics_interface/cmake/ament_cmake_export_targets-extras.cmake
[0.694s] -- Up-to-date symlink: /home/rl-public/workspace/install/kinematics_interface/share/kinematics_interface/cmake/ament_cmake_export_dependencies-extras.cmake
[0.694s] -- Up-to-date symlink: /home/rl-public/workspace/install/kinematics_interface/share/kinematics_interface/cmake/kinematics_interfaceConfig.cmake
[0.694s] -- Up-to-date symlink: /home/rl-public/workspace/install/kinematics_interface/share/kinematics_interface/cmake/kinematics_interfaceConfig-version.cmake
[0.694s] -- Up-to-date symlink: /home/rl-public/workspace/install/kinematics_interface/share/kinematics_interface/package.xml
[0.694s] -- Up-to-date: /home/rl-public/workspace/install/kinematics_interface/lib/libkinematics_interface.so
[0.695s] -- Up-to-date: /home/rl-public/workspace/install/kinematics_interface/share/kinematics_interface/cmake/export_kinematics_interfaceExport.cmake
[0.695s] -- Up-to-date: /home/rl-public/workspace/install/kinematics_interface/share/kinematics_interface/cmake/export_kinematics_interfaceExport-noconfig.cmake
[0.707s] Invoked command in '/home/rl-public/workspace/build/kinematics_interface' returned '0': CMAKE_PREFIX_PATH=${CMAKE_PREFIX_PATH}:/home/rl-public/workspace/install/rqt_joint_trajectory_controller:/home/rl-public/workspace/install/rqt_controller_manager:/home/rl-public/workspace/install/ros2controlcli:/home/rl-public/workspace/install/ros2_controllers_test_nodes:/opt/ros/humble /usr/bin/cmake --install /home/rl-public/workspace/build/kinematics_interface
