[0.005s] Invoking command in '/home/rl-public/workspace/ros_ur_driver/build/ur_moveit_config': AMENT_PREFIX_PATH=/home/rl-public/workspace/ros_ur_driver/install/ur_description:${AMENT_PREFIX_PATH} CMAKE_PREFIX_PATH=/home/rl-public/workspace/ros_ur_driver/install/ur_description:/opt/ros/humble /usr/bin/cmake /home/rl-public/workspace/ros_ur_driver/src/Universal_Robots_ROS2_Driver/ur_moveit_config -DCMAKE_BUILD_TYPE=Release -DCMAKE_INSTALL_PREFIX=/home/rl-public/workspace/ros_ur_driver/install/ur_moveit_config
[0.047s] -- The C compiler identification is GNU 11.4.0
[0.091s] -- The CXX compiler identification is GNU 11.4.0
[0.097s] -- Detecting C compiler ABI info
[0.156s] -- Detecting C compiler ABI info - done
[0.162s] -- Check for working C compiler: /usr/bin/cc - skipped
[0.162s] -- Detecting C compile features
[0.162s] -- Detecting C compile features - done
[0.165s] -- Detecting CXX compiler ABI info
[0.229s] -- Detecting CXX compiler ABI info - done
[0.236s] -- Check for working CXX compiler: /usr/bin/c++ - skipped
[0.236s] -- Detecting CXX compile features
[0.236s] -- Detecting CXX compile features - done
[0.238s] -- Found ament_cmake: 1.3.10 (/opt/ros/humble/share/ament_cmake/cmake)
[0.360s] -- Found Python3: /usr/bin/python3 (found version "3.10.12") found components: Interpreter 
[0.563s] -- Configuring done
[0.567s] -- Generating done
[0.568s] -- Build files have been written to: /home/rl-public/workspace/ros_ur_driver/build/ur_moveit_config
[0.572s] Invoked command in '/home/rl-public/workspace/ros_ur_driver/build/ur_moveit_config' returned '0': AMENT_PREFIX_PATH=/home/rl-public/workspace/ros_ur_driver/install/ur_description:${AMENT_PREFIX_PATH} CMAKE_PREFIX_PATH=/home/rl-public/workspace/ros_ur_driver/install/ur_description:/opt/ros/humble /usr/bin/cmake /home/rl-public/workspace/ros_ur_driver/src/Universal_Robots_ROS2_Driver/ur_moveit_config -DCMAKE_BUILD_TYPE=Release -DCMAKE_INSTALL_PREFIX=/home/rl-public/workspace/ros_ur_driver/install/ur_moveit_config
[0.573s] Invoking command in '/home/rl-public/workspace/ros_ur_driver/build/ur_moveit_config': AMENT_PREFIX_PATH=/home/rl-public/workspace/ros_ur_driver/install/ur_description:${AMENT_PREFIX_PATH} CMAKE_PREFIX_PATH=/home/rl-public/workspace/ros_ur_driver/install/ur_description:/opt/ros/humble /usr/bin/cmake --build /home/rl-public/workspace/ros_ur_driver/build/ur_moveit_config -- -j20 -l20
[0.616s] Built target ament_cmake_python_copy_ur_moveit_config
[0.815s] running egg_info
[0.815s] creating ur_moveit_config.egg-info
[0.815s] writing ur_moveit_config.egg-info/PKG-INFO
[0.815s] writing dependency_links to ur_moveit_config.egg-info/dependency_links.txt
[0.815s] writing top-level names to ur_moveit_config.egg-info/top_level.txt
[0.816s] writing manifest file 'ur_moveit_config.egg-info/SOURCES.txt'
[0.818s] reading manifest file 'ur_moveit_config.egg-info/SOURCES.txt'
[0.818s] writing manifest file 'ur_moveit_config.egg-info/SOURCES.txt'
[0.843s] Built target ament_cmake_python_build_ur_moveit_config_egg
[0.852s] Invoked command in '/home/rl-public/workspace/ros_ur_driver/build/ur_moveit_config' returned '0': AMENT_PREFIX_PATH=/home/rl-public/workspace/ros_ur_driver/install/ur_description:${AMENT_PREFIX_PATH} CMAKE_PREFIX_PATH=/home/rl-public/workspace/ros_ur_driver/install/ur_description:/opt/ros/humble /usr/bin/cmake --build /home/rl-public/workspace/ros_ur_driver/build/ur_moveit_config -- -j20 -l20
[0.871s] Invoking command in '/home/rl-public/workspace/ros_ur_driver/build/ur_moveit_config': AMENT_PREFIX_PATH=/home/rl-public/workspace/ros_ur_driver/install/ur_description:${AMENT_PREFIX_PATH} CMAKE_PREFIX_PATH=/home/rl-public/workspace/ros_ur_driver/install/ur_description:/opt/ros/humble /usr/bin/cmake --install /home/rl-public/workspace/ros_ur_driver/build/ur_moveit_config
[0.877s] -- Install configuration: "Release"
[0.877s] -- Installing: /home/rl-public/workspace/ros_ur_driver/install/ur_moveit_config/share/ur_moveit_config/config
[0.877s] -- Installing: /home/rl-public/workspace/ros_ur_driver/install/ur_moveit_config/share/ur_moveit_config/config/joint_limits.yaml
[0.877s] -- Installing: /home/rl-public/workspace/ros_ur_driver/install/ur_moveit_config/share/ur_moveit_config/config/ompl_planning.yaml
[0.877s] -- Installing: /home/rl-public/workspace/ros_ur_driver/install/ur_moveit_config/share/ur_moveit_config/config/controllers.yaml
[0.877s] -- Installing: /home/rl-public/workspace/ros_ur_driver/install/ur_moveit_config/share/ur_moveit_config/config/kinematics.yaml
[0.877s] -- Installing: /home/rl-public/workspace/ros_ur_driver/install/ur_moveit_config/share/ur_moveit_config/config/ur_servo.yaml
[0.877s] -- Installing: /home/rl-public/workspace/ros_ur_driver/install/ur_moveit_config/share/ur_moveit_config/launch
[0.877s] -- Installing: /home/rl-public/workspace/ros_ur_driver/install/ur_moveit_config/share/ur_moveit_config/launch/ur_moveit.launch.py
[0.877s] -- Installing: /home/rl-public/workspace/ros_ur_driver/install/ur_moveit_config/share/ur_moveit_config/rviz
[0.877s] -- Installing: /home/rl-public/workspace/ros_ur_driver/install/ur_moveit_config/share/ur_moveit_config/rviz/view_robot.rviz
[0.877s] -- Installing: /home/rl-public/workspace/ros_ur_driver/install/ur_moveit_config/share/ur_moveit_config/srdf
[0.877s] -- Installing: /home/rl-public/workspace/ros_ur_driver/install/ur_moveit_config/share/ur_moveit_config/srdf/ur_macro.srdf.xacro
[0.877s] -- Installing: /home/rl-public/workspace/ros_ur_driver/install/ur_moveit_config/share/ur_moveit_config/srdf/ur.srdf.xacro
[0.877s] -- Installing: /home/rl-public/workspace/ros_ur_driver/install/ur_moveit_config/share/ur_moveit_config/environment/pythonpath.sh
[0.878s] -- Installing: /home/rl-public/workspace/ros_ur_driver/install/ur_moveit_config/share/ur_moveit_config/environment/pythonpath.dsv
[0.878s] -- Installing: /home/rl-public/workspace/ros_ur_driver/install/ur_moveit_config/local/lib/python3.10/dist-packages/ur_moveit_config-2.2.16-py3.10.egg-info
[0.878s] -- Installing: /home/rl-public/workspace/ros_ur_driver/install/ur_moveit_config/local/lib/python3.10/dist-packages/ur_moveit_config-2.2.16-py3.10.egg-info/PKG-INFO
[0.878s] -- Installing: /home/rl-public/workspace/ros_ur_driver/install/ur_moveit_config/local/lib/python3.10/dist-packages/ur_moveit_config-2.2.16-py3.10.egg-info/dependency_links.txt
[0.878s] -- Installing: /home/rl-public/workspace/ros_ur_driver/install/ur_moveit_config/local/lib/python3.10/dist-packages/ur_moveit_config-2.2.16-py3.10.egg-info/SOURCES.txt
[0.878s] -- Installing: /home/rl-public/workspace/ros_ur_driver/install/ur_moveit_config/local/lib/python3.10/dist-packages/ur_moveit_config-2.2.16-py3.10.egg-info/top_level.txt
[0.878s] -- Installing: /home/rl-public/workspace/ros_ur_driver/install/ur_moveit_config/local/lib/python3.10/dist-packages/ur_moveit_config
[0.878s] -- Installing: /home/rl-public/workspace/ros_ur_driver/install/ur_moveit_config/local/lib/python3.10/dist-packages/ur_moveit_config/launch_common.py
[0.878s] -- Installing: /home/rl-public/workspace/ros_ur_driver/install/ur_moveit_config/local/lib/python3.10/dist-packages/ur_moveit_config/__init__.py
[0.903s] Listing '/home/rl-public/workspace/ros_ur_driver/install/ur_moveit_config/local/lib/python3.10/dist-packages/ur_moveit_config'...
[0.903s] Compiling '/home/rl-public/workspace/ros_ur_driver/install/ur_moveit_config/local/lib/python3.10/dist-packages/ur_moveit_config/__init__.py'...
[0.903s] Compiling '/home/rl-public/workspace/ros_ur_driver/install/ur_moveit_config/local/lib/python3.10/dist-packages/ur_moveit_config/launch_common.py'...
[0.908s] -- Installing: /home/rl-public/workspace/ros_ur_driver/install/ur_moveit_config/local/lib/python3.10/dist-packages/launch_common.py
[0.932s] Compiling '/home/rl-public/workspace/ros_ur_driver/install/ur_moveit_config/local/lib/python3.10/dist-packages/launch_common.py'...
[0.935s] -- Installing: /home/rl-public/workspace/ros_ur_driver/install/ur_moveit_config/share/ament_index/resource_index/package_run_dependencies/ur_moveit_config
[0.935s] -- Installing: /home/rl-public/workspace/ros_ur_driver/install/ur_moveit_config/share/ament_index/resource_index/parent_prefix_path/ur_moveit_config
[0.936s] -- Installing: /home/rl-public/workspace/ros_ur_driver/install/ur_moveit_config/share/ur_moveit_config/environment/ament_prefix_path.sh
[0.936s] -- Installing: /home/rl-public/workspace/ros_ur_driver/install/ur_moveit_config/share/ur_moveit_config/environment/ament_prefix_path.dsv
[0.936s] -- Installing: /home/rl-public/workspace/ros_ur_driver/install/ur_moveit_config/share/ur_moveit_config/environment/path.sh
[0.936s] -- Installing: /home/rl-public/workspace/ros_ur_driver/install/ur_moveit_config/share/ur_moveit_config/environment/path.dsv
[0.936s] -- Installing: /home/rl-public/workspace/ros_ur_driver/install/ur_moveit_config/share/ur_moveit_config/local_setup.bash
[0.936s] -- Installing: /home/rl-public/workspace/ros_ur_driver/install/ur_moveit_config/share/ur_moveit_config/local_setup.sh
[0.936s] -- Installing: /home/rl-public/workspace/ros_ur_driver/install/ur_moveit_config/share/ur_moveit_config/local_setup.zsh
[0.937s] -- Installing: /home/rl-public/workspace/ros_ur_driver/install/ur_moveit_config/share/ur_moveit_config/local_setup.dsv
[0.937s] -- Installing: /home/rl-public/workspace/ros_ur_driver/install/ur_moveit_config/share/ur_moveit_config/package.dsv
[0.937s] -- Installing: /home/rl-public/workspace/ros_ur_driver/install/ur_moveit_config/share/ament_index/resource_index/packages/ur_moveit_config
[0.937s] -- Installing: /home/rl-public/workspace/ros_ur_driver/install/ur_moveit_config/share/ur_moveit_config/cmake/ur_moveit_configConfig.cmake
[0.937s] -- Installing: /home/rl-public/workspace/ros_ur_driver/install/ur_moveit_config/share/ur_moveit_config/cmake/ur_moveit_configConfig-version.cmake
[0.937s] -- Installing: /home/rl-public/workspace/ros_ur_driver/install/ur_moveit_config/share/ur_moveit_config/package.xml
[0.939s] Invoked command in '/home/rl-public/workspace/ros_ur_driver/build/ur_moveit_config' returned '0': AMENT_PREFIX_PATH=/home/rl-public/workspace/ros_ur_driver/install/ur_description:${AMENT_PREFIX_PATH} CMAKE_PREFIX_PATH=/home/rl-public/workspace/ros_ur_driver/install/ur_description:/opt/ros/humble /usr/bin/cmake --install /home/rl-public/workspace/ros_ur_driver/build/ur_moveit_config
