running develop
running egg_info
creating ur3_rl.egg-info
writing ur3_rl.egg-info/PKG-INFO
writing dependency_links to ur3_rl.egg-info/dependency_links.txt
writing entry points to ur3_rl.egg-info/entry_points.txt
writing requirements to ur3_rl.egg-info/requires.txt
writing top-level names to ur3_rl.egg-info/top_level.txt
writing manifest file 'ur3_rl.egg-info/SOURCES.txt'
reading manifest file 'ur3_rl.egg-info/SOURCES.txt'
writing manifest file 'ur3_rl.egg-info/SOURCES.txt'
running build_ext
Creating /home/rl-public/workspace/install/ur3_rl/lib/python3.10/site-packages/ur3-rl.egg-link (link to .)
Installing evaluate_ur3 script to /home/rl-public/workspace/install/ur3_rl/lib/ur3_rl

Installed /home/rl-public/workspace/build/ur3_rl
running symlink_data
creating /home/rl-public/workspace/install/ur3_rl/share
creating /home/rl-public/workspace/install/ur3_rl/share/ament_index
creating /home/rl-public/workspace/install/ur3_rl/share/ament_index/resource_index
creating /home/rl-public/workspace/install/ur3_rl/share/ament_index/resource_index/packages
symbolically linking /home/rl-public/workspace/build/ur3_rl/resource/ur3_rl -> /home/rl-public/workspace/install/ur3_rl/share/ament_index/resource_index/packages
creating /home/rl-public/workspace/install/ur3_rl/share/ur3_rl
symbolically linking /home/rl-public/workspace/build/ur3_rl/package.xml -> /home/rl-public/workspace/install/ur3_rl/share/ur3_rl
