[0.924s] Invoking command in '/home/rl-public/workspace/build/ur3_rl': PYTHONPATH=/home/rl-public/workspace/build/ur3_rl/prefix_override:/usr/lib/python3/dist-packages/colcon_core/task/python/colcon_distutils_commands:/home/rl-public/workspace/install/ur3_rl/lib/python3.10/site-packages:${PYTHONPATH} /usr/bin/python3 -W ignore:setup.py install is deprecated setup.py develop --editable --build-directory /home/rl-public/workspace/build/ur3_rl/build --no-deps symlink_data
[1.397s] running develop
[1.398s] /usr/lib/python3/dist-packages/setuptools/command/easy_install.py:158: EasyInstallDeprecationWarning: easy_install command is deprecated. Use build and pip and other standards-based tools.
[1.398s]   warnings.warn(
[1.884s] running egg_info
[1.884s] creating ur3_rl.egg-info
[1.884s] writing ur3_rl.egg-info/PKG-INFO
[1.884s] writing dependency_links to ur3_rl.egg-info/dependency_links.txt
[1.884s] writing entry points to ur3_rl.egg-info/entry_points.txt
[1.885s] writing requirements to ur3_rl.egg-info/requires.txt
[1.885s] writing top-level names to ur3_rl.egg-info/top_level.txt
[1.885s] writing manifest file 'ur3_rl.egg-info/SOURCES.txt'
[1.893s] reading manifest file 'ur3_rl.egg-info/SOURCES.txt'
[1.894s] writing manifest file 'ur3_rl.egg-info/SOURCES.txt'
[1.900s] running build_ext
[1.900s] Creating /home/rl-public/workspace/install/ur3_rl/lib/python3.10/site-packages/ur3-rl.egg-link (link to .)
[1.902s] Installing evaluate_ur3 script to /home/rl-public/workspace/install/ur3_rl/lib/ur3_rl
[1.902s] 
[1.902s] Installed /home/rl-public/workspace/build/ur3_rl
[1.902s] running symlink_data
[1.902s] creating /home/rl-public/workspace/install/ur3_rl/share
[1.902s] creating /home/rl-public/workspace/install/ur3_rl/share/ament_index
[1.902s] creating /home/rl-public/workspace/install/ur3_rl/share/ament_index/resource_index
[1.903s] creating /home/rl-public/workspace/install/ur3_rl/share/ament_index/resource_index/packages
[1.903s] symbolically linking /home/rl-public/workspace/build/ur3_rl/resource/ur3_rl -> /home/rl-public/workspace/install/ur3_rl/share/ament_index/resource_index/packages
[1.903s] creating /home/rl-public/workspace/install/ur3_rl/share/ur3_rl
[1.905s] symbolically linking /home/rl-public/workspace/build/ur3_rl/package.xml -> /home/rl-public/workspace/install/ur3_rl/share/ur3_rl
[2.030s] Invoked command in '/home/rl-public/workspace/build/ur3_rl' returned '0': PYTHONPATH=/home/rl-public/workspace/build/ur3_rl/prefix_override:/usr/lib/python3/dist-packages/colcon_core/task/python/colcon_distutils_commands:/home/rl-public/workspace/install/ur3_rl/lib/python3.10/site-packages:${PYTHONPATH} /usr/bin/python3 -W ignore:setup.py install is deprecated setup.py develop --editable --build-directory /home/rl-public/workspace/build/ur3_rl/build --no-deps symlink_data
