[0.011s] Invoking command in '/home/rl-public/workspace/ros_ur_driver/build/ur_calibration': AMENT_PREFIX_PATH=/home/rl-public/workspace/ros_ur_driver/install/ur_robot_driver:/home/rl-public/workspace/ros_ur_driver/install/ur_controllers:/home/rl-public/workspace/ros_ur_driver/install/ur_description:/home/rl-public/workspace/ros_ur_driver/install/ur_dashboard_msgs:${AMENT_PREFIX_PATH} CMAKE_PREFIX_PATH=/home/rl-public/workspace/ros_ur_driver/install/ur_robot_driver:/home/rl-public/workspace/ros_ur_driver/install/ur_controllers:/home/rl-public/workspace/ros_ur_driver/install/ur_description:/home/rl-public/workspace/ros_ur_driver/install/ur_dashboard_msgs:/opt/ros/humble LD_LIBRARY_PATH=/home/rl-public/workspace/ros_ur_driver/install/ur_robot_driver/lib:/home/rl-public/workspace/ros_ur_driver/install/ur_controllers/lib:/home/rl-public/workspace/ros_ur_driver/install/ur_dashboard_msgs/lib:${LD_LIBRARY_PATH} PATH=/home/rl-public/workspace/ros_ur_driver/install/ur_robot_driver/bin:${PATH} PYTHONPATH=/home/rl-public/workspace/ros_ur_driver/install/ur_robot_driver/local/lib/python3.10/dist-packages:/home/rl-public/workspace/ros_ur_driver/install/ur_dashboard_msgs/local/lib/python3.10/dist-packages:${PYTHONPATH} /usr/bin/cmake /home/rl-public/workspace/ros_ur_driver/src/Universal_Robots_ROS2_Driver/ur_calibration -DCMAKE_BUILD_TYPE=Release -DCMAKE_INSTALL_PREFIX=/home/rl-public/workspace/ros_ur_driver/install/ur_calibration
[0.058s] -- The C compiler identification is GNU 11.4.0
[0.108s] -- The CXX compiler identification is GNU 11.4.0
[0.117s] -- Detecting C compiler ABI info
[0.184s] -- Detecting C compiler ABI info - done
[0.190s] -- Check for working C compiler: /usr/bin/cc - skipped
[0.191s] -- Detecting C compile features
[0.191s] -- Detecting C compile features - done
[0.193s] -- Detecting CXX compiler ABI info
[0.261s] -- Detecting CXX compiler ABI info - done
[0.267s] -- Check for working CXX compiler: /usr/bin/c++ - skipped
[0.267s] -- Detecting CXX compile features
[0.268s] -- Detecting CXX compile features - done
[0.270s] -- Found ament_cmake: 1.3.10 (/opt/ros/humble/share/ament_cmake/cmake)
[0.398s] -- Found Python3: /usr/bin/python3 (found version "3.10.12") found components: Interpreter 
[0.479s] -- Found rclcpp: 16.0.10 (/opt/ros/humble/share/rclcpp/cmake)
[0.514s] -- Found rosidl_generator_c: 3.1.5 (/opt/ros/humble/share/rosidl_generator_c/cmake)
[0.518s] -- Found rosidl_adapter: 3.1.5 (/opt/ros/humble/share/rosidl_adapter/cmake)
[0.525s] -- Found rosidl_generator_cpp: 3.1.5 (/opt/ros/humble/share/rosidl_generator_cpp/cmake)
[0.535s] -- Using all available rosidl_typesupport_c: rosidl_typesupport_fastrtps_c;rosidl_typesupport_introspection_c
[0.548s] -- Using all available rosidl_typesupport_cpp: rosidl_typesupport_fastrtps_cpp;rosidl_typesupport_introspection_cpp
[0.586s] -- Found rmw_implementation_cmake: 6.1.2 (/opt/ros/humble/share/rmw_implementation_cmake/cmake)
[0.588s] -- Found rmw_fastrtps_cpp: 6.2.7 (/opt/ros/humble/share/rmw_fastrtps_cpp/cmake)
[0.665s] -- Found OpenSSL: /usr/lib/x86_64-linux-gnu/libcrypto.so (found version "3.0.2")  
[0.690s] -- Found FastRTPS: /opt/ros/humble/include  
[0.725s] -- Using RMW implementation 'rmw_fastrtps_cpp' as default
[0.732s] -- Looking for pthread.h
[0.796s] -- Looking for pthread.h - found
[0.796s] -- Performing Test CMAKE_HAVE_LIBC_PTHREAD
[0.862s] -- Performing Test CMAKE_HAVE_LIBC_PTHREAD - Success
[0.864s] -- Found Threads: TRUE  
[0.906s] -- Found ur_robot_driver: 2.2.16 (/home/rl-public/workspace/ros_ur_driver/install/ur_robot_driver/share/ur_robot_driver/cmake)
[1.102s] -- Found eigen3_cmake_module: 0.1.1 (/opt/ros/humble/share/eigen3_cmake_module/cmake)
[1.103s] -- Found Eigen3: TRUE (found version "3.4.0") 
[1.103s] -- Ensuring Eigen3 include directory is part of orocos-kdl CMake target
[1.223s] -- Found ament_cmake_gmock: 1.3.10 (/opt/ros/humble/share/ament_cmake_gmock/cmake)
[1.225s] -- Found gmock sources under '/opt/ros/humble/src/gmock_vendor': C++ tests using 'Google Mock' will be built
[1.230s] -- Found ament_cmake_gtest: 1.3.10 (/opt/ros/humble/share/ament_cmake_gtest/cmake)
[1.230s] -- Found gtest sources under '/opt/ros/humble/src/gtest_vendor': C++ tests using 'Google Test' will be built
[1.287s] -- Configuring done
[1.352s] -- Generating done
[1.354s] -- Build files have been written to: /home/rl-public/workspace/ros_ur_driver/build/ur_calibration
[1.370s] Invoked command in '/home/rl-public/workspace/ros_ur_driver/build/ur_calibration' returned '0': AMENT_PREFIX_PATH=/home/rl-public/workspace/ros_ur_driver/install/ur_robot_driver:/home/rl-public/workspace/ros_ur_driver/install/ur_controllers:/home/rl-public/workspace/ros_ur_driver/install/ur_description:/home/rl-public/workspace/ros_ur_driver/install/ur_dashboard_msgs:${AMENT_PREFIX_PATH} CMAKE_PREFIX_PATH=/home/rl-public/workspace/ros_ur_driver/install/ur_robot_driver:/home/rl-public/workspace/ros_ur_driver/install/ur_controllers:/home/rl-public/workspace/ros_ur_driver/install/ur_description:/home/rl-public/workspace/ros_ur_driver/install/ur_dashboard_msgs:/opt/ros/humble LD_LIBRARY_PATH=/home/rl-public/workspace/ros_ur_driver/install/ur_robot_driver/lib:/home/rl-public/workspace/ros_ur_driver/install/ur_controllers/lib:/home/rl-public/workspace/ros_ur_driver/install/ur_dashboard_msgs/lib:${LD_LIBRARY_PATH} PATH=/home/rl-public/workspace/ros_ur_driver/install/ur_robot_driver/bin:${PATH} PYTHONPATH=/home/rl-public/workspace/ros_ur_driver/install/ur_robot_driver/local/lib/python3.10/dist-packages:/home/rl-public/workspace/ros_ur_driver/install/ur_dashboard_msgs/local/lib/python3.10/dist-packages:${PYTHONPATH} /usr/bin/cmake /home/rl-public/workspace/ros_ur_driver/src/Universal_Robots_ROS2_Driver/ur_calibration -DCMAKE_BUILD_TYPE=Release -DCMAKE_INSTALL_PREFIX=/home/rl-public/workspace/ros_ur_driver/install/ur_calibration
[1.371s] Invoking command in '/home/rl-public/workspace/ros_ur_driver/build/ur_calibration': AMENT_PREFIX_PATH=/home/rl-public/workspace/ros_ur_driver/install/ur_robot_driver:/home/rl-public/workspace/ros_ur_driver/install/ur_controllers:/home/rl-public/workspace/ros_ur_driver/install/ur_description:/home/rl-public/workspace/ros_ur_driver/install/ur_dashboard_msgs:${AMENT_PREFIX_PATH} CMAKE_PREFIX_PATH=/home/rl-public/workspace/ros_ur_driver/install/ur_robot_driver:/home/rl-public/workspace/ros_ur_driver/install/ur_controllers:/home/rl-public/workspace/ros_ur_driver/install/ur_description:/home/rl-public/workspace/ros_ur_driver/install/ur_dashboard_msgs:/opt/ros/humble LD_LIBRARY_PATH=/home/rl-public/workspace/ros_ur_driver/install/ur_robot_driver/lib:/home/rl-public/workspace/ros_ur_driver/install/ur_controllers/lib:/home/rl-public/workspace/ros_ur_driver/install/ur_dashboard_msgs/lib:${LD_LIBRARY_PATH} PATH=/home/rl-public/workspace/ros_ur_driver/install/ur_robot_driver/bin:${PATH} PYTHONPATH=/home/rl-public/workspace/ros_ur_driver/install/ur_robot_driver/local/lib/python3.10/dist-packages:/home/rl-public/workspace/ros_ur_driver/install/ur_dashboard_msgs/local/lib/python3.10/dist-packages:${PYTHONPATH} /usr/bin/cmake --build /home/rl-public/workspace/ros_ur_driver/build/ur_calibration -- -j20 -l20
[1.414s] [ 41%] [32mBuilding CXX object CMakeFiles/calibration.dir/src/calibration.cpp.o[0m
[1.414s] [ 41%] [32mBuilding CXX object gmock/CMakeFiles/gmock_main.dir/src/gmock_main.cc.o[0m
[1.414s] [ 41%] [32mBuilding CXX object gmock/CMakeFiles/gmock.dir/src/gmock-all.cc.o[0m
[1.414s] [ 41%] [32mBuilding CXX object gmock/CMakeFiles/gmock.dir/opt/ros/humble/src/gtest_vendor/src/gtest-all.cc.o[0m
[1.414s] [ 41%] [32mBuilding CXX object CMakeFiles/calibration.dir/src/calibration_consumer.cpp.o[0m
[2.481s] [ 50%] [32m[1mLinking CXX static library libgmock_main.a[0m
[2.509s] [ 50%] Built target gmock_main
[7.117s] [ 58%] [32m[1mLinking CXX static library libcalibration.a[0m
[7.146s] [ 58%] Built target calibration
[7.165s] [ 66%] [32mBuilding CXX object CMakeFiles/calibration_correction.dir/src/calibration_correction.cpp.o[0m
[7.796s] [ 75%] [32m[1mLinking CXX static library libgmock.a[0m
[7.828s] [ 75%] Built target gmock
[7.846s] [ 83%] [32mBuilding CXX object CMakeFiles/calibration_test.dir/test/calibration_test.cpp.o[0m
[11.898s] [ 91%] [32m[1mLinking CXX executable calibration_correction[0m
[12.085s] [ 91%] Built target calibration_correction
[13.982s] [100%] [32m[1mLinking CXX executable calibration_test[0m
[14.162s] [100%] Built target calibration_test
[14.172s] Invoked command in '/home/rl-public/workspace/ros_ur_driver/build/ur_calibration' returned '0': AMENT_PREFIX_PATH=/home/rl-public/workspace/ros_ur_driver/install/ur_robot_driver:/home/rl-public/workspace/ros_ur_driver/install/ur_controllers:/home/rl-public/workspace/ros_ur_driver/install/ur_description:/home/rl-public/workspace/ros_ur_driver/install/ur_dashboard_msgs:${AMENT_PREFIX_PATH} CMAKE_PREFIX_PATH=/home/rl-public/workspace/ros_ur_driver/install/ur_robot_driver:/home/rl-public/workspace/ros_ur_driver/install/ur_controllers:/home/rl-public/workspace/ros_ur_driver/install/ur_description:/home/rl-public/workspace/ros_ur_driver/install/ur_dashboard_msgs:/opt/ros/humble LD_LIBRARY_PATH=/home/rl-public/workspace/ros_ur_driver/install/ur_robot_driver/lib:/home/rl-public/workspace/ros_ur_driver/install/ur_controllers/lib:/home/rl-public/workspace/ros_ur_driver/install/ur_dashboard_msgs/lib:${LD_LIBRARY_PATH} PATH=/home/rl-public/workspace/ros_ur_driver/install/ur_robot_driver/bin:${PATH} PYTHONPATH=/home/rl-public/workspace/ros_ur_driver/install/ur_robot_driver/local/lib/python3.10/dist-packages:/home/rl-public/workspace/ros_ur_driver/install/ur_dashboard_msgs/local/lib/python3.10/dist-packages:${PYTHONPATH} /usr/bin/cmake --build /home/rl-public/workspace/ros_ur_driver/build/ur_calibration -- -j20 -l20
[14.210s] Invoking command in '/home/rl-public/workspace/ros_ur_driver/build/ur_calibration': AMENT_PREFIX_PATH=/home/rl-public/workspace/ros_ur_driver/install/ur_robot_driver:/home/rl-public/workspace/ros_ur_driver/install/ur_controllers:/home/rl-public/workspace/ros_ur_driver/install/ur_description:/home/rl-public/workspace/ros_ur_driver/install/ur_dashboard_msgs:${AMENT_PREFIX_PATH} CMAKE_PREFIX_PATH=/home/rl-public/workspace/ros_ur_driver/install/ur_robot_driver:/home/rl-public/workspace/ros_ur_driver/install/ur_controllers:/home/rl-public/workspace/ros_ur_driver/install/ur_description:/home/rl-public/workspace/ros_ur_driver/install/ur_dashboard_msgs:/opt/ros/humble LD_LIBRARY_PATH=/home/rl-public/workspace/ros_ur_driver/install/ur_robot_driver/lib:/home/rl-public/workspace/ros_ur_driver/install/ur_controllers/lib:/home/rl-public/workspace/ros_ur_driver/install/ur_dashboard_msgs/lib:${LD_LIBRARY_PATH} PATH=/home/rl-public/workspace/ros_ur_driver/install/ur_robot_driver/bin:${PATH} PYTHONPATH=/home/rl-public/workspace/ros_ur_driver/install/ur_robot_driver/local/lib/python3.10/dist-packages:/home/rl-public/workspace/ros_ur_driver/install/ur_dashboard_msgs/local/lib/python3.10/dist-packages:${PYTHONPATH} /usr/bin/cmake --install /home/rl-public/workspace/ros_ur_driver/build/ur_calibration
[14.216s] -- Install configuration: "Release"
[14.216s] -- Installing: /home/rl-public/workspace/ros_ur_driver/install/ur_calibration/lib/ur_calibration/calibration_correction
[14.216s] -- Set runtime path of "/home/rl-public/workspace/ros_ur_driver/install/ur_calibration/lib/ur_calibration/calibration_correction" to ""
[14.217s] -- Installing: /home/rl-public/workspace/ros_ur_driver/install/ur_calibration/include
[14.217s] -- Installing: /home/rl-public/workspace/ros_ur_driver/install/ur_calibration/include/ur_calibration
[14.217s] -- Installing: /home/rl-public/workspace/ros_ur_driver/install/ur_calibration/include/ur_calibration/calibration.hpp
[14.217s] -- Installing: /home/rl-public/workspace/ros_ur_driver/install/ur_calibration/include/ur_calibration/calibration_consumer.hpp
[14.217s] -- Installing: /home/rl-public/workspace/ros_ur_driver/install/ur_calibration/share/ur_calibration/launch
[14.217s] -- Installing: /home/rl-public/workspace/ros_ur_driver/install/ur_calibration/share/ur_calibration/launch/calibration_correction.launch.py
[14.217s] -- Installing: /home/rl-public/workspace/ros_ur_driver/install/ur_calibration/share/ament_index/resource_index/package_run_dependencies/ur_calibration
[14.217s] -- Installing: /home/rl-public/workspace/ros_ur_driver/install/ur_calibration/share/ament_index/resource_index/parent_prefix_path/ur_calibration
[14.217s] -- Installing: /home/rl-public/workspace/ros_ur_driver/install/ur_calibration/share/ur_calibration/environment/ament_prefix_path.sh
[14.217s] -- Installing: /home/rl-public/workspace/ros_ur_driver/install/ur_calibration/share/ur_calibration/environment/ament_prefix_path.dsv
[14.217s] -- Installing: /home/rl-public/workspace/ros_ur_driver/install/ur_calibration/share/ur_calibration/environment/path.sh
[14.217s] -- Installing: /home/rl-public/workspace/ros_ur_driver/install/ur_calibration/share/ur_calibration/environment/path.dsv
[14.217s] -- Installing: /home/rl-public/workspace/ros_ur_driver/install/ur_calibration/share/ur_calibration/local_setup.bash
[14.217s] -- Installing: /home/rl-public/workspace/ros_ur_driver/install/ur_calibration/share/ur_calibration/local_setup.sh
[14.218s] -- Installing: /home/rl-public/workspace/ros_ur_driver/install/ur_calibration/share/ur_calibration/local_setup.zsh
[14.218s] -- Installing: /home/rl-public/workspace/ros_ur_driver/install/ur_calibration/share/ur_calibration/local_setup.dsv
[14.218s] -- Installing: /home/rl-public/workspace/ros_ur_driver/install/ur_calibration/share/ur_calibration/package.dsv
[14.218s] -- Installing: /home/rl-public/workspace/ros_ur_driver/install/ur_calibration/share/ament_index/resource_index/packages/ur_calibration
[14.218s] -- Installing: /home/rl-public/workspace/ros_ur_driver/install/ur_calibration/share/ur_calibration/cmake/ament_cmake_export_include_directories-extras.cmake
[14.218s] -- Installing: /home/rl-public/workspace/ros_ur_driver/install/ur_calibration/share/ur_calibration/cmake/ament_cmake_export_dependencies-extras.cmake
[14.218s] -- Installing: /home/rl-public/workspace/ros_ur_driver/install/ur_calibration/share/ur_calibration/cmake/ur_calibrationConfig.cmake
[14.218s] -- Installing: /home/rl-public/workspace/ros_ur_driver/install/ur_calibration/share/ur_calibration/cmake/ur_calibrationConfig-version.cmake
[14.218s] -- Installing: /home/rl-public/workspace/ros_ur_driver/install/ur_calibration/share/ur_calibration/package.xml
[14.220s] Invoked command in '/home/rl-public/workspace/ros_ur_driver/build/ur_calibration' returned '0': AMENT_PREFIX_PATH=/home/rl-public/workspace/ros_ur_driver/install/ur_robot_driver:/home/rl-public/workspace/ros_ur_driver/install/ur_controllers:/home/rl-public/workspace/ros_ur_driver/install/ur_description:/home/rl-public/workspace/ros_ur_driver/install/ur_dashboard_msgs:${AMENT_PREFIX_PATH} CMAKE_PREFIX_PATH=/home/rl-public/workspace/ros_ur_driver/install/ur_robot_driver:/home/rl-public/workspace/ros_ur_driver/install/ur_controllers:/home/rl-public/workspace/ros_ur_driver/install/ur_description:/home/rl-public/workspace/ros_ur_driver/install/ur_dashboard_msgs:/opt/ros/humble LD_LIBRARY_PATH=/home/rl-public/workspace/ros_ur_driver/install/ur_robot_driver/lib:/home/rl-public/workspace/ros_ur_driver/install/ur_controllers/lib:/home/rl-public/workspace/ros_ur_driver/install/ur_dashboard_msgs/lib:${LD_LIBRARY_PATH} PATH=/home/rl-public/workspace/ros_ur_driver/install/ur_robot_driver/bin:${PATH} PYTHONPATH=/home/rl-public/workspace/ros_ur_driver/install/ur_robot_driver/local/lib/python3.10/dist-packages:/home/rl-public/workspace/ros_ur_driver/install/ur_dashboard_msgs/local/lib/python3.10/dist-packages:${PYTHONPATH} /usr/bin/cmake --install /home/rl-public/workspace/ros_ur_driver/build/ur_calibration
