[0.008s] Invoking command in '/home/rl-public/workspace/ros_ur_driver/build/ur_bringup': AMENT_PREFIX_PATH=/home/rl-public/workspace/ros_ur_driver/install/ur_controllers:/home/rl-public/workspace/ros_ur_driver/install/ur_description:/home/rl-public/workspace/ros_ur_driver/install/ur_dashboard_msgs:${AMENT_PREFIX_PATH} CMAKE_PREFIX_PATH=/home/rl-public/workspace/ros_ur_driver/install/ur_controllers:/home/rl-public/workspace/ros_ur_driver/install/ur_description:/home/rl-public/workspace/ros_ur_driver/install/ur_dashboard_msgs:/opt/ros/humble LD_LIBRARY_PATH=/home/rl-public/workspace/ros_ur_driver/install/ur_controllers/lib:/home/rl-public/workspace/ros_ur_driver/install/ur_dashboard_msgs/lib:${LD_LIBRARY_PATH} PYTHONPATH=/home/rl-public/workspace/ros_ur_driver/install/ur_dashboard_msgs/local/lib/python3.10/dist-packages:${PYTHONPATH} /usr/bin/cmake /home/rl-public/workspace/ros_ur_driver/src/Universal_Robots_ROS2_Driver/ur_bringup -DCMAKE_BUILD_TYPE=Release -DCMAKE_INSTALL_PREFIX=/home/rl-public/workspace/ros_ur_driver/install/ur_bringup
[0.049s] -- The C compiler identification is GNU 11.4.0
[0.093s] -- The CXX compiler identification is GNU 11.4.0
[0.099s] -- Detecting C compiler ABI info
[0.153s] -- Detecting C compiler ABI info - done
[0.159s] -- Check for working C compiler: /usr/bin/cc - skipped
[0.159s] -- Detecting C compile features
[0.159s] -- Detecting C compile features - done
[0.161s] -- Detecting CXX compiler ABI info
[0.224s] -- Detecting CXX compiler ABI info - done
[0.230s] -- Check for working CXX compiler: /usr/bin/c++ - skipped
[0.230s] -- Detecting CXX compile features
[0.231s] -- Detecting CXX compile features - done
[0.232s] -- Found ament_cmake: 1.3.10 (/opt/ros/humble/share/ament_cmake/cmake)
[0.355s] -- Found Python3: /usr/bin/python3 (found version "3.10.12") found components: Interpreter 
[0.486s] -- Configuring done
[0.487s] -- Generating done
[0.488s] -- Build files have been written to: /home/rl-public/workspace/ros_ur_driver/build/ur_bringup
[0.493s] Invoked command in '/home/rl-public/workspace/ros_ur_driver/build/ur_bringup' returned '0': AMENT_PREFIX_PATH=/home/rl-public/workspace/ros_ur_driver/install/ur_controllers:/home/rl-public/workspace/ros_ur_driver/install/ur_description:/home/rl-public/workspace/ros_ur_driver/install/ur_dashboard_msgs:${AMENT_PREFIX_PATH} CMAKE_PREFIX_PATH=/home/rl-public/workspace/ros_ur_driver/install/ur_controllers:/home/rl-public/workspace/ros_ur_driver/install/ur_description:/home/rl-public/workspace/ros_ur_driver/install/ur_dashboard_msgs:/opt/ros/humble LD_LIBRARY_PATH=/home/rl-public/workspace/ros_ur_driver/install/ur_controllers/lib:/home/rl-public/workspace/ros_ur_driver/install/ur_dashboard_msgs/lib:${LD_LIBRARY_PATH} PYTHONPATH=/home/rl-public/workspace/ros_ur_driver/install/ur_dashboard_msgs/local/lib/python3.10/dist-packages:${PYTHONPATH} /usr/bin/cmake /home/rl-public/workspace/ros_ur_driver/src/Universal_Robots_ROS2_Driver/ur_bringup -DCMAKE_BUILD_TYPE=Release -DCMAKE_INSTALL_PREFIX=/home/rl-public/workspace/ros_ur_driver/install/ur_bringup
[0.494s] Invoking command in '/home/rl-public/workspace/ros_ur_driver/build/ur_bringup': AMENT_PREFIX_PATH=/home/rl-public/workspace/ros_ur_driver/install/ur_controllers:/home/rl-public/workspace/ros_ur_driver/install/ur_description:/home/rl-public/workspace/ros_ur_driver/install/ur_dashboard_msgs:${AMENT_PREFIX_PATH} CMAKE_PREFIX_PATH=/home/rl-public/workspace/ros_ur_driver/install/ur_controllers:/home/rl-public/workspace/ros_ur_driver/install/ur_description:/home/rl-public/workspace/ros_ur_driver/install/ur_dashboard_msgs:/opt/ros/humble LD_LIBRARY_PATH=/home/rl-public/workspace/ros_ur_driver/install/ur_controllers/lib:/home/rl-public/workspace/ros_ur_driver/install/ur_dashboard_msgs/lib:${LD_LIBRARY_PATH} PYTHONPATH=/home/rl-public/workspace/ros_ur_driver/install/ur_dashboard_msgs/local/lib/python3.10/dist-packages:${PYTHONPATH} /usr/bin/cmake --build /home/rl-public/workspace/ros_ur_driver/build/ur_bringup -- -j20 -l20
[0.526s] Invoked command in '/home/rl-public/workspace/ros_ur_driver/build/ur_bringup' returned '0': AMENT_PREFIX_PATH=/home/rl-public/workspace/ros_ur_driver/install/ur_controllers:/home/rl-public/workspace/ros_ur_driver/install/ur_description:/home/rl-public/workspace/ros_ur_driver/install/ur_dashboard_msgs:${AMENT_PREFIX_PATH} CMAKE_PREFIX_PATH=/home/rl-public/workspace/ros_ur_driver/install/ur_controllers:/home/rl-public/workspace/ros_ur_driver/install/ur_description:/home/rl-public/workspace/ros_ur_driver/install/ur_dashboard_msgs:/opt/ros/humble LD_LIBRARY_PATH=/home/rl-public/workspace/ros_ur_driver/install/ur_controllers/lib:/home/rl-public/workspace/ros_ur_driver/install/ur_dashboard_msgs/lib:${LD_LIBRARY_PATH} PYTHONPATH=/home/rl-public/workspace/ros_ur_driver/install/ur_dashboard_msgs/local/lib/python3.10/dist-packages:${PYTHONPATH} /usr/bin/cmake --build /home/rl-public/workspace/ros_ur_driver/build/ur_bringup -- -j20 -l20
[0.543s] Invoking command in '/home/rl-public/workspace/ros_ur_driver/build/ur_bringup': AMENT_PREFIX_PATH=/home/rl-public/workspace/ros_ur_driver/install/ur_controllers:/home/rl-public/workspace/ros_ur_driver/install/ur_description:/home/rl-public/workspace/ros_ur_driver/install/ur_dashboard_msgs:${AMENT_PREFIX_PATH} CMAKE_PREFIX_PATH=/home/rl-public/workspace/ros_ur_driver/install/ur_controllers:/home/rl-public/workspace/ros_ur_driver/install/ur_description:/home/rl-public/workspace/ros_ur_driver/install/ur_dashboard_msgs:/opt/ros/humble LD_LIBRARY_PATH=/home/rl-public/workspace/ros_ur_driver/install/ur_controllers/lib:/home/rl-public/workspace/ros_ur_driver/install/ur_dashboard_msgs/lib:${LD_LIBRARY_PATH} PYTHONPATH=/home/rl-public/workspace/ros_ur_driver/install/ur_dashboard_msgs/local/lib/python3.10/dist-packages:${PYTHONPATH} /usr/bin/cmake --install /home/rl-public/workspace/ros_ur_driver/build/ur_bringup
[0.548s] -- Install configuration: "Release"
[0.548s] -- Installing: /home/rl-public/workspace/ros_ur_driver/install/ur_bringup/share/ur_bringup/config
[0.548s] -- Installing: /home/rl-public/workspace/ros_ur_driver/install/ur_bringup/share/ur_bringup/config/ur10_update_rate.yaml
[0.548s] -- Installing: /home/rl-public/workspace/ros_ur_driver/install/ur_bringup/share/ur_bringup/config/ur16e_update_rate.yaml
[0.548s] -- Installing: /home/rl-public/workspace/ros_ur_driver/install/ur_bringup/share/ur_bringup/config/ur5_update_rate.yaml
[0.548s] -- Installing: /home/rl-public/workspace/ros_ur_driver/install/ur_bringup/share/ur_bringup/config/ur10e_update_rate.yaml
[0.548s] -- Installing: /home/rl-public/workspace/ros_ur_driver/install/ur_bringup/share/ur_bringup/config/ur_controllers.yaml
[0.548s] -- Installing: /home/rl-public/workspace/ros_ur_driver/install/ur_bringup/share/ur_bringup/config/ur5e_update_rate.yaml
[0.548s] -- Installing: /home/rl-public/workspace/ros_ur_driver/install/ur_bringup/share/ur_bringup/config/ur3e_update_rate.yaml
[0.548s] -- Installing: /home/rl-public/workspace/ros_ur_driver/install/ur_bringup/share/ur_bringup/config/test_velocity_goal_publishers_config.yaml
[0.549s] -- Installing: /home/rl-public/workspace/ros_ur_driver/install/ur_bringup/share/ur_bringup/config/ur3_update_rate.yaml
[0.549s] -- Installing: /home/rl-public/workspace/ros_ur_driver/install/ur_bringup/share/ur_bringup/config/test_goal_publishers_config.yaml
[0.549s] -- Installing: /home/rl-public/workspace/ros_ur_driver/install/ur_bringup/share/ur_bringup/launch
[0.549s] -- Installing: /home/rl-public/workspace/ros_ur_driver/install/ur_bringup/share/ur_bringup/launch/ur3e.launch.py
[0.549s] -- Installing: /home/rl-public/workspace/ros_ur_driver/install/ur_bringup/share/ur_bringup/launch/test_forward_velocity_controller.launch.py
[0.549s] -- Installing: /home/rl-public/workspace/ros_ur_driver/install/ur_bringup/share/ur_bringup/launch/ur_control.launch.py
[0.549s] -- Installing: /home/rl-public/workspace/ros_ur_driver/install/ur_bringup/share/ur_bringup/launch/ur_dashboard_client.launch.py
[0.549s] -- Installing: /home/rl-public/workspace/ros_ur_driver/install/ur_bringup/share/ur_bringup/launch/ur10e.launch.py
[0.549s] -- Installing: /home/rl-public/workspace/ros_ur_driver/install/ur_bringup/share/ur_bringup/launch/ur5.launch.py
[0.549s] -- Installing: /home/rl-public/workspace/ros_ur_driver/install/ur_bringup/share/ur_bringup/launch/ur16e.launch.py
[0.549s] -- Installing: /home/rl-public/workspace/ros_ur_driver/install/ur_bringup/share/ur_bringup/launch/test_scaled_joint_trajectory_controller.launch.py
[0.549s] -- Installing: /home/rl-public/workspace/ros_ur_driver/install/ur_bringup/share/ur_bringup/launch/test_joint_trajectory_controller.launch.py
[0.549s] -- Installing: /home/rl-public/workspace/ros_ur_driver/install/ur_bringup/share/ur_bringup/launch/ur3.launch.py
[0.549s] -- Installing: /home/rl-public/workspace/ros_ur_driver/install/ur_bringup/share/ur_bringup/launch/ur10.launch.py
[0.549s] -- Installing: /home/rl-public/workspace/ros_ur_driver/install/ur_bringup/share/ur_bringup/launch/ur5e.launch.py
[0.550s] -- Installing: /home/rl-public/workspace/ros_ur_driver/install/ur_bringup/lib/ur_bringup/start_ursim.sh
[0.550s] -- Installing: /home/rl-public/workspace/ros_ur_driver/install/ur_bringup/share/ament_index/resource_index/package_run_dependencies/ur_bringup
[0.550s] -- Installing: /home/rl-public/workspace/ros_ur_driver/install/ur_bringup/share/ament_index/resource_index/parent_prefix_path/ur_bringup
[0.550s] -- Installing: /home/rl-public/workspace/ros_ur_driver/install/ur_bringup/share/ur_bringup/environment/ament_prefix_path.sh
[0.550s] -- Installing: /home/rl-public/workspace/ros_ur_driver/install/ur_bringup/share/ur_bringup/environment/ament_prefix_path.dsv
[0.550s] -- Installing: /home/rl-public/workspace/ros_ur_driver/install/ur_bringup/share/ur_bringup/environment/path.sh
[0.550s] -- Installing: /home/rl-public/workspace/ros_ur_driver/install/ur_bringup/share/ur_bringup/environment/path.dsv
[0.550s] -- Installing: /home/rl-public/workspace/ros_ur_driver/install/ur_bringup/share/ur_bringup/local_setup.bash
[0.550s] -- Installing: /home/rl-public/workspace/ros_ur_driver/install/ur_bringup/share/ur_bringup/local_setup.sh
[0.551s] -- Installing: /home/rl-public/workspace/ros_ur_driver/install/ur_bringup/share/ur_bringup/local_setup.zsh
[0.551s] -- Installing: /home/rl-public/workspace/ros_ur_driver/install/ur_bringup/share/ur_bringup/local_setup.dsv
[0.551s] -- Installing: /home/rl-public/workspace/ros_ur_driver/install/ur_bringup/share/ur_bringup/package.dsv
[0.551s] -- Installing: /home/rl-public/workspace/ros_ur_driver/install/ur_bringup/share/ament_index/resource_index/packages/ur_bringup
[0.551s] -- Installing: /home/rl-public/workspace/ros_ur_driver/install/ur_bringup/share/ur_bringup/cmake/ur_bringupConfig.cmake
[0.551s] -- Installing: /home/rl-public/workspace/ros_ur_driver/install/ur_bringup/share/ur_bringup/cmake/ur_bringupConfig-version.cmake
[0.551s] -- Installing: /home/rl-public/workspace/ros_ur_driver/install/ur_bringup/share/ur_bringup/package.xml
[0.553s] Invoked command in '/home/rl-public/workspace/ros_ur_driver/build/ur_bringup' returned '0': AMENT_PREFIX_PATH=/home/rl-public/workspace/ros_ur_driver/install/ur_controllers:/home/rl-public/workspace/ros_ur_driver/install/ur_description:/home/rl-public/workspace/ros_ur_driver/install/ur_dashboard_msgs:${AMENT_PREFIX_PATH} CMAKE_PREFIX_PATH=/home/rl-public/workspace/ros_ur_driver/install/ur_controllers:/home/rl-public/workspace/ros_ur_driver/install/ur_description:/home/rl-public/workspace/ros_ur_driver/install/ur_dashboard_msgs:/opt/ros/humble LD_LIBRARY_PATH=/home/rl-public/workspace/ros_ur_driver/install/ur_controllers/lib:/home/rl-public/workspace/ros_ur_driver/install/ur_dashboard_msgs/lib:${LD_LIBRARY_PATH} PYTHONPATH=/home/rl-public/workspace/ros_ur_driver/install/ur_dashboard_msgs/local/lib/python3.10/dist-packages:${PYTHONPATH} /usr/bin/cmake --install /home/rl-public/workspace/ros_ur_driver/build/ur_bringup
