[0.056s] Invoking command in '/home/rl-public/workspace/build/controller_manager_msgs': CMAKE_PREFIX_PATH=${CMAKE_PREFIX_PATH}:/home/rl-public/workspace/install/rqt_joint_trajectory_controller:/home/rl-public/workspace/install/rqt_controller_manager:/home/rl-public/workspace/install/ros2controlcli:/home/rl-public/workspace/install/ros2_controllers_test_nodes:/opt/ros/humble /usr/bin/cmake --build /home/rl-public/workspace/build/controller_manager_msgs -- -j20 -l20
[0.379s] [35m[1mConsolidate compiler generated dependencies of target controller_manager_msgs__rosidl_generator_c[0m
[0.379s] [  0%] Built target controller_manager_msgs__cpp
[0.379s] [ 12%] Built target controller_manager_msgs__rosidl_generator_c
[0.379s] [35m[1mConsolidate compiler generated dependencies of target controller_manager_msgs__rosidl_typesupport_cpp[0m
[0.380s] [35m[1mConsolidate compiler generated dependencies of target controller_manager_msgs__rosidl_typesupport_fastrtps_cpp[0m
[0.380s] [ 12%] Built target ament_cmake_python_symlink_controller_manager_msgs
[0.380s] [35m[1mConsolidate compiler generated dependencies of target controller_manager_msgs__rosidl_typesupport_introspection_cpp[0m
[0.380s] [35m[1mConsolidate compiler generated dependencies of target controller_manager_msgs__rosidl_typesupport_c[0m
[0.380s] [35m[1mConsolidate compiler generated dependencies of target controller_manager_msgs__rosidl_typesupport_introspection_c[0m
[0.380s] [35m[1mConsolidate compiler generated dependencies of target controller_manager_msgs__rosidl_typesupport_fastrtps_c[0m
[0.380s] [ 24%] Built target controller_manager_msgs__rosidl_typesupport_cpp
[0.380s] [ 36%] Built target controller_manager_msgs__rosidl_typesupport_introspection_cpp
[0.380s] [ 61%] Built target controller_manager_msgs__rosidl_typesupport_introspection_c
[0.380s] [ 61%] Built target controller_manager_msgs__rosidl_typesupport_c
[0.380s] [ 72%] Built target controller_manager_msgs__rosidl_typesupport_fastrtps_cpp
[0.380s] [ 84%] Built target controller_manager_msgs__rosidl_typesupport_fastrtps_c
[0.380s] [ 84%] Built target controller_manager_msgs
[0.380s] [ 85%] Built target controller_manager_msgs__py
[0.380s] [35m[1mConsolidate compiler generated dependencies of target controller_manager_msgs__rosidl_generator_py[0m
[0.380s] [ 96%] Built target controller_manager_msgs__rosidl_generator_py
[0.380s] [35m[1mConsolidate compiler generated dependencies of target controller_manager_msgs__rosidl_typesupport_c__pyext[0m
[0.380s] [35m[1mConsolidate compiler generated dependencies of target controller_manager_msgs__rosidl_typesupport_introspection_c__pyext[0m
[0.380s] [35m[1mConsolidate compiler generated dependencies of target controller_manager_msgs__rosidl_typesupport_fastrtps_c__pyext[0m
[0.380s] [ 97%] Built target controller_manager_msgs__rosidl_typesupport_c__pyext
[0.380s] [ 99%] Built target controller_manager_msgs__rosidl_typesupport_introspection_c__pyext
[0.381s] [100%] Built target controller_manager_msgs__rosidl_typesupport_fastrtps_c__pyext
[0.441s] running egg_info
[0.442s] writing controller_manager_msgs.egg-info/PKG-INFO
[0.442s] writing dependency_links to controller_manager_msgs.egg-info/dependency_links.txt
[0.442s] writing top-level names to controller_manager_msgs.egg-info/top_level.txt
[0.445s] reading manifest file 'controller_manager_msgs.egg-info/SOURCES.txt'
[0.446s] writing manifest file 'controller_manager_msgs.egg-info/SOURCES.txt'
[0.489s] [100%] Built target ament_cmake_python_build_controller_manager_msgs_egg
[0.644s] Invoked command in '/home/rl-public/workspace/build/controller_manager_msgs' returned '0': CMAKE_PREFIX_PATH=${CMAKE_PREFIX_PATH}:/home/rl-public/workspace/install/rqt_joint_trajectory_controller:/home/rl-public/workspace/install/rqt_controller_manager:/home/rl-public/workspace/install/ros2controlcli:/home/rl-public/workspace/install/ros2_controllers_test_nodes:/opt/ros/humble /usr/bin/cmake --build /home/rl-public/workspace/build/controller_manager_msgs -- -j20 -l20
[1.247s] Invoking command in '/home/rl-public/workspace/build/controller_manager_msgs': CMAKE_PREFIX_PATH=${CMAKE_PREFIX_PATH}:/home/rl-public/workspace/install/rqt_joint_trajectory_controller:/home/rl-public/workspace/install/rqt_controller_manager:/home/rl-public/workspace/install/ros2controlcli:/home/rl-public/workspace/install/ros2_controllers_test_nodes:/opt/ros/humble /usr/bin/cmake --install /home/rl-public/workspace/build/controller_manager_msgs
[1.257s] -- Install configuration: ""
[1.259s] -- Execute custom install script
[1.260s] -- Up-to-date symlink: /home/rl-public/workspace/install/controller_manager_msgs/share/ament_index/resource_index/rosidl_interfaces/controller_manager_msgs
[1.260s] -- Up-to-date symlink: /home/rl-public/workspace/install/controller_manager_msgs/include/controller_manager_msgs/controller_manager_msgs/msg/chain_connection.h
[1.260s] -- Up-to-date symlink: /home/rl-public/workspace/install/controller_manager_msgs/include/controller_manager_msgs/controller_manager_msgs/msg/controller_state.h
[1.260s] -- Up-to-date symlink: /home/rl-public/workspace/install/controller_manager_msgs/include/controller_manager_msgs/controller_manager_msgs/msg/detail/chain_connection__functions.h
[1.260s] -- Up-to-date symlink: /home/rl-public/workspace/install/controller_manager_msgs/include/controller_manager_msgs/controller_manager_msgs/msg/detail/chain_connection__struct.h
[1.261s] -- Up-to-date symlink: /home/rl-public/workspace/install/controller_manager_msgs/include/controller_manager_msgs/controller_manager_msgs/msg/detail/chain_connection__type_support.h
[1.261s] -- Up-to-date symlink: /home/rl-public/workspace/install/controller_manager_msgs/include/controller_manager_msgs/controller_manager_msgs/msg/detail/controller_state__functions.h
[1.261s] -- Up-to-date symlink: /home/rl-public/workspace/install/controller_manager_msgs/include/controller_manager_msgs/controller_manager_msgs/msg/detail/controller_state__struct.h
[1.262s] -- Up-to-date symlink: /home/rl-public/workspace/install/controller_manager_msgs/include/controller_manager_msgs/controller_manager_msgs/msg/detail/controller_state__type_support.h
[1.262s] -- Up-to-date symlink: /home/rl-public/workspace/install/controller_manager_msgs/include/controller_manager_msgs/controller_manager_msgs/msg/detail/hardware_component_state__functions.h
[1.262s] -- Up-to-date symlink: /home/rl-public/workspace/install/controller_manager_msgs/include/controller_manager_msgs/controller_manager_msgs/msg/detail/hardware_component_state__struct.h
[1.262s] -- Up-to-date symlink: /home/rl-public/workspace/install/controller_manager_msgs/include/controller_manager_msgs/controller_manager_msgs/msg/detail/hardware_component_state__type_support.h
[1.262s] -- Up-to-date symlink: /home/rl-public/workspace/install/controller_manager_msgs/include/controller_manager_msgs/controller_manager_msgs/msg/detail/hardware_interface__functions.h
[1.262s] -- Up-to-date symlink: /home/rl-public/workspace/install/controller_manager_msgs/include/controller_manager_msgs/controller_manager_msgs/msg/detail/hardware_interface__struct.h
[1.262s] -- Up-to-date symlink: /home/rl-public/workspace/install/controller_manager_msgs/include/controller_manager_msgs/controller_manager_msgs/msg/detail/hardware_interface__type_support.h
[1.262s] -- Up-to-date symlink: /home/rl-public/workspace/install/controller_manager_msgs/include/controller_manager_msgs/controller_manager_msgs/msg/hardware_component_state.h
[1.262s] -- Up-to-date symlink: /home/rl-public/workspace/install/controller_manager_msgs/include/controller_manager_msgs/controller_manager_msgs/msg/hardware_interface.h
[1.262s] -- Up-to-date symlink: /home/rl-public/workspace/install/controller_manager_msgs/include/controller_manager_msgs/controller_manager_msgs/msg/rosidl_generator_c__visibility_control.h
[1.262s] -- Up-to-date symlink: /home/rl-public/workspace/install/controller_manager_msgs/include/controller_manager_msgs/controller_manager_msgs/srv/configure_controller.h
[1.262s] -- Up-to-date symlink: /home/rl-public/workspace/install/controller_manager_msgs/include/controller_manager_msgs/controller_manager_msgs/srv/detail/configure_controller__functions.h
[1.262s] -- Up-to-date symlink: /home/rl-public/workspace/install/controller_manager_msgs/include/controller_manager_msgs/controller_manager_msgs/srv/detail/configure_controller__struct.h
[1.262s] -- Up-to-date symlink: /home/rl-public/workspace/install/controller_manager_msgs/include/controller_manager_msgs/controller_manager_msgs/srv/detail/configure_controller__type_support.h
[1.262s] -- Up-to-date symlink: /home/rl-public/workspace/install/controller_manager_msgs/include/controller_manager_msgs/controller_manager_msgs/srv/detail/list_controller_types__functions.h
[1.263s] -- Up-to-date symlink: /home/rl-public/workspace/install/controller_manager_msgs/include/controller_manager_msgs/controller_manager_msgs/srv/detail/list_controller_types__struct.h
[1.263s] -- Up-to-date symlink: /home/rl-public/workspace/install/controller_manager_msgs/include/controller_manager_msgs/controller_manager_msgs/srv/detail/list_controller_types__type_support.h
[1.263s] -- Up-to-date symlink: /home/rl-public/workspace/install/controller_manager_msgs/include/controller_manager_msgs/controller_manager_msgs/srv/detail/list_controllers__functions.h
[1.263s] -- Up-to-date symlink: /home/rl-public/workspace/install/controller_manager_msgs/include/controller_manager_msgs/controller_manager_msgs/srv/detail/list_controllers__struct.h
[1.263s] -- Up-to-date symlink: /home/rl-public/workspace/install/controller_manager_msgs/include/controller_manager_msgs/controller_manager_msgs/srv/detail/list_controllers__type_support.h
[1.263s] -- Up-to-date symlink: /home/rl-public/workspace/install/controller_manager_msgs/include/controller_manager_msgs/controller_manager_msgs/srv/detail/list_hardware_components__functions.h
[1.263s] -- Up-to-date symlink: /home/rl-public/workspace/install/controller_manager_msgs/include/controller_manager_msgs/controller_manager_msgs/srv/detail/list_hardware_components__struct.h
[1.263s] -- Up-to-date symlink: /home/rl-public/workspace/install/controller_manager_msgs/include/controller_manager_msgs/controller_manager_msgs/srv/detail/list_hardware_components__type_support.h
[1.263s] -- Up-to-date symlink: /home/rl-public/workspace/install/controller_manager_msgs/include/controller_manager_msgs/controller_manager_msgs/srv/detail/list_hardware_interfaces__functions.h
[1.263s] -- Up-to-date symlink: /home/rl-public/workspace/install/controller_manager_msgs/include/controller_manager_msgs/controller_manager_msgs/srv/detail/list_hardware_interfaces__struct.h
[1.263s] -- Up-to-date symlink: /home/rl-public/workspace/install/controller_manager_msgs/include/controller_manager_msgs/controller_manager_msgs/srv/detail/list_hardware_interfaces__type_support.h
[1.263s] -- Up-to-date symlink: /home/rl-public/workspace/install/controller_manager_msgs/include/controller_manager_msgs/controller_manager_msgs/srv/detail/load_controller__functions.h
[1.263s] -- Up-to-date symlink: /home/rl-public/workspace/install/controller_manager_msgs/include/controller_manager_msgs/controller_manager_msgs/srv/detail/load_controller__struct.h
[1.263s] -- Up-to-date symlink: /home/rl-public/workspace/install/controller_manager_msgs/include/controller_manager_msgs/controller_manager_msgs/srv/detail/load_controller__type_support.h
[1.263s] -- Up-to-date symlink: /home/rl-public/workspace/install/controller_manager_msgs/include/controller_manager_msgs/controller_manager_msgs/srv/detail/reload_controller_libraries__functions.h
[1.263s] -- Up-to-date symlink: /home/rl-public/workspace/install/controller_manager_msgs/include/controller_manager_msgs/controller_manager_msgs/srv/detail/reload_controller_libraries__struct.h
[1.263s] -- Up-to-date symlink: /home/rl-public/workspace/install/controller_manager_msgs/include/controller_manager_msgs/controller_manager_msgs/srv/detail/reload_controller_libraries__type_support.h
[1.263s] -- Up-to-date symlink: /home/rl-public/workspace/install/controller_manager_msgs/include/controller_manager_msgs/controller_manager_msgs/srv/detail/set_hardware_component_state__functions.h
[1.264s] -- Up-to-date symlink: /home/rl-public/workspace/install/controller_manager_msgs/include/controller_manager_msgs/controller_manager_msgs/srv/detail/set_hardware_component_state__struct.h
[1.264s] -- Up-to-date symlink: /home/rl-public/workspace/install/controller_manager_msgs/include/controller_manager_msgs/controller_manager_msgs/srv/detail/set_hardware_component_state__type_support.h
[1.264s] -- Up-to-date symlink: /home/rl-public/workspace/install/controller_manager_msgs/include/controller_manager_msgs/controller_manager_msgs/srv/detail/switch_controller__functions.h
[1.264s] -- Up-to-date symlink: /home/rl-public/workspace/install/controller_manager_msgs/include/controller_manager_msgs/controller_manager_msgs/srv/detail/switch_controller__struct.h
[1.264s] -- Up-to-date symlink: /home/rl-public/workspace/install/controller_manager_msgs/include/controller_manager_msgs/controller_manager_msgs/srv/detail/switch_controller__type_support.h
[1.264s] -- Up-to-date symlink: /home/rl-public/workspace/install/controller_manager_msgs/include/controller_manager_msgs/controller_manager_msgs/srv/detail/unload_controller__functions.h
[1.264s] -- Up-to-date symlink: /home/rl-public/workspace/install/controller_manager_msgs/include/controller_manager_msgs/controller_manager_msgs/srv/detail/unload_controller__struct.h
[1.264s] -- Up-to-date symlink: /home/rl-public/workspace/install/controller_manager_msgs/include/controller_manager_msgs/controller_manager_msgs/srv/detail/unload_controller__type_support.h
[1.264s] -- Up-to-date symlink: /home/rl-public/workspace/install/controller_manager_msgs/include/controller_manager_msgs/controller_manager_msgs/srv/list_controller_types.h
[1.264s] -- Up-to-date symlink: /home/rl-public/workspace/install/controller_manager_msgs/include/controller_manager_msgs/controller_manager_msgs/srv/list_controllers.h
[1.264s] -- Up-to-date symlink: /home/rl-public/workspace/install/controller_manager_msgs/include/controller_manager_msgs/controller_manager_msgs/srv/list_hardware_components.h
[1.264s] -- Up-to-date symlink: /home/rl-public/workspace/install/controller_manager_msgs/include/controller_manager_msgs/controller_manager_msgs/srv/list_hardware_interfaces.h
[1.265s] -- Up-to-date symlink: /home/rl-public/workspace/install/controller_manager_msgs/include/controller_manager_msgs/controller_manager_msgs/srv/load_controller.h
[1.265s] -- Up-to-date symlink: /home/rl-public/workspace/install/controller_manager_msgs/include/controller_manager_msgs/controller_manager_msgs/srv/reload_controller_libraries.h
[1.265s] -- Up-to-date symlink: /home/rl-public/workspace/install/controller_manager_msgs/include/controller_manager_msgs/controller_manager_msgs/srv/set_hardware_component_state.h
[1.265s] -- Up-to-date symlink: /home/rl-public/workspace/install/controller_manager_msgs/include/controller_manager_msgs/controller_manager_msgs/srv/switch_controller.h
[1.265s] -- Up-to-date symlink: /home/rl-public/workspace/install/controller_manager_msgs/include/controller_manager_msgs/controller_manager_msgs/srv/unload_controller.h
[1.265s] -- Up-to-date symlink: /home/rl-public/workspace/install/controller_manager_msgs/share/controller_manager_msgs/environment/library_path.sh
[1.265s] -- Up-to-date symlink: /home/rl-public/workspace/install/controller_manager_msgs/share/controller_manager_msgs/environment/library_path.dsv
[1.265s] -- Up-to-date symlink: /home/rl-public/workspace/install/controller_manager_msgs/include/controller_manager_msgs/controller_manager_msgs/msg/detail/chain_connection__rosidl_typesupport_fastrtps_c.h
[1.265s] -- Up-to-date symlink: /home/rl-public/workspace/install/controller_manager_msgs/include/controller_manager_msgs/controller_manager_msgs/msg/detail/controller_state__rosidl_typesupport_fastrtps_c.h
[1.265s] -- Up-to-date symlink: /home/rl-public/workspace/install/controller_manager_msgs/include/controller_manager_msgs/controller_manager_msgs/msg/detail/hardware_component_state__rosidl_typesupport_fastrtps_c.h
[1.265s] -- Up-to-date symlink: /home/rl-public/workspace/install/controller_manager_msgs/include/controller_manager_msgs/controller_manager_msgs/msg/detail/hardware_interface__rosidl_typesupport_fastrtps_c.h
[1.265s] -- Up-to-date symlink: /home/rl-public/workspace/install/controller_manager_msgs/include/controller_manager_msgs/controller_manager_msgs/msg/rosidl_typesupport_fastrtps_c__visibility_control.h
[1.265s] -- Up-to-date symlink: /home/rl-public/workspace/install/controller_manager_msgs/include/controller_manager_msgs/controller_manager_msgs/srv/detail/configure_controller__rosidl_typesupport_fastrtps_c.h
[1.265s] -- Up-to-date symlink: /home/rl-public/workspace/install/controller_manager_msgs/include/controller_manager_msgs/controller_manager_msgs/srv/detail/list_controller_types__rosidl_typesupport_fastrtps_c.h
[1.265s] -- Up-to-date symlink: /home/rl-public/workspace/install/controller_manager_msgs/include/controller_manager_msgs/controller_manager_msgs/srv/detail/list_controllers__rosidl_typesupport_fastrtps_c.h
[1.266s] -- Up-to-date symlink: /home/rl-public/workspace/install/controller_manager_msgs/include/controller_manager_msgs/controller_manager_msgs/srv/detail/list_hardware_components__rosidl_typesupport_fastrtps_c.h
[1.266s] -- Up-to-date symlink: /home/rl-public/workspace/install/controller_manager_msgs/include/controller_manager_msgs/controller_manager_msgs/srv/detail/list_hardware_interfaces__rosidl_typesupport_fastrtps_c.h
[1.266s] -- Up-to-date symlink: /home/rl-public/workspace/install/controller_manager_msgs/include/controller_manager_msgs/controller_manager_msgs/srv/detail/load_controller__rosidl_typesupport_fastrtps_c.h
[1.266s] -- Up-to-date symlink: /home/rl-public/workspace/install/controller_manager_msgs/include/controller_manager_msgs/controller_manager_msgs/srv/detail/reload_controller_libraries__rosidl_typesupport_fastrtps_c.h
[1.266s] -- Up-to-date symlink: /home/rl-public/workspace/install/controller_manager_msgs/include/controller_manager_msgs/controller_manager_msgs/srv/detail/set_hardware_component_state__rosidl_typesupport_fastrtps_c.h
[1.266s] -- Up-to-date symlink: /home/rl-public/workspace/install/controller_manager_msgs/include/controller_manager_msgs/controller_manager_msgs/srv/detail/switch_controller__rosidl_typesupport_fastrtps_c.h
[1.266s] -- Up-to-date symlink: /home/rl-public/workspace/install/controller_manager_msgs/include/controller_manager_msgs/controller_manager_msgs/srv/detail/unload_controller__rosidl_typesupport_fastrtps_c.h
[1.266s] -- Up-to-date symlink: /home/rl-public/workspace/install/controller_manager_msgs/include/controller_manager_msgs/controller_manager_msgs/msg/chain_connection.hpp
[1.266s] -- Up-to-date symlink: /home/rl-public/workspace/install/controller_manager_msgs/include/controller_manager_msgs/controller_manager_msgs/msg/controller_state.hpp
[1.266s] -- Up-to-date symlink: /home/rl-public/workspace/install/controller_manager_msgs/include/controller_manager_msgs/controller_manager_msgs/msg/detail/chain_connection__builder.hpp
[1.266s] -- Up-to-date symlink: /home/rl-public/workspace/install/controller_manager_msgs/include/controller_manager_msgs/controller_manager_msgs/msg/detail/chain_connection__struct.hpp
[1.266s] -- Up-to-date symlink: /home/rl-public/workspace/install/controller_manager_msgs/include/controller_manager_msgs/controller_manager_msgs/msg/detail/chain_connection__traits.hpp
[1.266s] -- Up-to-date symlink: /home/rl-public/workspace/install/controller_manager_msgs/include/controller_manager_msgs/controller_manager_msgs/msg/detail/controller_state__builder.hpp
[1.266s] -- Up-to-date symlink: /home/rl-public/workspace/install/controller_manager_msgs/include/controller_manager_msgs/controller_manager_msgs/msg/detail/controller_state__struct.hpp
[1.266s] -- Up-to-date symlink: /home/rl-public/workspace/install/controller_manager_msgs/include/controller_manager_msgs/controller_manager_msgs/msg/detail/controller_state__traits.hpp
[1.266s] -- Up-to-date symlink: /home/rl-public/workspace/install/controller_manager_msgs/include/controller_manager_msgs/controller_manager_msgs/msg/detail/hardware_component_state__builder.hpp
[1.266s] -- Up-to-date symlink: /home/rl-public/workspace/install/controller_manager_msgs/include/controller_manager_msgs/controller_manager_msgs/msg/detail/hardware_component_state__struct.hpp
[1.266s] -- Up-to-date symlink: /home/rl-public/workspace/install/controller_manager_msgs/include/controller_manager_msgs/controller_manager_msgs/msg/detail/hardware_component_state__traits.hpp
[1.266s] -- Up-to-date symlink: /home/rl-public/workspace/install/controller_manager_msgs/include/controller_manager_msgs/controller_manager_msgs/msg/detail/hardware_interface__builder.hpp
[1.266s] -- Up-to-date symlink: /home/rl-public/workspace/install/controller_manager_msgs/include/controller_manager_msgs/controller_manager_msgs/msg/detail/hardware_interface__struct.hpp
[1.267s] -- Up-to-date symlink: /home/rl-public/workspace/install/controller_manager_msgs/include/controller_manager_msgs/controller_manager_msgs/msg/detail/hardware_interface__traits.hpp
[1.267s] -- Up-to-date symlink: /home/rl-public/workspace/install/controller_manager_msgs/include/controller_manager_msgs/controller_manager_msgs/msg/hardware_component_state.hpp
[1.267s] -- Up-to-date symlink: /home/rl-public/workspace/install/controller_manager_msgs/include/controller_manager_msgs/controller_manager_msgs/msg/hardware_interface.hpp
[1.267s] -- Up-to-date symlink: /home/rl-public/workspace/install/controller_manager_msgs/include/controller_manager_msgs/controller_manager_msgs/srv/configure_controller.hpp
[1.267s] -- Up-to-date symlink: /home/rl-public/workspace/install/controller_manager_msgs/include/controller_manager_msgs/controller_manager_msgs/srv/detail/configure_controller__builder.hpp
[1.267s] -- Up-to-date symlink: /home/rl-public/workspace/install/controller_manager_msgs/include/controller_manager_msgs/controller_manager_msgs/srv/detail/configure_controller__struct.hpp
[1.267s] -- Up-to-date symlink: /home/rl-public/workspace/install/controller_manager_msgs/include/controller_manager_msgs/controller_manager_msgs/srv/detail/configure_controller__traits.hpp
[1.267s] -- Up-to-date symlink: /home/rl-public/workspace/install/controller_manager_msgs/include/controller_manager_msgs/controller_manager_msgs/srv/detail/list_controller_types__builder.hpp
[1.267s] -- Up-to-date symlink: /home/rl-public/workspace/install/controller_manager_msgs/include/controller_manager_msgs/controller_manager_msgs/srv/detail/list_controller_types__struct.hpp
[1.267s] -- Up-to-date symlink: /home/rl-public/workspace/install/controller_manager_msgs/include/controller_manager_msgs/controller_manager_msgs/srv/detail/list_controller_types__traits.hpp
[1.267s] -- Up-to-date symlink: /home/rl-public/workspace/install/controller_manager_msgs/include/controller_manager_msgs/controller_manager_msgs/srv/detail/list_controllers__builder.hpp
[1.267s] -- Up-to-date symlink: /home/rl-public/workspace/install/controller_manager_msgs/include/controller_manager_msgs/controller_manager_msgs/srv/detail/list_controllers__struct.hpp
[1.267s] -- Up-to-date symlink: /home/rl-public/workspace/install/controller_manager_msgs/include/controller_manager_msgs/controller_manager_msgs/srv/detail/list_controllers__traits.hpp
[1.267s] -- Up-to-date symlink: /home/rl-public/workspace/install/controller_manager_msgs/include/controller_manager_msgs/controller_manager_msgs/srv/detail/list_hardware_components__builder.hpp
[1.267s] -- Up-to-date symlink: /home/rl-public/workspace/install/controller_manager_msgs/include/controller_manager_msgs/controller_manager_msgs/srv/detail/list_hardware_components__struct.hpp
[1.268s] -- Up-to-date symlink: /home/rl-public/workspace/install/controller_manager_msgs/include/controller_manager_msgs/controller_manager_msgs/srv/detail/list_hardware_components__traits.hpp
[1.268s] -- Up-to-date symlink: /home/rl-public/workspace/install/controller_manager_msgs/include/controller_manager_msgs/controller_manager_msgs/srv/detail/list_hardware_interfaces__builder.hpp
[1.268s] -- Up-to-date symlink: /home/rl-public/workspace/install/controller_manager_msgs/include/controller_manager_msgs/controller_manager_msgs/srv/detail/list_hardware_interfaces__struct.hpp
[1.268s] -- Up-to-date symlink: /home/rl-public/workspace/install/controller_manager_msgs/include/controller_manager_msgs/controller_manager_msgs/srv/detail/list_hardware_interfaces__traits.hpp
[1.268s] -- Up-to-date symlink: /home/rl-public/workspace/install/controller_manager_msgs/include/controller_manager_msgs/controller_manager_msgs/srv/detail/load_controller__builder.hpp
[1.268s] -- Up-to-date symlink: /home/rl-public/workspace/install/controller_manager_msgs/include/controller_manager_msgs/controller_manager_msgs/srv/detail/load_controller__struct.hpp
[1.268s] -- Up-to-date symlink: /home/rl-public/workspace/install/controller_manager_msgs/include/controller_manager_msgs/controller_manager_msgs/srv/detail/load_controller__traits.hpp
[1.268s] -- Up-to-date symlink: /home/rl-public/workspace/install/controller_manager_msgs/include/controller_manager_msgs/controller_manager_msgs/srv/detail/reload_controller_libraries__builder.hpp
[1.268s] -- Up-to-date symlink: /home/rl-public/workspace/install/controller_manager_msgs/include/controller_manager_msgs/controller_manager_msgs/srv/detail/reload_controller_libraries__struct.hpp
[1.268s] -- Up-to-date symlink: /home/rl-public/workspace/install/controller_manager_msgs/include/controller_manager_msgs/controller_manager_msgs/srv/detail/reload_controller_libraries__traits.hpp
[1.268s] -- Up-to-date symlink: /home/rl-public/workspace/install/controller_manager_msgs/include/controller_manager_msgs/controller_manager_msgs/srv/detail/set_hardware_component_state__builder.hpp
[1.268s] -- Up-to-date symlink: /home/rl-public/workspace/install/controller_manager_msgs/include/controller_manager_msgs/controller_manager_msgs/srv/detail/set_hardware_component_state__struct.hpp
[1.268s] -- Up-to-date symlink: /home/rl-public/workspace/install/controller_manager_msgs/include/controller_manager_msgs/controller_manager_msgs/srv/detail/set_hardware_component_state__traits.hpp
[1.268s] -- Up-to-date symlink: /home/rl-public/workspace/install/controller_manager_msgs/include/controller_manager_msgs/controller_manager_msgs/srv/detail/switch_controller__builder.hpp
[1.269s] -- Up-to-date symlink: /home/rl-public/workspace/install/controller_manager_msgs/include/controller_manager_msgs/controller_manager_msgs/srv/detail/switch_controller__struct.hpp
[1.269s] -- Up-to-date symlink: /home/rl-public/workspace/install/controller_manager_msgs/include/controller_manager_msgs/controller_manager_msgs/srv/detail/switch_controller__traits.hpp
[1.269s] -- Up-to-date symlink: /home/rl-public/workspace/install/controller_manager_msgs/include/controller_manager_msgs/controller_manager_msgs/srv/detail/unload_controller__builder.hpp
[1.269s] -- Up-to-date symlink: /home/rl-public/workspace/install/controller_manager_msgs/include/controller_manager_msgs/controller_manager_msgs/srv/detail/unload_controller__struct.hpp
[1.269s] -- Up-to-date symlink: /home/rl-public/workspace/install/controller_manager_msgs/include/controller_manager_msgs/controller_manager_msgs/srv/detail/unload_controller__traits.hpp
[1.269s] -- Up-to-date symlink: /home/rl-public/workspace/install/controller_manager_msgs/include/controller_manager_msgs/controller_manager_msgs/srv/list_controller_types.hpp
[1.269s] -- Up-to-date symlink: /home/rl-public/workspace/install/controller_manager_msgs/include/controller_manager_msgs/controller_manager_msgs/srv/list_controllers.hpp
[1.269s] -- Up-to-date symlink: /home/rl-public/workspace/install/controller_manager_msgs/include/controller_manager_msgs/controller_manager_msgs/srv/list_hardware_components.hpp
[1.270s] -- Up-to-date symlink: /home/rl-public/workspace/install/controller_manager_msgs/include/controller_manager_msgs/controller_manager_msgs/srv/list_hardware_interfaces.hpp
[1.270s] -- Up-to-date symlink: /home/rl-public/workspace/install/controller_manager_msgs/include/controller_manager_msgs/controller_manager_msgs/srv/load_controller.hpp
[1.270s] -- Up-to-date symlink: /home/rl-public/workspace/install/controller_manager_msgs/include/controller_manager_msgs/controller_manager_msgs/srv/reload_controller_libraries.hpp
[1.270s] -- Up-to-date symlink: /home/rl-public/workspace/install/controller_manager_msgs/include/controller_manager_msgs/controller_manager_msgs/srv/set_hardware_component_state.hpp
[1.270s] -- Up-to-date symlink: /home/rl-public/workspace/install/controller_manager_msgs/include/controller_manager_msgs/controller_manager_msgs/srv/switch_controller.hpp
[1.270s] -- Up-to-date symlink: /home/rl-public/workspace/install/controller_manager_msgs/include/controller_manager_msgs/controller_manager_msgs/srv/unload_controller.hpp
[1.271s] -- Up-to-date symlink: /home/rl-public/workspace/install/controller_manager_msgs/include/controller_manager_msgs/controller_manager_msgs/msg/detail/chain_connection__rosidl_typesupport_fastrtps_cpp.hpp
[1.271s] -- Up-to-date symlink: /home/rl-public/workspace/install/controller_manager_msgs/include/controller_manager_msgs/controller_manager_msgs/msg/detail/controller_state__rosidl_typesupport_fastrtps_cpp.hpp
[1.271s] -- Up-to-date symlink: /home/rl-public/workspace/install/controller_manager_msgs/include/controller_manager_msgs/controller_manager_msgs/msg/detail/hardware_component_state__rosidl_typesupport_fastrtps_cpp.hpp
[1.271s] -- Up-to-date symlink: /home/rl-public/workspace/install/controller_manager_msgs/include/controller_manager_msgs/controller_manager_msgs/msg/detail/hardware_interface__rosidl_typesupport_fastrtps_cpp.hpp
[1.271s] -- Up-to-date symlink: /home/rl-public/workspace/install/controller_manager_msgs/include/controller_manager_msgs/controller_manager_msgs/msg/rosidl_typesupport_fastrtps_cpp__visibility_control.h
[1.272s] -- Up-to-date symlink: /home/rl-public/workspace/install/controller_manager_msgs/include/controller_manager_msgs/controller_manager_msgs/srv/detail/configure_controller__rosidl_typesupport_fastrtps_cpp.hpp
[1.272s] -- Up-to-date symlink: /home/rl-public/workspace/install/controller_manager_msgs/include/controller_manager_msgs/controller_manager_msgs/srv/detail/list_controller_types__rosidl_typesupport_fastrtps_cpp.hpp
[1.272s] -- Up-to-date symlink: /home/rl-public/workspace/install/controller_manager_msgs/include/controller_manager_msgs/controller_manager_msgs/srv/detail/list_controllers__rosidl_typesupport_fastrtps_cpp.hpp
[1.272s] -- Up-to-date symlink: /home/rl-public/workspace/install/controller_manager_msgs/include/controller_manager_msgs/controller_manager_msgs/srv/detail/list_hardware_components__rosidl_typesupport_fastrtps_cpp.hpp
[1.272s] -- Up-to-date symlink: /home/rl-public/workspace/install/controller_manager_msgs/include/controller_manager_msgs/controller_manager_msgs/srv/detail/list_hardware_interfaces__rosidl_typesupport_fastrtps_cpp.hpp
[1.272s] -- Up-to-date symlink: /home/rl-public/workspace/install/controller_manager_msgs/include/controller_manager_msgs/controller_manager_msgs/srv/detail/load_controller__rosidl_typesupport_fastrtps_cpp.hpp
[1.272s] -- Up-to-date symlink: /home/rl-public/workspace/install/controller_manager_msgs/include/controller_manager_msgs/controller_manager_msgs/srv/detail/reload_controller_libraries__rosidl_typesupport_fastrtps_cpp.hpp
[1.272s] -- Up-to-date symlink: /home/rl-public/workspace/install/controller_manager_msgs/include/controller_manager_msgs/controller_manager_msgs/srv/detail/set_hardware_component_state__rosidl_typesupport_fastrtps_cpp.hpp
[1.272s] -- Up-to-date symlink: /home/rl-public/workspace/install/controller_manager_msgs/include/controller_manager_msgs/controller_manager_msgs/srv/detail/switch_controller__rosidl_typesupport_fastrtps_cpp.hpp
[1.273s] -- Up-to-date symlink: /home/rl-public/workspace/install/controller_manager_msgs/include/controller_manager_msgs/controller_manager_msgs/srv/detail/unload_controller__rosidl_typesupport_fastrtps_cpp.hpp
[1.273s] -- Up-to-date symlink: /home/rl-public/workspace/install/controller_manager_msgs/include/controller_manager_msgs/controller_manager_msgs/msg/detail/chain_connection__rosidl_typesupport_introspection_c.h
[1.273s] -- Up-to-date symlink: /home/rl-public/workspace/install/controller_manager_msgs/include/controller_manager_msgs/controller_manager_msgs/msg/detail/controller_state__rosidl_typesupport_introspection_c.h
[1.273s] -- Up-to-date symlink: /home/rl-public/workspace/install/controller_manager_msgs/include/controller_manager_msgs/controller_manager_msgs/msg/detail/hardware_component_state__rosidl_typesupport_introspection_c.h
[1.273s] -- Up-to-date symlink: /home/rl-public/workspace/install/controller_manager_msgs/include/controller_manager_msgs/controller_manager_msgs/msg/detail/hardware_interface__rosidl_typesupport_introspection_c.h
[1.273s] -- Up-to-date symlink: /home/rl-public/workspace/install/controller_manager_msgs/include/controller_manager_msgs/controller_manager_msgs/msg/rosidl_typesupport_introspection_c__visibility_control.h
[1.273s] -- Up-to-date symlink: /home/rl-public/workspace/install/controller_manager_msgs/include/controller_manager_msgs/controller_manager_msgs/srv/detail/configure_controller__rosidl_typesupport_introspection_c.h
[1.274s] -- Up-to-date symlink: /home/rl-public/workspace/install/controller_manager_msgs/include/controller_manager_msgs/controller_manager_msgs/srv/detail/list_controller_types__rosidl_typesupport_introspection_c.h
[1.274s] -- Up-to-date symlink: /home/rl-public/workspace/install/controller_manager_msgs/include/controller_manager_msgs/controller_manager_msgs/srv/detail/list_controllers__rosidl_typesupport_introspection_c.h
[1.274s] -- Up-to-date symlink: /home/rl-public/workspace/install/controller_manager_msgs/include/controller_manager_msgs/controller_manager_msgs/srv/detail/list_hardware_components__rosidl_typesupport_introspection_c.h
[1.274s] -- Up-to-date symlink: /home/rl-public/workspace/install/controller_manager_msgs/include/controller_manager_msgs/controller_manager_msgs/srv/detail/list_hardware_interfaces__rosidl_typesupport_introspection_c.h
[1.274s] -- Up-to-date symlink: /home/rl-public/workspace/install/controller_manager_msgs/include/controller_manager_msgs/controller_manager_msgs/srv/detail/load_controller__rosidl_typesupport_introspection_c.h
[1.274s] -- Up-to-date symlink: /home/rl-public/workspace/install/controller_manager_msgs/include/controller_manager_msgs/controller_manager_msgs/srv/detail/reload_controller_libraries__rosidl_typesupport_introspection_c.h
[1.274s] -- Up-to-date symlink: /home/rl-public/workspace/install/controller_manager_msgs/include/controller_manager_msgs/controller_manager_msgs/srv/detail/set_hardware_component_state__rosidl_typesupport_introspection_c.h
[1.274s] -- Up-to-date symlink: /home/rl-public/workspace/install/controller_manager_msgs/include/controller_manager_msgs/controller_manager_msgs/srv/detail/switch_controller__rosidl_typesupport_introspection_c.h
[1.274s] -- Up-to-date symlink: /home/rl-public/workspace/install/controller_manager_msgs/include/controller_manager_msgs/controller_manager_msgs/srv/detail/unload_controller__rosidl_typesupport_introspection_c.h
[1.274s] -- Up-to-date symlink: /home/rl-public/workspace/install/controller_manager_msgs/include/controller_manager_msgs/controller_manager_msgs/msg/detail/chain_connection__rosidl_typesupport_introspection_cpp.hpp
[1.274s] -- Up-to-date symlink: /home/rl-public/workspace/install/controller_manager_msgs/include/controller_manager_msgs/controller_manager_msgs/msg/detail/controller_state__rosidl_typesupport_introspection_cpp.hpp
[1.274s] -- Up-to-date symlink: /home/rl-public/workspace/install/controller_manager_msgs/include/controller_manager_msgs/controller_manager_msgs/msg/detail/hardware_component_state__rosidl_typesupport_introspection_cpp.hpp
[1.275s] -- Up-to-date symlink: /home/rl-public/workspace/install/controller_manager_msgs/include/controller_manager_msgs/controller_manager_msgs/msg/detail/hardware_interface__rosidl_typesupport_introspection_cpp.hpp
[1.275s] -- Up-to-date symlink: /home/rl-public/workspace/install/controller_manager_msgs/include/controller_manager_msgs/controller_manager_msgs/srv/detail/configure_controller__rosidl_typesupport_introspection_cpp.hpp
[1.275s] -- Up-to-date symlink: /home/rl-public/workspace/install/controller_manager_msgs/include/controller_manager_msgs/controller_manager_msgs/srv/detail/list_controller_types__rosidl_typesupport_introspection_cpp.hpp
[1.275s] -- Up-to-date symlink: /home/rl-public/workspace/install/controller_manager_msgs/include/controller_manager_msgs/controller_manager_msgs/srv/detail/list_controllers__rosidl_typesupport_introspection_cpp.hpp
[1.275s] -- Up-to-date symlink: /home/rl-public/workspace/install/controller_manager_msgs/include/controller_manager_msgs/controller_manager_msgs/srv/detail/list_hardware_components__rosidl_typesupport_introspection_cpp.hpp
[1.275s] -- Up-to-date symlink: /home/rl-public/workspace/install/controller_manager_msgs/include/controller_manager_msgs/controller_manager_msgs/srv/detail/list_hardware_interfaces__rosidl_typesupport_introspection_cpp.hpp
[1.275s] -- Up-to-date symlink: /home/rl-public/workspace/install/controller_manager_msgs/include/controller_manager_msgs/controller_manager_msgs/srv/detail/load_controller__rosidl_typesupport_introspection_cpp.hpp
[1.275s] -- Up-to-date symlink: /home/rl-public/workspace/install/controller_manager_msgs/include/controller_manager_msgs/controller_manager_msgs/srv/detail/reload_controller_libraries__rosidl_typesupport_introspection_cpp.hpp
[1.275s] -- Up-to-date symlink: /home/rl-public/workspace/install/controller_manager_msgs/include/controller_manager_msgs/controller_manager_msgs/srv/detail/set_hardware_component_state__rosidl_typesupport_introspection_cpp.hpp
[1.275s] -- Up-to-date symlink: /home/rl-public/workspace/install/controller_manager_msgs/include/controller_manager_msgs/controller_manager_msgs/srv/detail/switch_controller__rosidl_typesupport_introspection_cpp.hpp
[1.275s] -- Up-to-date symlink: /home/rl-public/workspace/install/controller_manager_msgs/include/controller_manager_msgs/controller_manager_msgs/srv/detail/unload_controller__rosidl_typesupport_introspection_cpp.hpp
[1.276s] -- Up-to-date symlink: /home/rl-public/workspace/install/controller_manager_msgs/share/controller_manager_msgs/environment/pythonpath.sh
[1.276s] -- Up-to-date symlink: /home/rl-public/workspace/install/controller_manager_msgs/share/controller_manager_msgs/environment/pythonpath.dsv
[1.276s] -- Up-to-date symlink: /home/rl-public/workspace/install/controller_manager_msgs/local/lib/python3.10/dist-packages/controller_manager_msgs-2.43.1-py3.10.egg-info/PKG-INFO
[1.276s] -- Up-to-date symlink: /home/rl-public/workspace/install/controller_manager_msgs/local/lib/python3.10/dist-packages/controller_manager_msgs-2.43.1-py3.10.egg-info/SOURCES.txt
[1.276s] -- Up-to-date symlink: /home/rl-public/workspace/install/controller_manager_msgs/local/lib/python3.10/dist-packages/controller_manager_msgs-2.43.1-py3.10.egg-info/dependency_links.txt
[1.276s] -- Up-to-date symlink: /home/rl-public/workspace/install/controller_manager_msgs/local/lib/python3.10/dist-packages/controller_manager_msgs-2.43.1-py3.10.egg-info/top_level.txt
[1.277s] -- Up-to-date symlink: /home/rl-public/workspace/install/controller_manager_msgs/local/lib/python3.10/dist-packages/controller_manager_msgs/__init__.py
[1.277s] -- Up-to-date symlink: /home/rl-public/workspace/install/controller_manager_msgs/local/lib/python3.10/dist-packages/controller_manager_msgs/_controller_manager_msgs_s.ep.rosidl_typesupport_c.c
[1.277s] -- Up-to-date symlink: /home/rl-public/workspace/install/controller_manager_msgs/local/lib/python3.10/dist-packages/controller_manager_msgs/_controller_manager_msgs_s.ep.rosidl_typesupport_fastrtps_c.c
[1.277s] -- Up-to-date symlink: /home/rl-public/workspace/install/controller_manager_msgs/local/lib/python3.10/dist-packages/controller_manager_msgs/_controller_manager_msgs_s.ep.rosidl_typesupport_introspection_c.c
[1.278s] -- Up-to-date symlink: /home/rl-public/workspace/install/controller_manager_msgs/local/lib/python3.10/dist-packages/controller_manager_msgs/controller_manager_msgs_s__rosidl_typesupport_c.cpython-310-x86_64-linux-gnu.so
[1.278s] -- Up-to-date symlink: /home/rl-public/workspace/install/controller_manager_msgs/local/lib/python3.10/dist-packages/controller_manager_msgs/controller_manager_msgs_s__rosidl_typesupport_fastrtps_c.cpython-310-x86_64-linux-gnu.so
[1.278s] -- Up-to-date symlink: /home/rl-public/workspace/install/controller_manager_msgs/local/lib/python3.10/dist-packages/controller_manager_msgs/controller_manager_msgs_s__rosidl_typesupport_introspection_c.cpython-310-x86_64-linux-gnu.so
[1.278s] -- Up-to-date symlink: /home/rl-public/workspace/install/controller_manager_msgs/local/lib/python3.10/dist-packages/controller_manager_msgs/libcontroller_manager_msgs__rosidl_generator_py.so
[1.278s] -- Up-to-date symlink: /home/rl-public/workspace/install/controller_manager_msgs/local/lib/python3.10/dist-packages/controller_manager_msgs/msg/__init__.py
[1.278s] -- Up-to-date symlink: /home/rl-public/workspace/install/controller_manager_msgs/local/lib/python3.10/dist-packages/controller_manager_msgs/msg/_chain_connection.py
[1.278s] -- Up-to-date symlink: /home/rl-public/workspace/install/controller_manager_msgs/local/lib/python3.10/dist-packages/controller_manager_msgs/msg/_chain_connection_s.c
[1.278s] -- Up-to-date symlink: /home/rl-public/workspace/install/controller_manager_msgs/local/lib/python3.10/dist-packages/controller_manager_msgs/msg/_controller_state.py
[1.278s] -- Up-to-date symlink: /home/rl-public/workspace/install/controller_manager_msgs/local/lib/python3.10/dist-packages/controller_manager_msgs/msg/_controller_state_s.c
[1.278s] -- Up-to-date symlink: /home/rl-public/workspace/install/controller_manager_msgs/local/lib/python3.10/dist-packages/controller_manager_msgs/msg/_hardware_component_state.py
[1.278s] -- Up-to-date symlink: /home/rl-public/workspace/install/controller_manager_msgs/local/lib/python3.10/dist-packages/controller_manager_msgs/msg/_hardware_component_state_s.c
[1.279s] -- Up-to-date symlink: /home/rl-public/workspace/install/controller_manager_msgs/local/lib/python3.10/dist-packages/controller_manager_msgs/msg/_hardware_interface.py
[1.279s] -- Up-to-date symlink: /home/rl-public/workspace/install/controller_manager_msgs/local/lib/python3.10/dist-packages/controller_manager_msgs/msg/_hardware_interface_s.c
[1.279s] -- Up-to-date symlink: /home/rl-public/workspace/install/controller_manager_msgs/local/lib/python3.10/dist-packages/controller_manager_msgs/srv/__init__.py
[1.279s] -- Up-to-date symlink: /home/rl-public/workspace/install/controller_manager_msgs/local/lib/python3.10/dist-packages/controller_manager_msgs/srv/_configure_controller.py
[1.279s] -- Up-to-date symlink: /home/rl-public/workspace/install/controller_manager_msgs/local/lib/python3.10/dist-packages/controller_manager_msgs/srv/_configure_controller_s.c
[1.279s] -- Up-to-date symlink: /home/rl-public/workspace/install/controller_manager_msgs/local/lib/python3.10/dist-packages/controller_manager_msgs/srv/_list_controller_types.py
[1.279s] -- Up-to-date symlink: /home/rl-public/workspace/install/controller_manager_msgs/local/lib/python3.10/dist-packages/controller_manager_msgs/srv/_list_controller_types_s.c
[1.279s] -- Up-to-date symlink: /home/rl-public/workspace/install/controller_manager_msgs/local/lib/python3.10/dist-packages/controller_manager_msgs/srv/_list_controllers.py
[1.279s] -- Up-to-date symlink: /home/rl-public/workspace/install/controller_manager_msgs/local/lib/python3.10/dist-packages/controller_manager_msgs/srv/_list_controllers_s.c
[1.279s] -- Up-to-date symlink: /home/rl-public/workspace/install/controller_manager_msgs/local/lib/python3.10/dist-packages/controller_manager_msgs/srv/_list_hardware_components.py
[1.279s] -- Up-to-date symlink: /home/rl-public/workspace/install/controller_manager_msgs/local/lib/python3.10/dist-packages/controller_manager_msgs/srv/_list_hardware_components_s.c
[1.280s] -- Up-to-date symlink: /home/rl-public/workspace/install/controller_manager_msgs/local/lib/python3.10/dist-packages/controller_manager_msgs/srv/_list_hardware_interfaces.py
[1.280s] -- Up-to-date symlink: /home/rl-public/workspace/install/controller_manager_msgs/local/lib/python3.10/dist-packages/controller_manager_msgs/srv/_list_hardware_interfaces_s.c
[1.280s] -- Up-to-date symlink: /home/rl-public/workspace/install/controller_manager_msgs/local/lib/python3.10/dist-packages/controller_manager_msgs/srv/_load_controller.py
[1.280s] -- Up-to-date symlink: /home/rl-public/workspace/install/controller_manager_msgs/local/lib/python3.10/dist-packages/controller_manager_msgs/srv/_load_controller_s.c
[1.280s] -- Up-to-date symlink: /home/rl-public/workspace/install/controller_manager_msgs/local/lib/python3.10/dist-packages/controller_manager_msgs/srv/_reload_controller_libraries.py
[1.280s] -- Up-to-date symlink: /home/rl-public/workspace/install/controller_manager_msgs/local/lib/python3.10/dist-packages/controller_manager_msgs/srv/_reload_controller_libraries_s.c
[1.280s] -- Up-to-date symlink: /home/rl-public/workspace/install/controller_manager_msgs/local/lib/python3.10/dist-packages/controller_manager_msgs/srv/_set_hardware_component_state.py
[1.280s] -- Up-to-date symlink: /home/rl-public/workspace/install/controller_manager_msgs/local/lib/python3.10/dist-packages/controller_manager_msgs/srv/_set_hardware_component_state_s.c
[1.280s] -- Up-to-date symlink: /home/rl-public/workspace/install/controller_manager_msgs/local/lib/python3.10/dist-packages/controller_manager_msgs/srv/_switch_controller.py
[1.281s] -- Up-to-date symlink: /home/rl-public/workspace/install/controller_manager_msgs/local/lib/python3.10/dist-packages/controller_manager_msgs/srv/_switch_controller_s.c
[1.281s] -- Up-to-date symlink: /home/rl-public/workspace/install/controller_manager_msgs/local/lib/python3.10/dist-packages/controller_manager_msgs/srv/_unload_controller.py
[1.281s] -- Up-to-date symlink: /home/rl-public/workspace/install/controller_manager_msgs/local/lib/python3.10/dist-packages/controller_manager_msgs/srv/_unload_controller_s.c
[1.281s] -- Up-to-date symlink: /home/rl-public/workspace/install/controller_manager_msgs/local/lib/python3.10/dist-packages/controller_manager_msgs/controller_manager_msgs_s__rosidl_typesupport_fastrtps_c.cpython-310-x86_64-linux-gnu.so
[1.283s] -- Up-to-date symlink: /home/rl-public/workspace/install/controller_manager_msgs/local/lib/python3.10/dist-packages/controller_manager_msgs/controller_manager_msgs_s__rosidl_typesupport_introspection_c.cpython-310-x86_64-linux-gnu.so
[1.284s] -- Up-to-date symlink: /home/rl-public/workspace/install/controller_manager_msgs/local/lib/python3.10/dist-packages/controller_manager_msgs/controller_manager_msgs_s__rosidl_typesupport_c.cpython-310-x86_64-linux-gnu.so
[1.284s] -- Up-to-date symlink: /home/rl-public/workspace/install/controller_manager_msgs/share/controller_manager_msgs/msg/ControllerState.idl
[1.284s] -- Up-to-date symlink: /home/rl-public/workspace/install/controller_manager_msgs/share/controller_manager_msgs/msg/ChainConnection.idl
[1.284s] -- Up-to-date symlink: /home/rl-public/workspace/install/controller_manager_msgs/share/controller_manager_msgs/msg/HardwareComponentState.idl
[1.286s] -- Up-to-date symlink: /home/rl-public/workspace/install/controller_manager_msgs/share/controller_manager_msgs/msg/HardwareInterface.idl
[1.286s] -- Up-to-date symlink: /home/rl-public/workspace/install/controller_manager_msgs/share/controller_manager_msgs/srv/ConfigureController.idl
[1.287s] -- Up-to-date symlink: /home/rl-public/workspace/install/controller_manager_msgs/share/controller_manager_msgs/srv/ListControllers.idl
[1.287s] -- Up-to-date symlink: /home/rl-public/workspace/install/controller_manager_msgs/share/controller_manager_msgs/srv/ListControllerTypes.idl
[1.287s] -- Up-to-date symlink: /home/rl-public/workspace/install/controller_manager_msgs/share/controller_manager_msgs/srv/ListHardwareComponents.idl
[1.287s] -- Up-to-date symlink: /home/rl-public/workspace/install/controller_manager_msgs/share/controller_manager_msgs/srv/ListHardwareInterfaces.idl
[1.287s] -- Up-to-date symlink: /home/rl-public/workspace/install/controller_manager_msgs/share/controller_manager_msgs/srv/LoadController.idl
[1.287s] -- Up-to-date symlink: /home/rl-public/workspace/install/controller_manager_msgs/share/controller_manager_msgs/srv/ReloadControllerLibraries.idl
[1.287s] -- Up-to-date symlink: /home/rl-public/workspace/install/controller_manager_msgs/share/controller_manager_msgs/srv/SetHardwareComponentState.idl
[1.287s] -- Up-to-date symlink: /home/rl-public/workspace/install/controller_manager_msgs/share/controller_manager_msgs/srv/SwitchController.idl
[1.288s] -- Up-to-date symlink: /home/rl-public/workspace/install/controller_manager_msgs/share/controller_manager_msgs/srv/UnloadController.idl
[1.288s] -- Up-to-date symlink: /home/rl-public/workspace/install/controller_manager_msgs/share/controller_manager_msgs/msg/ControllerState.msg
[1.288s] -- Up-to-date symlink: /home/rl-public/workspace/install/controller_manager_msgs/share/controller_manager_msgs/msg/ChainConnection.msg
[1.288s] -- Up-to-date symlink: /home/rl-public/workspace/install/controller_manager_msgs/share/controller_manager_msgs/msg/HardwareComponentState.msg
[1.288s] -- Up-to-date symlink: /home/rl-public/workspace/install/controller_manager_msgs/share/controller_manager_msgs/msg/HardwareInterface.msg
[1.288s] -- Up-to-date symlink: /home/rl-public/workspace/install/controller_manager_msgs/share/controller_manager_msgs/srv/ConfigureController.srv
[1.290s] -- Up-to-date symlink: /home/rl-public/workspace/install/controller_manager_msgs/share/controller_manager_msgs/srv/ConfigureController_Request.msg
[1.291s] -- Up-to-date symlink: /home/rl-public/workspace/install/controller_manager_msgs/share/controller_manager_msgs/srv/ConfigureController_Response.msg
[1.291s] -- Up-to-date symlink: /home/rl-public/workspace/install/controller_manager_msgs/share/controller_manager_msgs/srv/ListControllers.srv
[1.291s] -- Up-to-date symlink: /home/rl-public/workspace/install/controller_manager_msgs/share/controller_manager_msgs/srv/ListControllers_Request.msg
[1.291s] -- Up-to-date symlink: /home/rl-public/workspace/install/controller_manager_msgs/share/controller_manager_msgs/srv/ListControllers_Response.msg
[1.291s] -- Up-to-date symlink: /home/rl-public/workspace/install/controller_manager_msgs/share/controller_manager_msgs/srv/ListControllerTypes.srv
[1.292s] -- Up-to-date symlink: /home/rl-public/workspace/install/controller_manager_msgs/share/controller_manager_msgs/srv/ListControllerTypes_Request.msg
[1.292s] -- Up-to-date symlink: /home/rl-public/workspace/install/controller_manager_msgs/share/controller_manager_msgs/srv/ListControllerTypes_Response.msg
[1.292s] -- Up-to-date symlink: /home/rl-public/workspace/install/controller_manager_msgs/share/controller_manager_msgs/srv/ListHardwareComponents.srv
[1.292s] -- Up-to-date symlink: /home/rl-public/workspace/install/controller_manager_msgs/share/controller_manager_msgs/srv/ListHardwareComponents_Request.msg
[1.292s] -- Up-to-date symlink: /home/rl-public/workspace/install/controller_manager_msgs/share/controller_manager_msgs/srv/ListHardwareComponents_Response.msg
[1.292s] -- Up-to-date symlink: /home/rl-public/workspace/install/controller_manager_msgs/share/controller_manager_msgs/srv/ListHardwareInterfaces.srv
[1.292s] -- Up-to-date symlink: /home/rl-public/workspace/install/controller_manager_msgs/share/controller_manager_msgs/srv/ListHardwareInterfaces_Request.msg
[1.293s] -- Up-to-date symlink: /home/rl-public/workspace/install/controller_manager_msgs/share/controller_manager_msgs/srv/ListHardwareInterfaces_Response.msg
[1.293s] -- Up-to-date symlink: /home/rl-public/workspace/install/controller_manager_msgs/share/controller_manager_msgs/srv/LoadController.srv
[1.293s] -- Up-to-date symlink: /home/rl-public/workspace/install/controller_manager_msgs/share/controller_manager_msgs/srv/LoadController_Request.msg
[1.294s] -- Up-to-date symlink: /home/rl-public/workspace/install/controller_manager_msgs/share/controller_manager_msgs/srv/LoadController_Response.msg
[1.294s] -- Up-to-date symlink: /home/rl-public/workspace/install/controller_manager_msgs/share/controller_manager_msgs/srv/ReloadControllerLibraries.srv
[1.295s] -- Up-to-date symlink: /home/rl-public/workspace/install/controller_manager_msgs/share/controller_manager_msgs/srv/ReloadControllerLibraries_Request.msg
[1.295s] -- Up-to-date symlink: /home/rl-public/workspace/install/controller_manager_msgs/share/controller_manager_msgs/srv/ReloadControllerLibraries_Response.msg
[1.295s] -- Up-to-date symlink: /home/rl-public/workspace/install/controller_manager_msgs/share/controller_manager_msgs/srv/SetHardwareComponentState.srv
[1.296s] -- Up-to-date symlink: /home/rl-public/workspace/install/controller_manager_msgs/share/controller_manager_msgs/srv/SetHardwareComponentState_Request.msg
[1.296s] -- Up-to-date symlink: /home/rl-public/workspace/install/controller_manager_msgs/share/controller_manager_msgs/srv/SetHardwareComponentState_Response.msg
[1.296s] -- Up-to-date symlink: /home/rl-public/workspace/install/controller_manager_msgs/share/controller_manager_msgs/srv/SwitchController.srv
[1.296s] -- Up-to-date symlink: /home/rl-public/workspace/install/controller_manager_msgs/share/controller_manager_msgs/srv/SwitchController_Request.msg
[1.296s] -- Up-to-date symlink: /home/rl-public/workspace/install/controller_manager_msgs/share/controller_manager_msgs/srv/SwitchController_Response.msg
[1.296s] -- Up-to-date symlink: /home/rl-public/workspace/install/controller_manager_msgs/share/controller_manager_msgs/srv/UnloadController.srv
[1.296s] -- Up-to-date symlink: /home/rl-public/workspace/install/controller_manager_msgs/share/controller_manager_msgs/srv/UnloadController_Request.msg
[1.296s] -- Up-to-date symlink: /home/rl-public/workspace/install/controller_manager_msgs/share/controller_manager_msgs/srv/UnloadController_Response.msg
[1.297s] -- Up-to-date symlink: /home/rl-public/workspace/install/controller_manager_msgs/share/ament_index/resource_index/package_run_dependencies/controller_manager_msgs
[1.297s] -- Up-to-date symlink: /home/rl-public/workspace/install/controller_manager_msgs/share/ament_index/resource_index/parent_prefix_path/controller_manager_msgs
[1.297s] -- Up-to-date symlink: /home/rl-public/workspace/install/controller_manager_msgs/share/controller_manager_msgs/environment/ament_prefix_path.sh
[1.297s] -- Up-to-date symlink: /home/rl-public/workspace/install/controller_manager_msgs/share/controller_manager_msgs/environment/ament_prefix_path.dsv
[1.297s] -- Up-to-date symlink: /home/rl-public/workspace/install/controller_manager_msgs/share/controller_manager_msgs/environment/path.sh
[1.297s] -- Up-to-date symlink: /home/rl-public/workspace/install/controller_manager_msgs/share/controller_manager_msgs/environment/path.dsv
[1.297s] -- Up-to-date symlink: /home/rl-public/workspace/install/controller_manager_msgs/share/controller_manager_msgs/local_setup.bash
[1.297s] -- Up-to-date symlink: /home/rl-public/workspace/install/controller_manager_msgs/share/controller_manager_msgs/local_setup.sh
[1.297s] -- Up-to-date symlink: /home/rl-public/workspace/install/controller_manager_msgs/share/controller_manager_msgs/local_setup.zsh
[1.297s] -- Up-to-date symlink: /home/rl-public/workspace/install/controller_manager_msgs/share/controller_manager_msgs/local_setup.dsv
[1.297s] -- Symlinking: /home/rl-public/workspace/install/controller_manager_msgs/share/controller_manager_msgs/package.dsv
[1.302s] -- Up-to-date symlink: /home/rl-public/workspace/install/controller_manager_msgs/share/ament_index/resource_index/packages/controller_manager_msgs
[1.303s] -- Up-to-date symlink: /home/rl-public/workspace/install/controller_manager_msgs/share/controller_manager_msgs/cmake/rosidl_cmake-extras.cmake
[1.303s] -- Up-to-date symlink: /home/rl-public/workspace/install/controller_manager_msgs/share/controller_manager_msgs/cmake/ament_cmake_export_dependencies-extras.cmake
[1.303s] -- Up-to-date symlink: /home/rl-public/workspace/install/controller_manager_msgs/share/controller_manager_msgs/cmake/ament_cmake_export_include_directories-extras.cmake
[1.303s] -- Up-to-date symlink: /home/rl-public/workspace/install/controller_manager_msgs/share/controller_manager_msgs/cmake/ament_cmake_export_libraries-extras.cmake
[1.303s] -- Up-to-date symlink: /home/rl-public/workspace/install/controller_manager_msgs/share/controller_manager_msgs/cmake/ament_cmake_export_targets-extras.cmake
[1.303s] -- Up-to-date symlink: /home/rl-public/workspace/install/controller_manager_msgs/share/controller_manager_msgs/cmake/rosidl_cmake_export_typesupport_targets-extras.cmake
[1.303s] -- Up-to-date symlink: /home/rl-public/workspace/install/controller_manager_msgs/share/controller_manager_msgs/cmake/rosidl_cmake_export_typesupport_libraries-extras.cmake
[1.303s] -- Up-to-date symlink: /home/rl-public/workspace/install/controller_manager_msgs/share/controller_manager_msgs/cmake/controller_manager_msgsConfig.cmake
[1.303s] -- Up-to-date symlink: /home/rl-public/workspace/install/controller_manager_msgs/share/controller_manager_msgs/cmake/controller_manager_msgsConfig-version.cmake
[1.303s] -- Up-to-date symlink: /home/rl-public/workspace/install/controller_manager_msgs/share/controller_manager_msgs/package.xml
[1.303s] -- Up-to-date: /home/rl-public/workspace/install/controller_manager_msgs/lib/libcontroller_manager_msgs__rosidl_generator_c.so
[1.303s] -- Up-to-date: /home/rl-public/workspace/install/controller_manager_msgs/lib/libcontroller_manager_msgs__rosidl_typesupport_fastrtps_c.so
[1.303s] -- Up-to-date: /home/rl-public/workspace/install/controller_manager_msgs/lib/libcontroller_manager_msgs__rosidl_typesupport_fastrtps_cpp.so
[1.303s] -- Up-to-date: /home/rl-public/workspace/install/controller_manager_msgs/lib/libcontroller_manager_msgs__rosidl_typesupport_introspection_c.so
[1.303s] -- Up-to-date: /home/rl-public/workspace/install/controller_manager_msgs/lib/libcontroller_manager_msgs__rosidl_typesupport_c.so
[1.303s] -- Up-to-date: /home/rl-public/workspace/install/controller_manager_msgs/lib/libcontroller_manager_msgs__rosidl_typesupport_introspection_cpp.so
[1.303s] -- Up-to-date: /home/rl-public/workspace/install/controller_manager_msgs/lib/libcontroller_manager_msgs__rosidl_typesupport_cpp.so
[1.331s] Listing '/home/rl-public/workspace/install/controller_manager_msgs/local/lib/python3.10/dist-packages/controller_manager_msgs'...
[1.331s] Listing '/home/rl-public/workspace/install/controller_manager_msgs/local/lib/python3.10/dist-packages/controller_manager_msgs/msg'...
[1.331s] Listing '/home/rl-public/workspace/install/controller_manager_msgs/local/lib/python3.10/dist-packages/controller_manager_msgs/srv'...
[1.335s] -- Up-to-date: /home/rl-public/workspace/install/controller_manager_msgs/lib/libcontroller_manager_msgs__rosidl_generator_py.so
[1.335s] -- Up-to-date: /home/rl-public/workspace/install/controller_manager_msgs/share/controller_manager_msgs/cmake/export_controller_manager_msgs__rosidl_generator_cExport.cmake
[1.335s] -- Up-to-date: /home/rl-public/workspace/install/controller_manager_msgs/share/controller_manager_msgs/cmake/export_controller_manager_msgs__rosidl_generator_cExport-noconfig.cmake
[1.335s] -- Up-to-date: /home/rl-public/workspace/install/controller_manager_msgs/share/controller_manager_msgs/cmake/export_controller_manager_msgs__rosidl_typesupport_fastrtps_cExport.cmake
[1.335s] -- Up-to-date: /home/rl-public/workspace/install/controller_manager_msgs/share/controller_manager_msgs/cmake/export_controller_manager_msgs__rosidl_typesupport_fastrtps_cExport-noconfig.cmake
[1.335s] -- Up-to-date: /home/rl-public/workspace/install/controller_manager_msgs/share/controller_manager_msgs/cmake/export_controller_manager_msgs__rosidl_generator_cppExport.cmake
[1.335s] -- Up-to-date: /home/rl-public/workspace/install/controller_manager_msgs/share/controller_manager_msgs/cmake/export_controller_manager_msgs__rosidl_typesupport_fastrtps_cppExport.cmake
[1.335s] -- Up-to-date: /home/rl-public/workspace/install/controller_manager_msgs/share/controller_manager_msgs/cmake/export_controller_manager_msgs__rosidl_typesupport_fastrtps_cppExport-noconfig.cmake
[1.335s] -- Up-to-date: /home/rl-public/workspace/install/controller_manager_msgs/share/controller_manager_msgs/cmake/controller_manager_msgs__rosidl_typesupport_introspection_cExport.cmake
[1.336s] -- Up-to-date: /home/rl-public/workspace/install/controller_manager_msgs/share/controller_manager_msgs/cmake/controller_manager_msgs__rosidl_typesupport_introspection_cExport-noconfig.cmake
[1.336s] -- Up-to-date: /home/rl-public/workspace/install/controller_manager_msgs/share/controller_manager_msgs/cmake/controller_manager_msgs__rosidl_typesupport_cExport.cmake
[1.336s] -- Up-to-date: /home/rl-public/workspace/install/controller_manager_msgs/share/controller_manager_msgs/cmake/controller_manager_msgs__rosidl_typesupport_cExport-noconfig.cmake
[1.336s] -- Up-to-date: /home/rl-public/workspace/install/controller_manager_msgs/share/controller_manager_msgs/cmake/controller_manager_msgs__rosidl_typesupport_introspection_cppExport.cmake
[1.336s] -- Up-to-date: /home/rl-public/workspace/install/controller_manager_msgs/share/controller_manager_msgs/cmake/controller_manager_msgs__rosidl_typesupport_introspection_cppExport-noconfig.cmake
[1.336s] -- Up-to-date: /home/rl-public/workspace/install/controller_manager_msgs/share/controller_manager_msgs/cmake/controller_manager_msgs__rosidl_typesupport_cppExport.cmake
[1.336s] -- Up-to-date: /home/rl-public/workspace/install/controller_manager_msgs/share/controller_manager_msgs/cmake/controller_manager_msgs__rosidl_typesupport_cppExport-noconfig.cmake
[1.336s] -- Up-to-date: /home/rl-public/workspace/install/controller_manager_msgs/share/controller_manager_msgs/cmake/export_controller_manager_msgs__rosidl_generator_pyExport.cmake
[1.336s] -- Up-to-date: /home/rl-public/workspace/install/controller_manager_msgs/share/controller_manager_msgs/cmake/export_controller_manager_msgs__rosidl_generator_pyExport-noconfig.cmake
[1.338s] Invoked command in '/home/rl-public/workspace/build/controller_manager_msgs' returned '0': CMAKE_PREFIX_PATH=${CMAKE_PREFIX_PATH}:/home/rl-public/workspace/install/rqt_joint_trajectory_controller:/home/rl-public/workspace/install/rqt_controller_manager:/home/rl-public/workspace/install/ros2controlcli:/home/rl-public/workspace/install/ros2_controllers_test_nodes:/opt/ros/humble /usr/bin/cmake --install /home/rl-public/workspace/build/controller_manager_msgs
