[0.023s] Invoking command in '/home/rl-public/workspace/build/controller_manager': CMAKE_PREFIX_PATH=/home/rl-public/workspace/install/hardware_interface_testing:/home/rl-public/workspace/install/controller_interface:/home/rl-public/workspace/install/hardware_interface:/home/rl-public/workspace/install/ros2_control_test_assets:/home/rl-public/workspace/install/controller_manager_msgs:/home/rl-public/workspace/install/control_msgs:/home/rl-public/workspace/install/ur:/home/rl-public/workspace/install/ur_calibration:/home/rl-public/workspace/install/ur_robot_driver:/home/rl-public/workspace/install/ur_bringup:/home/rl-public/workspace/install/ros2_controllers:/home/rl-public/workspace/install/velocity_controllers:/home/rl-public/workspace/install/ur_controllers:/home/rl-public/workspace/install/ur_msgs:/home/rl-public/workspace/install/ur_moveit_config:/home/rl-public/workspace/install/ur_description:/home/rl-public/workspace/install/ur_dashboard_msgs:/home/rl-public/workspace/install/ur_client_library:/home/rl-public/workspace/install/tricycle_steering_controller:/home/rl-public/workspace/install/tricycle_controller:/home/rl-public/workspace/install/ros2_control:/home/rl-public/workspace/install/transmission_interface:/home/rl-public/workspace/install/bicycle_steering_controller:/home/rl-public/workspace/install/ackermann_steering_controller:/home/rl-public/workspace/install/steering_controllers_library:/home/rl-public/workspace/install/controller_manager:/home/rl-public/workspace/install/range_sensor_broadcaster:/home/rl-public/workspace/install/position_controllers:/home/rl-public/workspace/install/pid_controller:/home/rl-public/workspace/install/kinematics_interface_kdl:/home/rl-public/workspace/install/admittance_controller:/home/rl-public/workspace/install/kinematics_interface:/home/rl-public/workspace/install/joint_trajectory_controller:/home/rl-public/workspace/install/joint_state_broadcaster:/home/rl-public/workspace/install/joint_limits:/home/rl-public/workspace/install/imu_sensor_broadcaster:/home/rl-public/workspace/install/gripper_controllers:/home/rl-public/workspace/install/effort_controllers:/home/rl-public/workspace/install/forward_command_controller:/home/rl-public/workspace/install/force_torque_sensor_broadcaster:/home/rl-public/workspace/install/diff_drive_controller:/home/rl-public/workspace/install/rqt_joint_trajectory_controller:/home/rl-public/workspace/install/rqt_controller_manager:/home/rl-public/workspace/install/ros2controlcli:/home/rl-public/workspace/install/ros2_controllers_test_nodes:/opt/ros/humble LD_LIBRARY_PATH=/home/rl-public/workspace/install/hardware_interface_testing/lib:/home/rl-public/workspace/install/controller_interface/lib:/home/rl-public/workspace/install/hardware_interface/lib:/home/rl-public/workspace/install/controller_manager_msgs/lib:/home/rl-public/workspace/install/control_msgs/lib:/home/rl-public/workspace/install/ur_robot_driver/lib:/home/rl-public/workspace/install/velocity_controllers/lib:/home/rl-public/workspace/install/ur_controllers/lib:/home/rl-public/workspace/install/ur_msgs/lib:/home/rl-public/workspace/install/ur_dashboard_msgs/lib:/home/rl-public/workspace/install/ur_client_library/lib:/home/rl-public/workspace/install/tricycle_steering_controller/lib:/home/rl-public/workspace/install/tricycle_controller/lib:/home/rl-public/workspace/install/transmission_interface/lib:/home/rl-public/workspace/install/bicycle_steering_controller/lib:/home/rl-public/workspace/install/ackermann_steering_controller/lib:/home/rl-public/workspace/install/steering_controllers_library/lib:/home/rl-public/workspace/install/controller_manager/lib:/home/rl-public/workspace/install/range_sensor_broadcaster/lib:/home/rl-public/workspace/install/position_controllers/lib:/home/rl-public/workspace/install/pid_controller/lib:/home/rl-public/workspace/install/kinematics_interface_kdl/lib:/home/rl-public/workspace/install/admittance_controller/lib:/home/rl-public/workspace/install/kinematics_interface/lib:/home/rl-public/workspace/install/joint_trajectory_controller/lib:/home/rl-public/workspace/install/joint_state_broadcaster/lib:/home/rl-public/workspace/install/imu_sensor_broadcaster/lib:/home/rl-public/workspace/install/gripper_controllers/lib:/home/rl-public/workspace/install/effort_controllers/lib:/home/rl-public/workspace/install/forward_command_controller/lib:/home/rl-public/workspace/install/force_torque_sensor_broadcaster/lib:/home/rl-public/workspace/install/diff_drive_controller/lib:/usr/lib/x86_64-linux-gnu/gazebo-11/plugins:/opt/ros/humble/opt/rviz_ogre_vendor/lib:/opt/ros/humble/lib/x86_64-linux-gnu:/opt/ros/humble/lib /usr/bin/cmake /home/rl-public/workspace/ros_ur_driver/src/ros2_control/controller_manager -DAMENT_CMAKE_SYMLINK_INSTALL=1 -DCMAKE_INSTALL_PREFIX=/home/rl-public/workspace/install/controller_manager
[0.074s] -- The C compiler identification is GNU 11.4.0
[0.125s] -- The CXX compiler identification is GNU 11.4.0
[0.131s] -- Detecting C compiler ABI info
[0.198s] -- Detecting C compiler ABI info - done
[0.204s] -- Check for working C compiler: /usr/bin/cc - skipped
[0.204s] -- Detecting C compile features
[0.204s] -- Detecting C compile features - done
[0.207s] -- Detecting CXX compiler ABI info
[0.283s] -- Detecting CXX compiler ABI info - done
[0.289s] -- Check for working CXX compiler: /usr/bin/c++ - skipped
[0.289s] -- Detecting CXX compile features
[0.289s] -- Detecting CXX compile features - done
[0.292s] -- Found ament_cmake: 1.3.10 (/opt/ros/humble/share/ament_cmake/cmake)
[0.433s] -- Found Python3: /usr/bin/python3 (found version "3.10.12") found components: Interpreter 
[0.487s] -- Override CMake install command with custom implementation using symlinks instead of copying resources
[0.529s] -- Found ament_index_cpp: 1.4.0 (/opt/ros/humble/share/ament_index_cpp/cmake)
[0.529s] -- Found controller_interface: 2.43.1 (/home/rl-public/workspace/install/controller_interface/share/controller_interface/cmake)
[0.570s] -- Found rosidl_generator_c: 3.1.5 (/opt/ros/humble/share/rosidl_generator_c/cmake)
[0.576s] -- Found rosidl_adapter: 3.1.5 (/opt/ros/humble/share/rosidl_adapter/cmake)
[0.584s] -- Found rosidl_generator_cpp: 3.1.5 (/opt/ros/humble/share/rosidl_generator_cpp/cmake)
[0.597s] -- Using all available rosidl_typesupport_c: rosidl_typesupport_fastrtps_c;rosidl_typesupport_introspection_c
[0.613s] -- Using all available rosidl_typesupport_cpp: rosidl_typesupport_fastrtps_cpp;rosidl_typesupport_introspection_cpp
[0.801s] -- Found rmw_implementation_cmake: 6.1.2 (/opt/ros/humble/share/rmw_implementation_cmake/cmake)
[0.805s] -- Found rmw_fastrtps_cpp: 6.2.7 (/opt/ros/humble/share/rmw_fastrtps_cpp/cmake)
[0.830s] -- Found TinyXML2 via Config file: TinyXML2_DIR-NOTFOUND
[0.910s] -- Found OpenSSL: /usr/lib/x86_64-linux-gnu/libcrypto.so (found version "3.0.2")  
[0.912s] -- Found TinyXML2 via Config file: TinyXML2_DIR-NOTFOUND
[0.928s] -- Found FastRTPS: /opt/ros/humble/include  
[0.931s] -- Found TinyXML2 via Config file: TinyXML2_DIR-NOTFOUND
[0.938s] -- Found TinyXML2 via Config file: TinyXML2_DIR-NOTFOUND
[0.955s] -- Using RMW implementation 'rmw_fastrtps_cpp' as default
[0.965s] -- Looking for pthread.h
[1.042s] -- Looking for pthread.h - found
[1.042s] -- Performing Test CMAKE_HAVE_LIBC_PTHREAD
[1.122s] -- Performing Test CMAKE_HAVE_LIBC_PTHREAD - Success
[1.123s] -- Found Threads: TRUE  
[1.168s] -- Found controller_manager_msgs: 2.43.1 (/home/rl-public/workspace/install/controller_manager_msgs/share/controller_manager_msgs/cmake)
[1.182s] -- Found realtime_tools: 2.6.0 (/opt/ros/humble/share/realtime_tools/cmake)
[1.240s] -- Found ament_cmake_gmock: 1.3.10 (/opt/ros/humble/share/ament_cmake_gmock/cmake)
[1.241s] -- Found ros2_control_test_assets: 2.43.1 (/home/rl-public/workspace/install/ros2_control_test_assets/share/ros2_control_test_assets/cmake)
[1.246s] -- Found gmock sources under '/opt/ros/humble/src/gmock_vendor': C++ tests using 'Google Mock' will be built
[1.252s] -- Found ament_cmake_gtest: 1.3.10 (/opt/ros/humble/share/ament_cmake_gtest/cmake)
[1.253s] -- Found gtest sources under '/opt/ros/humble/src/gtest_vendor': C++ tests using 'Google Test' will be built
[1.271s] -- Found ament_cmake_pytest: 1.3.10 (/opt/ros/humble/share/ament_cmake_pytest/cmake)
[1.668s] -- Configuring done
[1.856s] -- Generating done
[1.858s] -- Build files have been written to: /home/rl-public/workspace/build/controller_manager
[1.876s] Invoked command in '/home/rl-public/workspace/build/controller_manager' returned '0': CMAKE_PREFIX_PATH=/home/rl-public/workspace/install/hardware_interface_testing:/home/rl-public/workspace/install/controller_interface:/home/rl-public/workspace/install/hardware_interface:/home/rl-public/workspace/install/ros2_control_test_assets:/home/rl-public/workspace/install/controller_manager_msgs:/home/rl-public/workspace/install/control_msgs:/home/rl-public/workspace/install/ur:/home/rl-public/workspace/install/ur_calibration:/home/rl-public/workspace/install/ur_robot_driver:/home/rl-public/workspace/install/ur_bringup:/home/rl-public/workspace/install/ros2_controllers:/home/rl-public/workspace/install/velocity_controllers:/home/rl-public/workspace/install/ur_controllers:/home/rl-public/workspace/install/ur_msgs:/home/rl-public/workspace/install/ur_moveit_config:/home/rl-public/workspace/install/ur_description:/home/rl-public/workspace/install/ur_dashboard_msgs:/home/rl-public/workspace/install/ur_client_library:/home/rl-public/workspace/install/tricycle_steering_controller:/home/rl-public/workspace/install/tricycle_controller:/home/rl-public/workspace/install/ros2_control:/home/rl-public/workspace/install/transmission_interface:/home/rl-public/workspace/install/bicycle_steering_controller:/home/rl-public/workspace/install/ackermann_steering_controller:/home/rl-public/workspace/install/steering_controllers_library:/home/rl-public/workspace/install/controller_manager:/home/rl-public/workspace/install/range_sensor_broadcaster:/home/rl-public/workspace/install/position_controllers:/home/rl-public/workspace/install/pid_controller:/home/rl-public/workspace/install/kinematics_interface_kdl:/home/rl-public/workspace/install/admittance_controller:/home/rl-public/workspace/install/kinematics_interface:/home/rl-public/workspace/install/joint_trajectory_controller:/home/rl-public/workspace/install/joint_state_broadcaster:/home/rl-public/workspace/install/joint_limits:/home/rl-public/workspace/install/imu_sensor_broadcaster:/home/rl-public/workspace/install/gripper_controllers:/home/rl-public/workspace/install/effort_controllers:/home/rl-public/workspace/install/forward_command_controller:/home/rl-public/workspace/install/force_torque_sensor_broadcaster:/home/rl-public/workspace/install/diff_drive_controller:/home/rl-public/workspace/install/rqt_joint_trajectory_controller:/home/rl-public/workspace/install/rqt_controller_manager:/home/rl-public/workspace/install/ros2controlcli:/home/rl-public/workspace/install/ros2_controllers_test_nodes:/opt/ros/humble LD_LIBRARY_PATH=/home/rl-public/workspace/install/hardware_interface_testing/lib:/home/rl-public/workspace/install/controller_interface/lib:/home/rl-public/workspace/install/hardware_interface/lib:/home/rl-public/workspace/install/controller_manager_msgs/lib:/home/rl-public/workspace/install/control_msgs/lib:/home/rl-public/workspace/install/ur_robot_driver/lib:/home/rl-public/workspace/install/velocity_controllers/lib:/home/rl-public/workspace/install/ur_controllers/lib:/home/rl-public/workspace/install/ur_msgs/lib:/home/rl-public/workspace/install/ur_dashboard_msgs/lib:/home/rl-public/workspace/install/ur_client_library/lib:/home/rl-public/workspace/install/tricycle_steering_controller/lib:/home/rl-public/workspace/install/tricycle_controller/lib:/home/rl-public/workspace/install/transmission_interface/lib:/home/rl-public/workspace/install/bicycle_steering_controller/lib:/home/rl-public/workspace/install/ackermann_steering_controller/lib:/home/rl-public/workspace/install/steering_controllers_library/lib:/home/rl-public/workspace/install/controller_manager/lib:/home/rl-public/workspace/install/range_sensor_broadcaster/lib:/home/rl-public/workspace/install/position_controllers/lib:/home/rl-public/workspace/install/pid_controller/lib:/home/rl-public/workspace/install/kinematics_interface_kdl/lib:/home/rl-public/workspace/install/admittance_controller/lib:/home/rl-public/workspace/install/kinematics_interface/lib:/home/rl-public/workspace/install/joint_trajectory_controller/lib:/home/rl-public/workspace/install/joint_state_broadcaster/lib:/home/rl-public/workspace/install/imu_sensor_broadcaster/lib:/home/rl-public/workspace/install/gripper_controllers/lib:/home/rl-public/workspace/install/effort_controllers/lib:/home/rl-public/workspace/install/forward_command_controller/lib:/home/rl-public/workspace/install/force_torque_sensor_broadcaster/lib:/home/rl-public/workspace/install/diff_drive_controller/lib:/usr/lib/x86_64-linux-gnu/gazebo-11/plugins:/opt/ros/humble/opt/rviz_ogre_vendor/lib:/opt/ros/humble/lib/x86_64-linux-gnu:/opt/ros/humble/lib /usr/bin/cmake /home/rl-public/workspace/ros_ur_driver/src/ros2_control/controller_manager -DAMENT_CMAKE_SYMLINK_INSTALL=1 -DCMAKE_INSTALL_PREFIX=/home/rl-public/workspace/install/controller_manager
[1.879s] Invoking command in '/home/rl-public/workspace/build/controller_manager': CMAKE_PREFIX_PATH=/home/rl-public/workspace/install/hardware_interface_testing:/home/rl-public/workspace/install/controller_interface:/home/rl-public/workspace/install/hardware_interface:/home/rl-public/workspace/install/ros2_control_test_assets:/home/rl-public/workspace/install/controller_manager_msgs:/home/rl-public/workspace/install/control_msgs:/home/rl-public/workspace/install/ur:/home/rl-public/workspace/install/ur_calibration:/home/rl-public/workspace/install/ur_robot_driver:/home/rl-public/workspace/install/ur_bringup:/home/rl-public/workspace/install/ros2_controllers:/home/rl-public/workspace/install/velocity_controllers:/home/rl-public/workspace/install/ur_controllers:/home/rl-public/workspace/install/ur_msgs:/home/rl-public/workspace/install/ur_moveit_config:/home/rl-public/workspace/install/ur_description:/home/rl-public/workspace/install/ur_dashboard_msgs:/home/rl-public/workspace/install/ur_client_library:/home/rl-public/workspace/install/tricycle_steering_controller:/home/rl-public/workspace/install/tricycle_controller:/home/rl-public/workspace/install/ros2_control:/home/rl-public/workspace/install/transmission_interface:/home/rl-public/workspace/install/bicycle_steering_controller:/home/rl-public/workspace/install/ackermann_steering_controller:/home/rl-public/workspace/install/steering_controllers_library:/home/rl-public/workspace/install/controller_manager:/home/rl-public/workspace/install/range_sensor_broadcaster:/home/rl-public/workspace/install/position_controllers:/home/rl-public/workspace/install/pid_controller:/home/rl-public/workspace/install/kinematics_interface_kdl:/home/rl-public/workspace/install/admittance_controller:/home/rl-public/workspace/install/kinematics_interface:/home/rl-public/workspace/install/joint_trajectory_controller:/home/rl-public/workspace/install/joint_state_broadcaster:/home/rl-public/workspace/install/joint_limits:/home/rl-public/workspace/install/imu_sensor_broadcaster:/home/rl-public/workspace/install/gripper_controllers:/home/rl-public/workspace/install/effort_controllers:/home/rl-public/workspace/install/forward_command_controller:/home/rl-public/workspace/install/force_torque_sensor_broadcaster:/home/rl-public/workspace/install/diff_drive_controller:/home/rl-public/workspace/install/rqt_joint_trajectory_controller:/home/rl-public/workspace/install/rqt_controller_manager:/home/rl-public/workspace/install/ros2controlcli:/home/rl-public/workspace/install/ros2_controllers_test_nodes:/opt/ros/humble LD_LIBRARY_PATH=/home/rl-public/workspace/install/hardware_interface_testing/lib:/home/rl-public/workspace/install/controller_interface/lib:/home/rl-public/workspace/install/hardware_interface/lib:/home/rl-public/workspace/install/controller_manager_msgs/lib:/home/rl-public/workspace/install/control_msgs/lib:/home/rl-public/workspace/install/ur_robot_driver/lib:/home/rl-public/workspace/install/velocity_controllers/lib:/home/rl-public/workspace/install/ur_controllers/lib:/home/rl-public/workspace/install/ur_msgs/lib:/home/rl-public/workspace/install/ur_dashboard_msgs/lib:/home/rl-public/workspace/install/ur_client_library/lib:/home/rl-public/workspace/install/tricycle_steering_controller/lib:/home/rl-public/workspace/install/tricycle_controller/lib:/home/rl-public/workspace/install/transmission_interface/lib:/home/rl-public/workspace/install/bicycle_steering_controller/lib:/home/rl-public/workspace/install/ackermann_steering_controller/lib:/home/rl-public/workspace/install/steering_controllers_library/lib:/home/rl-public/workspace/install/controller_manager/lib:/home/rl-public/workspace/install/range_sensor_broadcaster/lib:/home/rl-public/workspace/install/position_controllers/lib:/home/rl-public/workspace/install/pid_controller/lib:/home/rl-public/workspace/install/kinematics_interface_kdl/lib:/home/rl-public/workspace/install/admittance_controller/lib:/home/rl-public/workspace/install/kinematics_interface/lib:/home/rl-public/workspace/install/joint_trajectory_controller/lib:/home/rl-public/workspace/install/joint_state_broadcaster/lib:/home/rl-public/workspace/install/imu_sensor_broadcaster/lib:/home/rl-public/workspace/install/gripper_controllers/lib:/home/rl-public/workspace/install/effort_controllers/lib:/home/rl-public/workspace/install/forward_command_controller/lib:/home/rl-public/workspace/install/force_torque_sensor_broadcaster/lib:/home/rl-public/workspace/install/diff_drive_controller/lib:/usr/lib/x86_64-linux-gnu/gazebo-11/plugins:/opt/ros/humble/opt/rviz_ogre_vendor/lib:/opt/ros/humble/lib/x86_64-linux-gnu:/opt/ros/humble/lib /usr/bin/cmake --build /home/rl-public/workspace/build/controller_manager -- -j20 -l20
[1.937s] [  2%] [32mBuilding CXX object CMakeFiles/controller_manager.dir/src/controller_manager.cpp.o[0m
[1.939s] [  5%] [32mBuilding CXX object gmock/CMakeFiles/gmock.dir/opt/ros/humble/src/gtest_vendor/src/gtest-all.cc.o[0m
[1.939s] [  8%] [32mBuilding CXX object gmock/CMakeFiles/gmock_main.dir/src/gmock_main.cc.o[0m
[1.939s] [ 11%] [32mBuilding CXX object gmock/CMakeFiles/gmock.dir/src/gmock-all.cc.o[0m
[1.946s] [ 11%] Built target ament_cmake_python_symlink_controller_manager
[1.946s] [ 11%] Built target ament_cmake_python_symlink_controller_manager_setup
[2.168s] running install_scripts
[2.169s] running egg_info
[2.170s] /usr/lib/python3/dist-packages/setuptools/command/install.py:34: SetuptoolsDeprecationWarning: setup.py install is deprecated. Use build and pip and other standards-based tools.
[2.170s]   warnings.warn(
[2.170s] creating controller_manager.egg-info
[2.171s] writing controller_manager.egg-info/PKG-INFO
[2.171s] writing dependency_links to controller_manager.egg-info/dependency_links.txt
[2.171s] writing entry points to controller_manager.egg-info/entry_points.txt
[2.171s] writing top-level names to controller_manager.egg-info/top_level.txt
[2.171s] writing manifest file 'controller_manager.egg-info/SOURCES.txt'
[2.173s] reading manifest file 'controller_manager.egg-info/SOURCES.txt'
[2.173s] writing manifest file 'controller_manager.egg-info/SOURCES.txt'
[2.191s] running egg_info
[2.192s] writing controller_manager.egg-info/PKG-INFO
[2.192s] writing dependency_links to controller_manager.egg-info/dependency_links.txt
[2.192s] writing entry points to controller_manager.egg-info/entry_points.txt
[2.192s] writing top-level names to controller_manager.egg-info/top_level.txt
[2.194s] reading manifest file 'controller_manager.egg-info/SOURCES.txt'
[2.194s] writing manifest file 'controller_manager.egg-info/SOURCES.txt'
[2.196s] Installing hardware_spawner script to scripts
[2.196s] Installing spawner script to scripts
[2.196s] Installing unspawner script to scripts
[2.205s] [ 11%] Built target ament_cmake_python_build_controller_manager_egg
[2.237s] [ 11%] Built target ament_cmake_python_build_controller_manager_scripts
[2.957s] [ 14%] [32m[1mLinking CXX static library libgmock_main.a[0m
[3.001s] [ 14%] Built target gmock_main
[4.594s] [ 17%] [32m[1mLinking CXX static library libgmock.a[0m
[4.668s] [ 17%] Built target gmock
[18.180s] [ 20%] [32m[1mLinking CXX shared library libcontroller_manager.so[0m
[19.238s] [ 20%] Built target controller_manager
[19.261s] [ 22%] [32mBuilding CXX object CMakeFiles/test_controller_manager_urdf_passing.dir/test/test_controller_manager_urdf_passing.cpp.o[0m
[19.261s] [ 28%] [32mBuilding CXX object CMakeFiles/test_chainable_controller.dir/test/test_chainable_controller/test_chainable_controller.cpp.o[0m
[19.261s] [ 28%] [32mBuilding CXX object CMakeFiles/test_controller_failed_init.dir/test/test_controller_failed_init/test_controller_failed_init.cpp.o[0m
[19.262s] [ 31%] [32mBuilding CXX object CMakeFiles/test_controller_with_interfaces.dir/test/test_controller_with_interfaces/test_controller_with_interfaces.cpp.o[0m
[19.262s] [ 34%] [32mBuilding CXX object CMakeFiles/ros2_control_node.dir/src/ros2_control_node.cpp.o[0m
[19.263s] [ 37%] [32mBuilding CXX object CMakeFiles/test_controller.dir/test/test_controller/test_controller.cpp.o[0m
[22.017s] [ 40%] [32m[1mLinking CXX shared library libtest_controller.so[0m
[22.169s] [ 40%] Built target test_controller
[22.193s] [ 51%] [32mBuilding CXX object CMakeFiles/test_hardware_management_srvs.dir/test/test_hardware_management_srvs.cpp.o[0m
[22.193s] [ 51%] [32mBuilding CXX object CMakeFiles/test_spawner_unspawner.dir/test/test_spawner_unspawner.cpp.o[0m
[22.193s] [ 51%] [32mBuilding CXX object CMakeFiles/test_controller_manager.dir/test/test_controller_manager.cpp.o[0m
[22.193s] [ 51%] [32mBuilding CXX object CMakeFiles/test_controller_manager_with_namespace.cpp.dir/test/test_controller_manager_with_namespace.cpp.o[0m
[22.849s] [ 54%] [32m[1mLinking CXX shared library libtest_controller_with_interfaces.so[0m
[22.856s] [ 57%] [32m[1mLinking CXX shared library libtest_controller_failed_init.so[0m
[22.919s] [ 60%] [32m[1mLinking CXX executable ros2_control_node[0m
[23.001s] [ 60%] Built target test_controller_with_interfaces
[23.009s] [ 60%] Built target test_controller_failed_init
[23.027s] [ 62%] [32mBuilding CXX object CMakeFiles/test_release_interfaces.dir/test/test_release_interfaces.cpp.o[0m
[23.036s] [ 65%] [32mBuilding CXX object CMakeFiles/test_load_controller.dir/test/test_load_controller.cpp.o[0m
[23.700s] [ 65%] Built target ros2_control_node
[25.083s] [ 68%] [32m[1mLinking CXX executable test_controller_manager_urdf_passing[0m
[26.122s] [ 68%] Built target test_controller_manager_urdf_passing
[27.261s] [ 71%] [32m[1mLinking CXX shared library libtest_chainable_controller.so[0m
[27.783s] [ 71%] Built target test_chainable_controller
[27.809s] [ 77%] [32mBuilding CXX object CMakeFiles/test_controller_manager_srvs.dir/test/test_controller_manager_srvs.cpp.o[0m
[27.809s] [ 77%] [32mBuilding CXX object CMakeFiles/test_controllers_chaining_with_controller_manager.dir/test/test_controllers_chaining_with_controller_manager.cpp.o[0m
[28.109s] [ 80%] [32m[1mLinking CXX executable test_controller_manager_with_namespace.cpp[0m
[28.701s] [ 82%] [32m[1mLinking CXX executable test_release_interfaces[0m
[29.008s] [ 85%] [32m[1mLinking CXX executable test_spawner_unspawner[0m
[29.009s] [ 88%] [32m[1mLinking CXX executable test_controller_manager[0m
[29.248s] [ 91%] [32m[1mLinking CXX executable test_hardware_management_srvs[0m
[29.269s] [ 91%] Built target test_controller_manager_with_namespace.cpp
[30.046s] [ 94%] [32m[1mLinking CXX executable test_load_controller[0m
[30.285s] [ 94%] Built target test_release_interfaces
[30.712s] [ 94%] Built target test_spawner_unspawner
[30.792s] [ 94%] Built target test_controller_manager
[30.952s] [ 94%] Built target test_hardware_management_srvs
[31.256s] [ 94%] Built target test_load_controller
[34.626s] [ 97%] [32m[1mLinking CXX executable test_controllers_chaining_with_controller_manager[0m
[35.512s] [ 97%] Built target test_controllers_chaining_with_controller_manager
[38.513s] [100%] [32m[1mLinking CXX executable test_controller_manager_srvs[0m
[39.586s] [100%] Built target test_controller_manager_srvs
[39.598s] Invoked command in '/home/rl-public/workspace/build/controller_manager' returned '0': CMAKE_PREFIX_PATH=/home/rl-public/workspace/install/hardware_interface_testing:/home/rl-public/workspace/install/controller_interface:/home/rl-public/workspace/install/hardware_interface:/home/rl-public/workspace/install/ros2_control_test_assets:/home/rl-public/workspace/install/controller_manager_msgs:/home/rl-public/workspace/install/control_msgs:/home/rl-public/workspace/install/ur:/home/rl-public/workspace/install/ur_calibration:/home/rl-public/workspace/install/ur_robot_driver:/home/rl-public/workspace/install/ur_bringup:/home/rl-public/workspace/install/ros2_controllers:/home/rl-public/workspace/install/velocity_controllers:/home/rl-public/workspace/install/ur_controllers:/home/rl-public/workspace/install/ur_msgs:/home/rl-public/workspace/install/ur_moveit_config:/home/rl-public/workspace/install/ur_description:/home/rl-public/workspace/install/ur_dashboard_msgs:/home/rl-public/workspace/install/ur_client_library:/home/rl-public/workspace/install/tricycle_steering_controller:/home/rl-public/workspace/install/tricycle_controller:/home/rl-public/workspace/install/ros2_control:/home/rl-public/workspace/install/transmission_interface:/home/rl-public/workspace/install/bicycle_steering_controller:/home/rl-public/workspace/install/ackermann_steering_controller:/home/rl-public/workspace/install/steering_controllers_library:/home/rl-public/workspace/install/controller_manager:/home/rl-public/workspace/install/range_sensor_broadcaster:/home/rl-public/workspace/install/position_controllers:/home/rl-public/workspace/install/pid_controller:/home/rl-public/workspace/install/kinematics_interface_kdl:/home/rl-public/workspace/install/admittance_controller:/home/rl-public/workspace/install/kinematics_interface:/home/rl-public/workspace/install/joint_trajectory_controller:/home/rl-public/workspace/install/joint_state_broadcaster:/home/rl-public/workspace/install/joint_limits:/home/rl-public/workspace/install/imu_sensor_broadcaster:/home/rl-public/workspace/install/gripper_controllers:/home/rl-public/workspace/install/effort_controllers:/home/rl-public/workspace/install/forward_command_controller:/home/rl-public/workspace/install/force_torque_sensor_broadcaster:/home/rl-public/workspace/install/diff_drive_controller:/home/rl-public/workspace/install/rqt_joint_trajectory_controller:/home/rl-public/workspace/install/rqt_controller_manager:/home/rl-public/workspace/install/ros2controlcli:/home/rl-public/workspace/install/ros2_controllers_test_nodes:/opt/ros/humble LD_LIBRARY_PATH=/home/rl-public/workspace/install/hardware_interface_testing/lib:/home/rl-public/workspace/install/controller_interface/lib:/home/rl-public/workspace/install/hardware_interface/lib:/home/rl-public/workspace/install/controller_manager_msgs/lib:/home/rl-public/workspace/install/control_msgs/lib:/home/rl-public/workspace/install/ur_robot_driver/lib:/home/rl-public/workspace/install/velocity_controllers/lib:/home/rl-public/workspace/install/ur_controllers/lib:/home/rl-public/workspace/install/ur_msgs/lib:/home/rl-public/workspace/install/ur_dashboard_msgs/lib:/home/rl-public/workspace/install/ur_client_library/lib:/home/rl-public/workspace/install/tricycle_steering_controller/lib:/home/rl-public/workspace/install/tricycle_controller/lib:/home/rl-public/workspace/install/transmission_interface/lib:/home/rl-public/workspace/install/bicycle_steering_controller/lib:/home/rl-public/workspace/install/ackermann_steering_controller/lib:/home/rl-public/workspace/install/steering_controllers_library/lib:/home/rl-public/workspace/install/controller_manager/lib:/home/rl-public/workspace/install/range_sensor_broadcaster/lib:/home/rl-public/workspace/install/position_controllers/lib:/home/rl-public/workspace/install/pid_controller/lib:/home/rl-public/workspace/install/kinematics_interface_kdl/lib:/home/rl-public/workspace/install/admittance_controller/lib:/home/rl-public/workspace/install/kinematics_interface/lib:/home/rl-public/workspace/install/joint_trajectory_controller/lib:/home/rl-public/workspace/install/joint_state_broadcaster/lib:/home/rl-public/workspace/install/imu_sensor_broadcaster/lib:/home/rl-public/workspace/install/gripper_controllers/lib:/home/rl-public/workspace/install/effort_controllers/lib:/home/rl-public/workspace/install/forward_command_controller/lib:/home/rl-public/workspace/install/force_torque_sensor_broadcaster/lib:/home/rl-public/workspace/install/diff_drive_controller/lib:/usr/lib/x86_64-linux-gnu/gazebo-11/plugins:/opt/ros/humble/opt/rviz_ogre_vendor/lib:/opt/ros/humble/lib/x86_64-linux-gnu:/opt/ros/humble/lib /usr/bin/cmake --build /home/rl-public/workspace/build/controller_manager -- -j20 -l20
[39.726s] Invoking command in '/home/rl-public/workspace/build/controller_manager': CMAKE_PREFIX_PATH=/home/rl-public/workspace/install/hardware_interface_testing:/home/rl-public/workspace/install/controller_interface:/home/rl-public/workspace/install/hardware_interface:/home/rl-public/workspace/install/ros2_control_test_assets:/home/rl-public/workspace/install/controller_manager_msgs:/home/rl-public/workspace/install/control_msgs:/home/rl-public/workspace/install/ur:/home/rl-public/workspace/install/ur_calibration:/home/rl-public/workspace/install/ur_robot_driver:/home/rl-public/workspace/install/ur_bringup:/home/rl-public/workspace/install/ros2_controllers:/home/rl-public/workspace/install/velocity_controllers:/home/rl-public/workspace/install/ur_controllers:/home/rl-public/workspace/install/ur_msgs:/home/rl-public/workspace/install/ur_moveit_config:/home/rl-public/workspace/install/ur_description:/home/rl-public/workspace/install/ur_dashboard_msgs:/home/rl-public/workspace/install/ur_client_library:/home/rl-public/workspace/install/tricycle_steering_controller:/home/rl-public/workspace/install/tricycle_controller:/home/rl-public/workspace/install/ros2_control:/home/rl-public/workspace/install/transmission_interface:/home/rl-public/workspace/install/bicycle_steering_controller:/home/rl-public/workspace/install/ackermann_steering_controller:/home/rl-public/workspace/install/steering_controllers_library:/home/rl-public/workspace/install/controller_manager:/home/rl-public/workspace/install/range_sensor_broadcaster:/home/rl-public/workspace/install/position_controllers:/home/rl-public/workspace/install/pid_controller:/home/rl-public/workspace/install/kinematics_interface_kdl:/home/rl-public/workspace/install/admittance_controller:/home/rl-public/workspace/install/kinematics_interface:/home/rl-public/workspace/install/joint_trajectory_controller:/home/rl-public/workspace/install/joint_state_broadcaster:/home/rl-public/workspace/install/joint_limits:/home/rl-public/workspace/install/imu_sensor_broadcaster:/home/rl-public/workspace/install/gripper_controllers:/home/rl-public/workspace/install/effort_controllers:/home/rl-public/workspace/install/forward_command_controller:/home/rl-public/workspace/install/force_torque_sensor_broadcaster:/home/rl-public/workspace/install/diff_drive_controller:/home/rl-public/workspace/install/rqt_joint_trajectory_controller:/home/rl-public/workspace/install/rqt_controller_manager:/home/rl-public/workspace/install/ros2controlcli:/home/rl-public/workspace/install/ros2_controllers_test_nodes:/opt/ros/humble LD_LIBRARY_PATH=/home/rl-public/workspace/install/hardware_interface_testing/lib:/home/rl-public/workspace/install/controller_interface/lib:/home/rl-public/workspace/install/hardware_interface/lib:/home/rl-public/workspace/install/controller_manager_msgs/lib:/home/rl-public/workspace/install/control_msgs/lib:/home/rl-public/workspace/install/ur_robot_driver/lib:/home/rl-public/workspace/install/velocity_controllers/lib:/home/rl-public/workspace/install/ur_controllers/lib:/home/rl-public/workspace/install/ur_msgs/lib:/home/rl-public/workspace/install/ur_dashboard_msgs/lib:/home/rl-public/workspace/install/ur_client_library/lib:/home/rl-public/workspace/install/tricycle_steering_controller/lib:/home/rl-public/workspace/install/tricycle_controller/lib:/home/rl-public/workspace/install/transmission_interface/lib:/home/rl-public/workspace/install/bicycle_steering_controller/lib:/home/rl-public/workspace/install/ackermann_steering_controller/lib:/home/rl-public/workspace/install/steering_controllers_library/lib:/home/rl-public/workspace/install/controller_manager/lib:/home/rl-public/workspace/install/range_sensor_broadcaster/lib:/home/rl-public/workspace/install/position_controllers/lib:/home/rl-public/workspace/install/pid_controller/lib:/home/rl-public/workspace/install/kinematics_interface_kdl/lib:/home/rl-public/workspace/install/admittance_controller/lib:/home/rl-public/workspace/install/kinematics_interface/lib:/home/rl-public/workspace/install/joint_trajectory_controller/lib:/home/rl-public/workspace/install/joint_state_broadcaster/lib:/home/rl-public/workspace/install/imu_sensor_broadcaster/lib:/home/rl-public/workspace/install/gripper_controllers/lib:/home/rl-public/workspace/install/effort_controllers/lib:/home/rl-public/workspace/install/forward_command_controller/lib:/home/rl-public/workspace/install/force_torque_sensor_broadcaster/lib:/home/rl-public/workspace/install/diff_drive_controller/lib:/usr/lib/x86_64-linux-gnu/gazebo-11/plugins:/opt/ros/humble/opt/rviz_ogre_vendor/lib:/opt/ros/humble/lib/x86_64-linux-gnu:/opt/ros/humble/lib /usr/bin/cmake --install /home/rl-public/workspace/build/controller_manager
[39.733s] -- Install configuration: ""
[39.733s] -- Execute custom install script
[39.733s] -- Symlinking: /home/rl-public/workspace/install/controller_manager/lib/libcontroller_manager.so
[39.743s] -- Symlinking: /home/rl-public/workspace/install/controller_manager/lib/controller_manager/ros2_control_node
[39.750s] -- Symlinking: /home/rl-public/workspace/install/controller_manager/include/controller_manager/controller_manager.hpp
[39.757s] -- Symlinking: /home/rl-public/workspace/install/controller_manager/include/controller_manager/controller_spec.hpp
[39.765s] -- Symlinking: /home/rl-public/workspace/install/controller_manager/include/controller_manager/visibility_control.h
[39.773s] -- Symlinking: /home/rl-public/workspace/install/controller_manager/share/controller_manager/test/test_controller/test_controller.xml
[39.783s] -- Symlinking: /home/rl-public/workspace/install/controller_manager/lib/libtest_controller.so
[39.791s] -- Symlinking: /home/rl-public/workspace/install/controller_manager/share/controller_manager/test/test_controller_failed_init/test_controller_failed_init.xml
[39.798s] -- Symlinking: /home/rl-public/workspace/install/controller_manager/lib/libtest_controller_failed_init.so
[39.805s] -- Symlinking: /home/rl-public/workspace/install/controller_manager/share/controller_manager/test/test_chainable_controller/test_chainable_controller.xml
[39.812s] -- Symlinking: /home/rl-public/workspace/install/controller_manager/lib/libtest_chainable_controller.so
[39.819s] -- Symlinking: /home/rl-public/workspace/install/controller_manager/share/controller_manager/test/test_controller_with_interfaces/test_controller_with_interfaces.xml
[39.827s] -- Symlinking: /home/rl-public/workspace/install/controller_manager/lib/libtest_controller_with_interfaces.so
[39.833s] -- Symlinking: /home/rl-public/workspace/install/controller_manager/test/test_controller_spawner_with_type.yaml
[39.840s] -- Symlinking: /home/rl-public/workspace/install/controller_manager/test/test_ros2_control_node.yaml
[39.849s] -- Symlinking: /home/rl-public/workspace/install/controller_manager/share/controller_manager/environment/pythonpath.sh
[39.856s] -- Symlinking: /home/rl-public/workspace/install/controller_manager/share/controller_manager/environment/pythonpath.dsv
[39.863s] -- Symlinking: /home/rl-public/workspace/install/controller_manager/local/lib/python3.10/dist-packages/controller_manager-2.43.1-py3.10.egg-info/PKG-INFO
[39.871s] -- Symlinking: /home/rl-public/workspace/install/controller_manager/local/lib/python3.10/dist-packages/controller_manager-2.43.1-py3.10.egg-info/SOURCES.txt
[39.879s] -- Symlinking: /home/rl-public/workspace/install/controller_manager/local/lib/python3.10/dist-packages/controller_manager-2.43.1-py3.10.egg-info/dependency_links.txt
[39.888s] -- Symlinking: /home/rl-public/workspace/install/controller_manager/local/lib/python3.10/dist-packages/controller_manager-2.43.1-py3.10.egg-info/entry_points.txt
[39.895s] -- Symlinking: /home/rl-public/workspace/install/controller_manager/local/lib/python3.10/dist-packages/controller_manager-2.43.1-py3.10.egg-info/top_level.txt
[39.907s] -- Symlinking: /home/rl-public/workspace/install/controller_manager/lib/controller_manager//hardware_spawner
[39.914s] -- Symlinking: /home/rl-public/workspace/install/controller_manager/lib/controller_manager//spawner
[39.921s] -- Symlinking: /home/rl-public/workspace/install/controller_manager/lib/controller_manager//unspawner
[39.928s] -- Symlinking: /home/rl-public/workspace/install/controller_manager/local/lib/python3.10/dist-packages/controller_manager/__init__.py
[39.935s] -- Symlinking: /home/rl-public/workspace/install/controller_manager/local/lib/python3.10/dist-packages/controller_manager/controller_manager_services.py
[39.946s] -- Symlinking: /home/rl-public/workspace/install/controller_manager/local/lib/python3.10/dist-packages/controller_manager/hardware_spawner.py
[39.957s] -- Symlinking: /home/rl-public/workspace/install/controller_manager/local/lib/python3.10/dist-packages/controller_manager/launch_utils.py
[39.964s] -- Symlinking: /home/rl-public/workspace/install/controller_manager/local/lib/python3.10/dist-packages/controller_manager/spawner.py
[39.971s] -- Symlinking: /home/rl-public/workspace/install/controller_manager/local/lib/python3.10/dist-packages/controller_manager/unspawner.py
[39.978s] -- Symlinking: /home/rl-public/workspace/install/controller_manager/share/controller_manager/environment/library_path.sh
[39.988s] -- Symlinking: /home/rl-public/workspace/install/controller_manager/share/controller_manager/environment/library_path.dsv
[39.996s] -- Symlinking: /home/rl-public/workspace/install/controller_manager/share/ament_index/resource_index/package_run_dependencies/controller_manager
[40.006s] -- Symlinking: /home/rl-public/workspace/install/controller_manager/share/ament_index/resource_index/parent_prefix_path/controller_manager
[40.013s] -- Symlinking: /home/rl-public/workspace/install/controller_manager/share/controller_manager/environment/ament_prefix_path.sh
[40.025s] -- Symlinking: /home/rl-public/workspace/install/controller_manager/share/controller_manager/environment/ament_prefix_path.dsv
[40.035s] -- Symlinking: /home/rl-public/workspace/install/controller_manager/share/controller_manager/environment/path.sh
[40.042s] -- Symlinking: /home/rl-public/workspace/install/controller_manager/share/controller_manager/environment/path.dsv
[40.050s] -- Symlinking: /home/rl-public/workspace/install/controller_manager/share/controller_manager/local_setup.bash
[40.057s] -- Symlinking: /home/rl-public/workspace/install/controller_manager/share/controller_manager/local_setup.sh
[40.064s] -- Symlinking: /home/rl-public/workspace/install/controller_manager/share/controller_manager/local_setup.zsh
[40.074s] -- Symlinking: /home/rl-public/workspace/install/controller_manager/share/controller_manager/local_setup.dsv
[40.082s] -- Symlinking: /home/rl-public/workspace/install/controller_manager/share/controller_manager/package.dsv
[40.091s] -- Symlinking: /home/rl-public/workspace/install/controller_manager/share/ament_index/resource_index/packages/controller_manager
[40.098s] -- Symlinking: /home/rl-public/workspace/install/controller_manager/share/ament_index/resource_index/controller_interface__pluginlib__plugin/controller_manager
[40.107s] -- Symlinking: /home/rl-public/workspace/install/controller_manager/share/controller_manager/cmake/ament_cmake_export_libraries-extras.cmake
[40.114s] -- Symlinking: /home/rl-public/workspace/install/controller_manager/share/controller_manager/cmake/ament_cmake_export_include_directories-extras.cmake
[40.121s] -- Symlinking: /home/rl-public/workspace/install/controller_manager/share/controller_manager/cmake/ament_cmake_export_dependencies-extras.cmake
[40.128s] -- Symlinking: /home/rl-public/workspace/install/controller_manager/share/controller_manager/cmake/controller_managerConfig.cmake
[40.135s] -- Symlinking: /home/rl-public/workspace/install/controller_manager/share/controller_manager/cmake/controller_managerConfig-version.cmake
[40.142s] -- Symlinking: /home/rl-public/workspace/install/controller_manager/share/controller_manager/package.xml
[40.184s] Listing '/home/rl-public/workspace/install/controller_manager/local/lib/python3.10/dist-packages/controller_manager'...
[40.184s] Compiling '/home/rl-public/workspace/install/controller_manager/local/lib/python3.10/dist-packages/controller_manager/__init__.py'...
[40.184s] Compiling '/home/rl-public/workspace/install/controller_manager/local/lib/python3.10/dist-packages/controller_manager/controller_manager_services.py'...
[40.184s] Compiling '/home/rl-public/workspace/install/controller_manager/local/lib/python3.10/dist-packages/controller_manager/hardware_spawner.py'...
[40.185s] Compiling '/home/rl-public/workspace/install/controller_manager/local/lib/python3.10/dist-packages/controller_manager/launch_utils.py'...
[40.185s] Compiling '/home/rl-public/workspace/install/controller_manager/local/lib/python3.10/dist-packages/controller_manager/spawner.py'...
[40.185s] Compiling '/home/rl-public/workspace/install/controller_manager/local/lib/python3.10/dist-packages/controller_manager/unspawner.py'...
[40.192s] Invoked command in '/home/rl-public/workspace/build/controller_manager' returned '0': CMAKE_PREFIX_PATH=/home/rl-public/workspace/install/hardware_interface_testing:/home/rl-public/workspace/install/controller_interface:/home/rl-public/workspace/install/hardware_interface:/home/rl-public/workspace/install/ros2_control_test_assets:/home/rl-public/workspace/install/controller_manager_msgs:/home/rl-public/workspace/install/control_msgs:/home/rl-public/workspace/install/ur:/home/rl-public/workspace/install/ur_calibration:/home/rl-public/workspace/install/ur_robot_driver:/home/rl-public/workspace/install/ur_bringup:/home/rl-public/workspace/install/ros2_controllers:/home/rl-public/workspace/install/velocity_controllers:/home/rl-public/workspace/install/ur_controllers:/home/rl-public/workspace/install/ur_msgs:/home/rl-public/workspace/install/ur_moveit_config:/home/rl-public/workspace/install/ur_description:/home/rl-public/workspace/install/ur_dashboard_msgs:/home/rl-public/workspace/install/ur_client_library:/home/rl-public/workspace/install/tricycle_steering_controller:/home/rl-public/workspace/install/tricycle_controller:/home/rl-public/workspace/install/ros2_control:/home/rl-public/workspace/install/transmission_interface:/home/rl-public/workspace/install/bicycle_steering_controller:/home/rl-public/workspace/install/ackermann_steering_controller:/home/rl-public/workspace/install/steering_controllers_library:/home/rl-public/workspace/install/controller_manager:/home/rl-public/workspace/install/range_sensor_broadcaster:/home/rl-public/workspace/install/position_controllers:/home/rl-public/workspace/install/pid_controller:/home/rl-public/workspace/install/kinematics_interface_kdl:/home/rl-public/workspace/install/admittance_controller:/home/rl-public/workspace/install/kinematics_interface:/home/rl-public/workspace/install/joint_trajectory_controller:/home/rl-public/workspace/install/joint_state_broadcaster:/home/rl-public/workspace/install/joint_limits:/home/rl-public/workspace/install/imu_sensor_broadcaster:/home/rl-public/workspace/install/gripper_controllers:/home/rl-public/workspace/install/effort_controllers:/home/rl-public/workspace/install/forward_command_controller:/home/rl-public/workspace/install/force_torque_sensor_broadcaster:/home/rl-public/workspace/install/diff_drive_controller:/home/rl-public/workspace/install/rqt_joint_trajectory_controller:/home/rl-public/workspace/install/rqt_controller_manager:/home/rl-public/workspace/install/ros2controlcli:/home/rl-public/workspace/install/ros2_controllers_test_nodes:/opt/ros/humble LD_LIBRARY_PATH=/home/rl-public/workspace/install/hardware_interface_testing/lib:/home/rl-public/workspace/install/controller_interface/lib:/home/rl-public/workspace/install/hardware_interface/lib:/home/rl-public/workspace/install/controller_manager_msgs/lib:/home/rl-public/workspace/install/control_msgs/lib:/home/rl-public/workspace/install/ur_robot_driver/lib:/home/rl-public/workspace/install/velocity_controllers/lib:/home/rl-public/workspace/install/ur_controllers/lib:/home/rl-public/workspace/install/ur_msgs/lib:/home/rl-public/workspace/install/ur_dashboard_msgs/lib:/home/rl-public/workspace/install/ur_client_library/lib:/home/rl-public/workspace/install/tricycle_steering_controller/lib:/home/rl-public/workspace/install/tricycle_controller/lib:/home/rl-public/workspace/install/transmission_interface/lib:/home/rl-public/workspace/install/bicycle_steering_controller/lib:/home/rl-public/workspace/install/ackermann_steering_controller/lib:/home/rl-public/workspace/install/steering_controllers_library/lib:/home/rl-public/workspace/install/controller_manager/lib:/home/rl-public/workspace/install/range_sensor_broadcaster/lib:/home/rl-public/workspace/install/position_controllers/lib:/home/rl-public/workspace/install/pid_controller/lib:/home/rl-public/workspace/install/kinematics_interface_kdl/lib:/home/rl-public/workspace/install/admittance_controller/lib:/home/rl-public/workspace/install/kinematics_interface/lib:/home/rl-public/workspace/install/joint_trajectory_controller/lib:/home/rl-public/workspace/install/joint_state_broadcaster/lib:/home/rl-public/workspace/install/imu_sensor_broadcaster/lib:/home/rl-public/workspace/install/gripper_controllers/lib:/home/rl-public/workspace/install/effort_controllers/lib:/home/rl-public/workspace/install/forward_command_controller/lib:/home/rl-public/workspace/install/force_torque_sensor_broadcaster/lib:/home/rl-public/workspace/install/diff_drive_controller/lib:/usr/lib/x86_64-linux-gnu/gazebo-11/plugins:/opt/ros/humble/opt/rviz_ogre_vendor/lib:/opt/ros/humble/lib/x86_64-linux-gnu:/opt/ros/humble/lib /usr/bin/cmake --install /home/rl-public/workspace/build/controller_manager
