[0.024s] Invoking command in '/home/rl-public/workspace/build/controller_manager': CMAKE_PREFIX_PATH=/home/rl-public/workspace/install/hardware_interface_testing:/home/rl-public/workspace/install/controller_interface:/home/rl-public/workspace/install/hardware_interface:/home/rl-public/workspace/install/ros2_control_test_assets:/home/rl-public/workspace/install/controller_manager_msgs:/home/rl-public/workspace/install/control_msgs:/home/rl-public/workspace/install/ur:/home/rl-public/workspace/install/ur_calibration:/home/rl-public/workspace/install/ur_robot_driver:/home/rl-public/workspace/install/ur_bringup:/home/rl-public/workspace/install/ros2_controllers:/home/rl-public/workspace/install/velocity_controllers:/home/rl-public/workspace/install/ur_controllers:/home/rl-public/workspace/install/ur_msgs:/home/rl-public/workspace/install/ur_moveit_config:/home/rl-public/workspace/install/ur_description:/home/rl-public/workspace/install/ur_dashboard_msgs:/home/rl-public/workspace/install/ur_client_library:/home/rl-public/workspace/install/tricycle_steering_controller:/home/rl-public/workspace/install/tricycle_controller:/home/rl-public/workspace/install/ros2_control:/home/rl-public/workspace/install/transmission_interface:/home/rl-public/workspace/install/bicycle_steering_controller:/home/rl-public/workspace/install/ackermann_steering_controller:/home/rl-public/workspace/install/steering_controllers_library:/home/rl-public/workspace/install/controller_manager:/home/rl-public/workspace/install/range_sensor_broadcaster:/home/rl-public/workspace/install/position_controllers:/home/rl-public/workspace/install/pid_controller:/home/rl-public/workspace/install/kinematics_interface_kdl:/home/rl-public/workspace/install/admittance_controller:/home/rl-public/workspace/install/kinematics_interface:/home/rl-public/workspace/install/joint_trajectory_controller:/home/rl-public/workspace/install/joint_state_broadcaster:/home/rl-public/workspace/install/joint_limits:/home/rl-public/workspace/install/imu_sensor_broadcaster:/home/rl-public/workspace/install/gripper_controllers:/home/rl-public/workspace/install/effort_controllers:/home/rl-public/workspace/install/forward_command_controller:/home/rl-public/workspace/install/force_torque_sensor_broadcaster:/home/rl-public/workspace/install/diff_drive_controller:/home/rl-public/workspace/install/rqt_joint_trajectory_controller:/home/rl-public/workspace/install/rqt_controller_manager:/home/rl-public/workspace/install/ros2controlcli:/home/rl-public/workspace/install/ros2_controllers_test_nodes:/opt/ros/humble LD_LIBRARY_PATH=/home/rl-public/workspace/install/hardware_interface_testing/lib:/home/rl-public/workspace/install/controller_interface/lib:/home/rl-public/workspace/install/hardware_interface/lib:/home/rl-public/workspace/install/controller_manager_msgs/lib:/home/rl-public/workspace/install/control_msgs/lib:/home/rl-public/workspace/install/ur_robot_driver/lib:/home/rl-public/workspace/install/velocity_controllers/lib:/home/rl-public/workspace/install/ur_controllers/lib:/home/rl-public/workspace/install/ur_msgs/lib:/home/rl-public/workspace/install/ur_dashboard_msgs/lib:/home/rl-public/workspace/install/ur_client_library/lib:/home/rl-public/workspace/install/tricycle_steering_controller/lib:/home/rl-public/workspace/install/tricycle_controller/lib:/home/rl-public/workspace/install/transmission_interface/lib:/home/rl-public/workspace/install/bicycle_steering_controller/lib:/home/rl-public/workspace/install/ackermann_steering_controller/lib:/home/rl-public/workspace/install/steering_controllers_library/lib:/home/rl-public/workspace/install/controller_manager/lib:/home/rl-public/workspace/install/range_sensor_broadcaster/lib:/home/rl-public/workspace/install/position_controllers/lib:/home/rl-public/workspace/install/pid_controller/lib:/home/rl-public/workspace/install/kinematics_interface_kdl/lib:/home/rl-public/workspace/install/admittance_controller/lib:/home/rl-public/workspace/install/kinematics_interface/lib:/home/rl-public/workspace/install/joint_trajectory_controller/lib:/home/rl-public/workspace/install/joint_state_broadcaster/lib:/home/rl-public/workspace/install/imu_sensor_broadcaster/lib:/home/rl-public/workspace/install/gripper_controllers/lib:/home/rl-public/workspace/install/effort_controllers/lib:/home/rl-public/workspace/install/forward_command_controller/lib:/home/rl-public/workspace/install/force_torque_sensor_broadcaster/lib:/home/rl-public/workspace/install/diff_drive_controller/lib:/usr/lib/x86_64-linux-gnu/gazebo-11/plugins:/opt/ros/humble/opt/rviz_ogre_vendor/lib:/opt/ros/humble/lib/x86_64-linux-gnu:/opt/ros/humble/lib /usr/bin/cmake --build /home/rl-public/workspace/build/controller_manager -- -j20 -l20
[0.074s] [35m[1mConsolidate compiler generated dependencies of target gmock_main[0m
[0.074s] [35m[1mConsolidate compiler generated dependencies of target controller_manager[0m
[0.074s] [35m[1mConsolidate compiler generated dependencies of target gmock[0m
[0.088s] [  5%] Built target gmock_main
[0.089s] [ 14%] Built target gmock
[0.093s] [ 20%] Built target controller_manager
[0.094s] [ 20%] Built target ament_cmake_python_symlink_controller_manager_setup
[0.094s] [ 20%] Built target ament_cmake_python_symlink_controller_manager
[0.107s] [35m[1mConsolidate compiler generated dependencies of target test_controller[0m
[0.107s] [35m[1mConsolidate compiler generated dependencies of target test_chainable_controller[0m
[0.108s] [35m[1mConsolidate compiler generated dependencies of target ros2_control_node[0m
[0.108s] [35m[1mConsolidate compiler generated dependencies of target test_controller_with_interfaces[0m
[0.108s] [35m[1mConsolidate compiler generated dependencies of target test_controller_manager_urdf_passing[0m
[0.108s] [35m[1mConsolidate compiler generated dependencies of target test_controller_failed_init[0m
[0.128s] [ 48%] Built target ros2_control_node
[0.128s] [ 48%] Built target test_controller_failed_init
[0.128s] [ 48%] Built target test_controller_with_interfaces
[0.128s] [ 48%] Built target test_controller
[0.128s] [ 54%] Built target test_chainable_controller
[0.128s] [ 54%] Built target test_controller_manager_urdf_passing
[0.142s] [35m[1mConsolidate compiler generated dependencies of target test_load_controller[0m
[0.142s] [35m[1mConsolidate compiler generated dependencies of target test_controller_manager[0m
[0.142s] [35m[1mConsolidate compiler generated dependencies of target test_controller_manager_with_namespace.cpp[0m
[0.142s] [35m[1mConsolidate compiler generated dependencies of target test_controller_manager_srvs[0m
[0.142s] [35m[1mConsolidate compiler generated dependencies of target test_controllers_chaining_with_controller_manager[0m
[0.143s] [35m[1mConsolidate compiler generated dependencies of target test_spawner_unspawner[0m
[0.143s] [35m[1mConsolidate compiler generated dependencies of target test_hardware_management_srvs[0m
[0.145s] [35m[1mConsolidate compiler generated dependencies of target test_release_interfaces[0m
[0.163s] [ 74%] Built target test_load_controller
[0.164s] [ 74%] Built target test_controller_manager_srvs
[0.164s] [ 77%] Built target test_controllers_chaining_with_controller_manager
[0.164s] [ 77%] Built target test_spawner_unspawner
[0.164s] [ 82%] Built target test_controller_manager
[0.165s] [ 88%] Built target test_controller_manager_with_namespace.cpp
[0.165s] [ 94%] Built target test_release_interfaces
[0.167s] [100%] Built target test_hardware_management_srvs
[0.317s] running install_scripts
[0.318s] running egg_info
[0.319s] /usr/lib/python3/dist-packages/setuptools/command/install.py:34: SetuptoolsDeprecationWarning: setup.py install is deprecated. Use build and pip and other standards-based tools.
[0.319s]   warnings.warn(
[0.320s] writing controller_manager.egg-info/PKG-INFO
[0.320s] writing dependency_links to controller_manager.egg-info/dependency_links.txt
[0.320s] writing entry points to controller_manager.egg-info/entry_points.txt
[0.320s] writing top-level names to controller_manager.egg-info/top_level.txt
[0.321s] reading manifest file 'controller_manager.egg-info/SOURCES.txt'
[0.322s] writing manifest file 'controller_manager.egg-info/SOURCES.txt'
[0.339s] running egg_info
[0.339s] writing controller_manager.egg-info/PKG-INFO
[0.339s] writing dependency_links to controller_manager.egg-info/dependency_links.txt
[0.340s] writing entry points to controller_manager.egg-info/entry_points.txt
[0.340s] writing top-level names to controller_manager.egg-info/top_level.txt
[0.341s] reading manifest file 'controller_manager.egg-info/SOURCES.txt'
[0.342s] writing manifest file 'controller_manager.egg-info/SOURCES.txt'
[0.343s] Installing hardware_spawner script to scripts
[0.343s] Installing spawner script to scripts
[0.343s] Installing unspawner script to scripts
[0.357s] [100%] Built target ament_cmake_python_build_controller_manager_egg
[0.377s] [100%] Built target ament_cmake_python_build_controller_manager_scripts
[0.393s] Invoked command in '/home/rl-public/workspace/build/controller_manager' returned '0': CMAKE_PREFIX_PATH=/home/rl-public/workspace/install/hardware_interface_testing:/home/rl-public/workspace/install/controller_interface:/home/rl-public/workspace/install/hardware_interface:/home/rl-public/workspace/install/ros2_control_test_assets:/home/rl-public/workspace/install/controller_manager_msgs:/home/rl-public/workspace/install/control_msgs:/home/rl-public/workspace/install/ur:/home/rl-public/workspace/install/ur_calibration:/home/rl-public/workspace/install/ur_robot_driver:/home/rl-public/workspace/install/ur_bringup:/home/rl-public/workspace/install/ros2_controllers:/home/rl-public/workspace/install/velocity_controllers:/home/rl-public/workspace/install/ur_controllers:/home/rl-public/workspace/install/ur_msgs:/home/rl-public/workspace/install/ur_moveit_config:/home/rl-public/workspace/install/ur_description:/home/rl-public/workspace/install/ur_dashboard_msgs:/home/rl-public/workspace/install/ur_client_library:/home/rl-public/workspace/install/tricycle_steering_controller:/home/rl-public/workspace/install/tricycle_controller:/home/rl-public/workspace/install/ros2_control:/home/rl-public/workspace/install/transmission_interface:/home/rl-public/workspace/install/bicycle_steering_controller:/home/rl-public/workspace/install/ackermann_steering_controller:/home/rl-public/workspace/install/steering_controllers_library:/home/rl-public/workspace/install/controller_manager:/home/rl-public/workspace/install/range_sensor_broadcaster:/home/rl-public/workspace/install/position_controllers:/home/rl-public/workspace/install/pid_controller:/home/rl-public/workspace/install/kinematics_interface_kdl:/home/rl-public/workspace/install/admittance_controller:/home/rl-public/workspace/install/kinematics_interface:/home/rl-public/workspace/install/joint_trajectory_controller:/home/rl-public/workspace/install/joint_state_broadcaster:/home/rl-public/workspace/install/joint_limits:/home/rl-public/workspace/install/imu_sensor_broadcaster:/home/rl-public/workspace/install/gripper_controllers:/home/rl-public/workspace/install/effort_controllers:/home/rl-public/workspace/install/forward_command_controller:/home/rl-public/workspace/install/force_torque_sensor_broadcaster:/home/rl-public/workspace/install/diff_drive_controller:/home/rl-public/workspace/install/rqt_joint_trajectory_controller:/home/rl-public/workspace/install/rqt_controller_manager:/home/rl-public/workspace/install/ros2controlcli:/home/rl-public/workspace/install/ros2_controllers_test_nodes:/opt/ros/humble LD_LIBRARY_PATH=/home/rl-public/workspace/install/hardware_interface_testing/lib:/home/rl-public/workspace/install/controller_interface/lib:/home/rl-public/workspace/install/hardware_interface/lib:/home/rl-public/workspace/install/controller_manager_msgs/lib:/home/rl-public/workspace/install/control_msgs/lib:/home/rl-public/workspace/install/ur_robot_driver/lib:/home/rl-public/workspace/install/velocity_controllers/lib:/home/rl-public/workspace/install/ur_controllers/lib:/home/rl-public/workspace/install/ur_msgs/lib:/home/rl-public/workspace/install/ur_dashboard_msgs/lib:/home/rl-public/workspace/install/ur_client_library/lib:/home/rl-public/workspace/install/tricycle_steering_controller/lib:/home/rl-public/workspace/install/tricycle_controller/lib:/home/rl-public/workspace/install/transmission_interface/lib:/home/rl-public/workspace/install/bicycle_steering_controller/lib:/home/rl-public/workspace/install/ackermann_steering_controller/lib:/home/rl-public/workspace/install/steering_controllers_library/lib:/home/rl-public/workspace/install/controller_manager/lib:/home/rl-public/workspace/install/range_sensor_broadcaster/lib:/home/rl-public/workspace/install/position_controllers/lib:/home/rl-public/workspace/install/pid_controller/lib:/home/rl-public/workspace/install/kinematics_interface_kdl/lib:/home/rl-public/workspace/install/admittance_controller/lib:/home/rl-public/workspace/install/kinematics_interface/lib:/home/rl-public/workspace/install/joint_trajectory_controller/lib:/home/rl-public/workspace/install/joint_state_broadcaster/lib:/home/rl-public/workspace/install/imu_sensor_broadcaster/lib:/home/rl-public/workspace/install/gripper_controllers/lib:/home/rl-public/workspace/install/effort_controllers/lib:/home/rl-public/workspace/install/forward_command_controller/lib:/home/rl-public/workspace/install/force_torque_sensor_broadcaster/lib:/home/rl-public/workspace/install/diff_drive_controller/lib:/usr/lib/x86_64-linux-gnu/gazebo-11/plugins:/opt/ros/humble/opt/rviz_ogre_vendor/lib:/opt/ros/humble/lib/x86_64-linux-gnu:/opt/ros/humble/lib /usr/bin/cmake --build /home/rl-public/workspace/build/controller_manager -- -j20 -l20
[0.531s] Invoking command in '/home/rl-public/workspace/build/controller_manager': CMAKE_PREFIX_PATH=/home/rl-public/workspace/install/hardware_interface_testing:/home/rl-public/workspace/install/controller_interface:/home/rl-public/workspace/install/hardware_interface:/home/rl-public/workspace/install/ros2_control_test_assets:/home/rl-public/workspace/install/controller_manager_msgs:/home/rl-public/workspace/install/control_msgs:/home/rl-public/workspace/install/ur:/home/rl-public/workspace/install/ur_calibration:/home/rl-public/workspace/install/ur_robot_driver:/home/rl-public/workspace/install/ur_bringup:/home/rl-public/workspace/install/ros2_controllers:/home/rl-public/workspace/install/velocity_controllers:/home/rl-public/workspace/install/ur_controllers:/home/rl-public/workspace/install/ur_msgs:/home/rl-public/workspace/install/ur_moveit_config:/home/rl-public/workspace/install/ur_description:/home/rl-public/workspace/install/ur_dashboard_msgs:/home/rl-public/workspace/install/ur_client_library:/home/rl-public/workspace/install/tricycle_steering_controller:/home/rl-public/workspace/install/tricycle_controller:/home/rl-public/workspace/install/ros2_control:/home/rl-public/workspace/install/transmission_interface:/home/rl-public/workspace/install/bicycle_steering_controller:/home/rl-public/workspace/install/ackermann_steering_controller:/home/rl-public/workspace/install/steering_controllers_library:/home/rl-public/workspace/install/controller_manager:/home/rl-public/workspace/install/range_sensor_broadcaster:/home/rl-public/workspace/install/position_controllers:/home/rl-public/workspace/install/pid_controller:/home/rl-public/workspace/install/kinematics_interface_kdl:/home/rl-public/workspace/install/admittance_controller:/home/rl-public/workspace/install/kinematics_interface:/home/rl-public/workspace/install/joint_trajectory_controller:/home/rl-public/workspace/install/joint_state_broadcaster:/home/rl-public/workspace/install/joint_limits:/home/rl-public/workspace/install/imu_sensor_broadcaster:/home/rl-public/workspace/install/gripper_controllers:/home/rl-public/workspace/install/effort_controllers:/home/rl-public/workspace/install/forward_command_controller:/home/rl-public/workspace/install/force_torque_sensor_broadcaster:/home/rl-public/workspace/install/diff_drive_controller:/home/rl-public/workspace/install/rqt_joint_trajectory_controller:/home/rl-public/workspace/install/rqt_controller_manager:/home/rl-public/workspace/install/ros2controlcli:/home/rl-public/workspace/install/ros2_controllers_test_nodes:/opt/ros/humble LD_LIBRARY_PATH=/home/rl-public/workspace/install/hardware_interface_testing/lib:/home/rl-public/workspace/install/controller_interface/lib:/home/rl-public/workspace/install/hardware_interface/lib:/home/rl-public/workspace/install/controller_manager_msgs/lib:/home/rl-public/workspace/install/control_msgs/lib:/home/rl-public/workspace/install/ur_robot_driver/lib:/home/rl-public/workspace/install/velocity_controllers/lib:/home/rl-public/workspace/install/ur_controllers/lib:/home/rl-public/workspace/install/ur_msgs/lib:/home/rl-public/workspace/install/ur_dashboard_msgs/lib:/home/rl-public/workspace/install/ur_client_library/lib:/home/rl-public/workspace/install/tricycle_steering_controller/lib:/home/rl-public/workspace/install/tricycle_controller/lib:/home/rl-public/workspace/install/transmission_interface/lib:/home/rl-public/workspace/install/bicycle_steering_controller/lib:/home/rl-public/workspace/install/ackermann_steering_controller/lib:/home/rl-public/workspace/install/steering_controllers_library/lib:/home/rl-public/workspace/install/controller_manager/lib:/home/rl-public/workspace/install/range_sensor_broadcaster/lib:/home/rl-public/workspace/install/position_controllers/lib:/home/rl-public/workspace/install/pid_controller/lib:/home/rl-public/workspace/install/kinematics_interface_kdl/lib:/home/rl-public/workspace/install/admittance_controller/lib:/home/rl-public/workspace/install/kinematics_interface/lib:/home/rl-public/workspace/install/joint_trajectory_controller/lib:/home/rl-public/workspace/install/joint_state_broadcaster/lib:/home/rl-public/workspace/install/imu_sensor_broadcaster/lib:/home/rl-public/workspace/install/gripper_controllers/lib:/home/rl-public/workspace/install/effort_controllers/lib:/home/rl-public/workspace/install/forward_command_controller/lib:/home/rl-public/workspace/install/force_torque_sensor_broadcaster/lib:/home/rl-public/workspace/install/diff_drive_controller/lib:/usr/lib/x86_64-linux-gnu/gazebo-11/plugins:/opt/ros/humble/opt/rviz_ogre_vendor/lib:/opt/ros/humble/lib/x86_64-linux-gnu:/opt/ros/humble/lib /usr/bin/cmake --install /home/rl-public/workspace/build/controller_manager
[0.543s] -- Install configuration: ""
[0.543s] -- Execute custom install script
[0.543s] -- Up-to-date symlink: /home/rl-public/workspace/install/controller_manager/lib/libcontroller_manager.so
[0.544s] -- Up-to-date symlink: /home/rl-public/workspace/install/controller_manager/lib/controller_manager/ros2_control_node
[0.544s] -- Up-to-date symlink: /home/rl-public/workspace/install/controller_manager/include/controller_manager/controller_manager.hpp
[0.544s] -- Up-to-date symlink: /home/rl-public/workspace/install/controller_manager/include/controller_manager/controller_spec.hpp
[0.544s] -- Up-to-date symlink: /home/rl-public/workspace/install/controller_manager/include/controller_manager/visibility_control.h
[0.544s] -- Up-to-date symlink: /home/rl-public/workspace/install/controller_manager/share/controller_manager/test/test_controller/test_controller.xml
[0.544s] -- Up-to-date symlink: /home/rl-public/workspace/install/controller_manager/lib/libtest_controller.so
[0.544s] -- Up-to-date symlink: /home/rl-public/workspace/install/controller_manager/share/controller_manager/test/test_controller_failed_init/test_controller_failed_init.xml
[0.545s] -- Up-to-date symlink: /home/rl-public/workspace/install/controller_manager/lib/libtest_controller_failed_init.so
[0.545s] -- Up-to-date symlink: /home/rl-public/workspace/install/controller_manager/share/controller_manager/test/test_chainable_controller/test_chainable_controller.xml
[0.545s] -- Up-to-date symlink: /home/rl-public/workspace/install/controller_manager/lib/libtest_chainable_controller.so
[0.545s] -- Up-to-date symlink: /home/rl-public/workspace/install/controller_manager/share/controller_manager/test/test_controller_with_interfaces/test_controller_with_interfaces.xml
[0.545s] -- Up-to-date symlink: /home/rl-public/workspace/install/controller_manager/lib/libtest_controller_with_interfaces.so
[0.545s] -- Up-to-date symlink: /home/rl-public/workspace/install/controller_manager/test/test_controller_spawner_with_type.yaml
[0.545s] -- Up-to-date symlink: /home/rl-public/workspace/install/controller_manager/test/test_ros2_control_node.yaml
[0.545s] -- Up-to-date symlink: /home/rl-public/workspace/install/controller_manager/share/controller_manager/environment/pythonpath.sh
[0.545s] -- Up-to-date symlink: /home/rl-public/workspace/install/controller_manager/share/controller_manager/environment/pythonpath.dsv
[0.546s] -- Up-to-date symlink: /home/rl-public/workspace/install/controller_manager/local/lib/python3.10/dist-packages/controller_manager-2.43.1-py3.10.egg-info/PKG-INFO
[0.546s] -- Up-to-date symlink: /home/rl-public/workspace/install/controller_manager/local/lib/python3.10/dist-packages/controller_manager-2.43.1-py3.10.egg-info/SOURCES.txt
[0.546s] -- Up-to-date symlink: /home/rl-public/workspace/install/controller_manager/local/lib/python3.10/dist-packages/controller_manager-2.43.1-py3.10.egg-info/dependency_links.txt
[0.546s] -- Up-to-date symlink: /home/rl-public/workspace/install/controller_manager/local/lib/python3.10/dist-packages/controller_manager-2.43.1-py3.10.egg-info/entry_points.txt
[0.546s] -- Up-to-date symlink: /home/rl-public/workspace/install/controller_manager/local/lib/python3.10/dist-packages/controller_manager-2.43.1-py3.10.egg-info/top_level.txt
[0.546s] -- Up-to-date symlink: /home/rl-public/workspace/install/controller_manager/lib/controller_manager//hardware_spawner
[0.546s] -- Up-to-date symlink: /home/rl-public/workspace/install/controller_manager/lib/controller_manager//spawner
[0.546s] -- Up-to-date symlink: /home/rl-public/workspace/install/controller_manager/lib/controller_manager//unspawner
[0.547s] -- Up-to-date symlink: /home/rl-public/workspace/install/controller_manager/local/lib/python3.10/dist-packages/controller_manager/__init__.py
[0.547s] -- Up-to-date symlink: /home/rl-public/workspace/install/controller_manager/local/lib/python3.10/dist-packages/controller_manager/controller_manager_services.py
[0.547s] -- Up-to-date symlink: /home/rl-public/workspace/install/controller_manager/local/lib/python3.10/dist-packages/controller_manager/hardware_spawner.py
[0.547s] -- Up-to-date symlink: /home/rl-public/workspace/install/controller_manager/local/lib/python3.10/dist-packages/controller_manager/launch_utils.py
[0.547s] -- Up-to-date symlink: /home/rl-public/workspace/install/controller_manager/local/lib/python3.10/dist-packages/controller_manager/spawner.py
[0.547s] -- Up-to-date symlink: /home/rl-public/workspace/install/controller_manager/local/lib/python3.10/dist-packages/controller_manager/unspawner.py
[0.547s] -- Up-to-date symlink: /home/rl-public/workspace/install/controller_manager/share/controller_manager/environment/library_path.sh
[0.547s] -- Up-to-date symlink: /home/rl-public/workspace/install/controller_manager/share/controller_manager/environment/library_path.dsv
[0.547s] -- Up-to-date symlink: /home/rl-public/workspace/install/controller_manager/share/ament_index/resource_index/package_run_dependencies/controller_manager
[0.547s] -- Up-to-date symlink: /home/rl-public/workspace/install/controller_manager/share/ament_index/resource_index/parent_prefix_path/controller_manager
[0.547s] -- Up-to-date symlink: /home/rl-public/workspace/install/controller_manager/share/controller_manager/environment/ament_prefix_path.sh
[0.548s] -- Up-to-date symlink: /home/rl-public/workspace/install/controller_manager/share/controller_manager/environment/ament_prefix_path.dsv
[0.548s] -- Up-to-date symlink: /home/rl-public/workspace/install/controller_manager/share/controller_manager/environment/path.sh
[0.548s] -- Up-to-date symlink: /home/rl-public/workspace/install/controller_manager/share/controller_manager/environment/path.dsv
[0.548s] -- Up-to-date symlink: /home/rl-public/workspace/install/controller_manager/share/controller_manager/local_setup.bash
[0.548s] -- Up-to-date symlink: /home/rl-public/workspace/install/controller_manager/share/controller_manager/local_setup.sh
[0.548s] -- Up-to-date symlink: /home/rl-public/workspace/install/controller_manager/share/controller_manager/local_setup.zsh
[0.548s] -- Up-to-date symlink: /home/rl-public/workspace/install/controller_manager/share/controller_manager/local_setup.dsv
[0.548s] -- Symlinking: /home/rl-public/workspace/install/controller_manager/share/controller_manager/package.dsv
[0.559s] -- Up-to-date symlink: /home/rl-public/workspace/install/controller_manager/share/ament_index/resource_index/packages/controller_manager
[0.559s] -- Up-to-date symlink: /home/rl-public/workspace/install/controller_manager/share/ament_index/resource_index/controller_interface__pluginlib__plugin/controller_manager
[0.559s] -- Up-to-date symlink: /home/rl-public/workspace/install/controller_manager/share/controller_manager/cmake/ament_cmake_export_libraries-extras.cmake
[0.560s] -- Up-to-date symlink: /home/rl-public/workspace/install/controller_manager/share/controller_manager/cmake/ament_cmake_export_include_directories-extras.cmake
[0.560s] -- Up-to-date symlink: /home/rl-public/workspace/install/controller_manager/share/controller_manager/cmake/ament_cmake_export_dependencies-extras.cmake
[0.560s] -- Up-to-date symlink: /home/rl-public/workspace/install/controller_manager/share/controller_manager/cmake/controller_managerConfig.cmake
[0.560s] -- Up-to-date symlink: /home/rl-public/workspace/install/controller_manager/share/controller_manager/cmake/controller_managerConfig-version.cmake
[0.560s] -- Up-to-date symlink: /home/rl-public/workspace/install/controller_manager/share/controller_manager/package.xml
[0.598s] Listing '/home/rl-public/workspace/install/controller_manager/local/lib/python3.10/dist-packages/controller_manager'...
[0.605s] Invoked command in '/home/rl-public/workspace/build/controller_manager' returned '0': CMAKE_PREFIX_PATH=/home/rl-public/workspace/install/hardware_interface_testing:/home/rl-public/workspace/install/controller_interface:/home/rl-public/workspace/install/hardware_interface:/home/rl-public/workspace/install/ros2_control_test_assets:/home/rl-public/workspace/install/controller_manager_msgs:/home/rl-public/workspace/install/control_msgs:/home/rl-public/workspace/install/ur:/home/rl-public/workspace/install/ur_calibration:/home/rl-public/workspace/install/ur_robot_driver:/home/rl-public/workspace/install/ur_bringup:/home/rl-public/workspace/install/ros2_controllers:/home/rl-public/workspace/install/velocity_controllers:/home/rl-public/workspace/install/ur_controllers:/home/rl-public/workspace/install/ur_msgs:/home/rl-public/workspace/install/ur_moveit_config:/home/rl-public/workspace/install/ur_description:/home/rl-public/workspace/install/ur_dashboard_msgs:/home/rl-public/workspace/install/ur_client_library:/home/rl-public/workspace/install/tricycle_steering_controller:/home/rl-public/workspace/install/tricycle_controller:/home/rl-public/workspace/install/ros2_control:/home/rl-public/workspace/install/transmission_interface:/home/rl-public/workspace/install/bicycle_steering_controller:/home/rl-public/workspace/install/ackermann_steering_controller:/home/rl-public/workspace/install/steering_controllers_library:/home/rl-public/workspace/install/controller_manager:/home/rl-public/workspace/install/range_sensor_broadcaster:/home/rl-public/workspace/install/position_controllers:/home/rl-public/workspace/install/pid_controller:/home/rl-public/workspace/install/kinematics_interface_kdl:/home/rl-public/workspace/install/admittance_controller:/home/rl-public/workspace/install/kinematics_interface:/home/rl-public/workspace/install/joint_trajectory_controller:/home/rl-public/workspace/install/joint_state_broadcaster:/home/rl-public/workspace/install/joint_limits:/home/rl-public/workspace/install/imu_sensor_broadcaster:/home/rl-public/workspace/install/gripper_controllers:/home/rl-public/workspace/install/effort_controllers:/home/rl-public/workspace/install/forward_command_controller:/home/rl-public/workspace/install/force_torque_sensor_broadcaster:/home/rl-public/workspace/install/diff_drive_controller:/home/rl-public/workspace/install/rqt_joint_trajectory_controller:/home/rl-public/workspace/install/rqt_controller_manager:/home/rl-public/workspace/install/ros2controlcli:/home/rl-public/workspace/install/ros2_controllers_test_nodes:/opt/ros/humble LD_LIBRARY_PATH=/home/rl-public/workspace/install/hardware_interface_testing/lib:/home/rl-public/workspace/install/controller_interface/lib:/home/rl-public/workspace/install/hardware_interface/lib:/home/rl-public/workspace/install/controller_manager_msgs/lib:/home/rl-public/workspace/install/control_msgs/lib:/home/rl-public/workspace/install/ur_robot_driver/lib:/home/rl-public/workspace/install/velocity_controllers/lib:/home/rl-public/workspace/install/ur_controllers/lib:/home/rl-public/workspace/install/ur_msgs/lib:/home/rl-public/workspace/install/ur_dashboard_msgs/lib:/home/rl-public/workspace/install/ur_client_library/lib:/home/rl-public/workspace/install/tricycle_steering_controller/lib:/home/rl-public/workspace/install/tricycle_controller/lib:/home/rl-public/workspace/install/transmission_interface/lib:/home/rl-public/workspace/install/bicycle_steering_controller/lib:/home/rl-public/workspace/install/ackermann_steering_controller/lib:/home/rl-public/workspace/install/steering_controllers_library/lib:/home/rl-public/workspace/install/controller_manager/lib:/home/rl-public/workspace/install/range_sensor_broadcaster/lib:/home/rl-public/workspace/install/position_controllers/lib:/home/rl-public/workspace/install/pid_controller/lib:/home/rl-public/workspace/install/kinematics_interface_kdl/lib:/home/rl-public/workspace/install/admittance_controller/lib:/home/rl-public/workspace/install/kinematics_interface/lib:/home/rl-public/workspace/install/joint_trajectory_controller/lib:/home/rl-public/workspace/install/joint_state_broadcaster/lib:/home/rl-public/workspace/install/imu_sensor_broadcaster/lib:/home/rl-public/workspace/install/gripper_controllers/lib:/home/rl-public/workspace/install/effort_controllers/lib:/home/rl-public/workspace/install/forward_command_controller/lib:/home/rl-public/workspace/install/force_torque_sensor_broadcaster/lib:/home/rl-public/workspace/install/diff_drive_controller/lib:/usr/lib/x86_64-linux-gnu/gazebo-11/plugins:/opt/ros/humble/opt/rviz_ogre_vendor/lib:/opt/ros/humble/lib/x86_64-linux-gnu:/opt/ros/humble/lib /usr/bin/cmake --install /home/rl-public/workspace/build/controller_manager
