[0.006s] Invoking command in '/home/rl-public/workspace/ros_ur_driver/build/ur_controllers': AMENT_PREFIX_PATH=/home/rl-public/workspace/ros_ur_driver/install/ur_dashboard_msgs:${AMENT_PREFIX_PATH} CMAKE_PREFIX_PATH=/home/rl-public/workspace/ros_ur_driver/install/ur_dashboard_msgs:/opt/ros/humble LD_LIBRARY_PATH=/home/rl-public/workspace/ros_ur_driver/install/ur_dashboard_msgs/lib:${LD_LIBRARY_PATH} PYTHONPATH=/home/rl-public/workspace/ros_ur_driver/install/ur_dashboard_msgs/local/lib/python3.10/dist-packages:${PYTHONPATH} /usr/bin/cmake /home/rl-public/workspace/ros_ur_driver/src/Universal_Robots_ROS2_Driver/ur_controllers -DCMAKE_BUILD_TYPE=Release -DCMAKE_INSTALL_PREFIX=/home/rl-public/workspace/ros_ur_driver/install/ur_controllers
[0.052s] -- The C compiler identification is GNU 11.4.0
[0.097s] -- The CXX compiler identification is GNU 11.4.0
[0.104s] -- Detecting C compiler ABI info
[0.162s] -- Detecting C compiler ABI info - done
[0.168s] -- Check for working C compiler: /usr/bin/cc - skipped
[0.168s] -- Detecting C compile features
[0.168s] -- Detecting C compile features - done
[0.171s] -- Detecting CXX compiler ABI info
[0.237s] -- Detecting CXX compiler ABI info - done
[0.243s] -- Check for working CXX compiler: /usr/bin/c++ - skipped
[0.243s] -- Detecting CXX compile features
[0.244s] -- Detecting CXX compile features - done
[0.245s] -- Found ament_cmake: 1.3.10 (/opt/ros/humble/share/ament_cmake/cmake)
[0.368s] -- Found Python3: /usr/bin/python3 (found version "3.10.12") found components: Interpreter 
[0.446s] -- Found angles: 1.15.0 (/opt/ros/humble/share/angles/cmake)
[0.448s] -- Found controller_interface: 2.43.1 (/opt/ros/humble/share/controller_interface/cmake)
[0.482s] -- Found rosidl_generator_c: 3.1.5 (/opt/ros/humble/share/rosidl_generator_c/cmake)
[0.488s] -- Found rosidl_adapter: 3.1.5 (/opt/ros/humble/share/rosidl_adapter/cmake)
[0.499s] -- Found rosidl_generator_cpp: 3.1.5 (/opt/ros/humble/share/rosidl_generator_cpp/cmake)
[0.510s] -- Using all available rosidl_typesupport_c: rosidl_typesupport_fastrtps_c;rosidl_typesupport_introspection_c
[0.526s] -- Using all available rosidl_typesupport_cpp: rosidl_typesupport_fastrtps_cpp;rosidl_typesupport_introspection_cpp
[0.704s] -- Found rmw_implementation_cmake: 6.1.2 (/opt/ros/humble/share/rmw_implementation_cmake/cmake)
[0.706s] -- Found rmw_fastrtps_cpp: 6.2.7 (/opt/ros/humble/share/rmw_fastrtps_cpp/cmake)
[0.728s] -- Found TinyXML2 via Config file: TinyXML2_DIR-NOTFOUND
[0.778s] -- Found OpenSSL: /usr/lib/x86_64-linux-gnu/libcrypto.so (found version "3.0.2")  
[0.780s] -- Found TinyXML2 via Config file: TinyXML2_DIR-NOTFOUND
[0.793s] -- Found FastRTPS: /opt/ros/humble/include  
[0.796s] -- Found TinyXML2 via Config file: TinyXML2_DIR-NOTFOUND
[0.803s] -- Found TinyXML2 via Config file: TinyXML2_DIR-NOTFOUND
[0.812s] -- Using RMW implementation 'rmw_fastrtps_cpp' as default
[0.819s] -- Looking for pthread.h
[0.881s] -- Looking for pthread.h - found
[0.881s] -- Performing Test CMAKE_HAVE_LIBC_PTHREAD
[0.944s] -- Performing Test CMAKE_HAVE_LIBC_PTHREAD - Success
[0.945s] -- Found Threads: TRUE  
[0.992s] -- Found joint_trajectory_controller: 2.37.3 (/opt/ros/humble/share/joint_trajectory_controller/cmake)
[1.017s] -- Found parameter_traits: 0.3.8 (/opt/ros/humble/share/parameter_traits/cmake)
[1.045s] -- Found std_srvs: 4.2.4 (/opt/ros/humble/share/std_srvs/cmake)
[1.052s] -- Found ur_dashboard_msgs: 2.2.16 (/home/rl-public/workspace/ros_ur_driver/install/ur_dashboard_msgs/share/ur_dashboard_msgs/cmake)
[1.066s] -- Found ur_msgs: 2.0.1 (/opt/ros/humble/share/ur_msgs/cmake)
[1.145s] -- Configuring done
[1.168s] -- Generating done
[1.170s] -- Build files have been written to: /home/rl-public/workspace/ros_ur_driver/build/ur_controllers
[1.184s] Invoked command in '/home/rl-public/workspace/ros_ur_driver/build/ur_controllers' returned '0': AMENT_PREFIX_PATH=/home/rl-public/workspace/ros_ur_driver/install/ur_dashboard_msgs:${AMENT_PREFIX_PATH} CMAKE_PREFIX_PATH=/home/rl-public/workspace/ros_ur_driver/install/ur_dashboard_msgs:/opt/ros/humble LD_LIBRARY_PATH=/home/rl-public/workspace/ros_ur_driver/install/ur_dashboard_msgs/lib:${LD_LIBRARY_PATH} PYTHONPATH=/home/rl-public/workspace/ros_ur_driver/install/ur_dashboard_msgs/local/lib/python3.10/dist-packages:${PYTHONPATH} /usr/bin/cmake /home/rl-public/workspace/ros_ur_driver/src/Universal_Robots_ROS2_Driver/ur_controllers -DCMAKE_BUILD_TYPE=Release -DCMAKE_INSTALL_PREFIX=/home/rl-public/workspace/ros_ur_driver/install/ur_controllers
[1.185s] Invoking command in '/home/rl-public/workspace/ros_ur_driver/build/ur_controllers': AMENT_PREFIX_PATH=/home/rl-public/workspace/ros_ur_driver/install/ur_dashboard_msgs:${AMENT_PREFIX_PATH} CMAKE_PREFIX_PATH=/home/rl-public/workspace/ros_ur_driver/install/ur_dashboard_msgs:/opt/ros/humble LD_LIBRARY_PATH=/home/rl-public/workspace/ros_ur_driver/install/ur_dashboard_msgs/lib:${LD_LIBRARY_PATH} PYTHONPATH=/home/rl-public/workspace/ros_ur_driver/install/ur_dashboard_msgs/local/lib/python3.10/dist-packages:${PYTHONPATH} /usr/bin/cmake --build /home/rl-public/workspace/ros_ur_driver/build/ur_controllers -- -j20 -l20
[1.232s] [ 11%] [34m[1mRunning `/opt/ros/humble/bin/generate_parameter_library_cpp /home/rl-public/workspace/ros_ur_driver/build/ur_controllers/scaled_joint_trajectory_controller_parameters/include//scaled_joint_trajectory_controller_parameters.hpp /home/rl-public/workspace/ros_ur_driver/src/Universal_Robots_ROS2_Driver/ur_controllers/src/scaled_joint_trajectory_controller_parameters.yaml `[0m
[1.232s] [ 22%] [34m[1mRunning `/opt/ros/humble/bin/generate_parameter_library_cpp /home/rl-public/workspace/ros_ur_driver/build/ur_controllers/ur_configuration_controller_parameters/include//ur_configuration_controller_parameters.hpp /home/rl-public/workspace/ros_ur_driver/src/Universal_Robots_ROS2_Driver/ur_controllers/src/ur_configuration_controller_parameters.yaml `[0m
[1.232s] [ 33%] [34m[1mRunning `/opt/ros/humble/bin/generate_parameter_library_cpp /home/rl-public/workspace/ros_ur_driver/build/ur_controllers/speed_scaling_state_broadcaster_parameters/include//speed_scaling_state_broadcaster_parameters.hpp /home/rl-public/workspace/ros_ur_driver/src/Universal_Robots_ROS2_Driver/ur_controllers/src/speed_scaling_state_broadcaster_parameters.yaml `[0m
[1.233s] [ 44%] [34m[1mRunning `/opt/ros/humble/bin/generate_parameter_library_cpp /home/rl-public/workspace/ros_ur_driver/build/ur_controllers/gpio_controller_parameters/include//gpio_controller_parameters.hpp /home/rl-public/workspace/ros_ur_driver/src/Universal_Robots_ROS2_Driver/ur_controllers/src/gpio_controller_parameters.yaml `[0m
[1.350s] [ 44%] Built target scaled_joint_trajectory_controller_parameters
[1.354s] [ 44%] Built target ur_configuration_controller_parameters
[1.364s] [ 44%] Built target speed_scaling_state_broadcaster_parameters
[1.364s] [ 44%] Built target gpio_controller_parameters
[1.382s] [ 55%] [32mBuilding CXX object CMakeFiles/ur_controllers.dir/src/gpio_controller.cpp.o[0m
[1.382s] [ 66%] [32mBuilding CXX object CMakeFiles/ur_controllers.dir/src/ur_configuration_controller.cpp.o[0m
[1.383s] [ 77%] [32mBuilding CXX object CMakeFiles/ur_controllers.dir/src/scaled_joint_trajectory_controller.cpp.o[0m
[1.383s] [ 88%] [32mBuilding CXX object CMakeFiles/ur_controllers.dir/src/speed_scaling_state_broadcaster.cpp.o[0m
[3.823s] [01m[K/home/rl-public/workspace/ros_ur_driver/src/Universal_Robots_ROS2_Driver/ur_controllers/src/gpio_controller.cpp:[m[K In member function ‘[01m[Kbool ur_controllers::GPIOController::setAnalogOutput(ur_msgs::srv::SetAnalogOutput_Request_<std::allocator<void> >::SharedPtr, ur_msgs::srv::SetAnalogOutput_Response_<std::allocator<void> >::SharedPtr)[m[K’:
[3.823s] [01m[K/home/rl-public/workspace/ros_ur_driver/src/Universal_Robots_ROS2_Driver/ur_controllers/src/gpio_controller.cpp:410:21:[m[K [01;35m[Kwarning: [m[Kcomparison is always false due to limited range of data type [[01;35m[K]8;;https://gcc.gnu.org/onlinedocs/gcc/Warning-Options.html#index-Wtype-limits-Wtype-limits]8;;[m[K]
[3.823s]   410 |   if ([01;35m[Kreq->data.pin < 0[m[K || req->data.pin > 1) {
[3.823s]       |       [01;35m[K~~~~~~~~~~~~~~^~~[m[K
[12.621s] [100%] [32m[1mLinking CXX shared library libur_controllers.so[0m
[12.844s] [100%] Built target ur_controllers
[12.859s] Invoked command in '/home/rl-public/workspace/ros_ur_driver/build/ur_controllers' returned '0': AMENT_PREFIX_PATH=/home/rl-public/workspace/ros_ur_driver/install/ur_dashboard_msgs:${AMENT_PREFIX_PATH} CMAKE_PREFIX_PATH=/home/rl-public/workspace/ros_ur_driver/install/ur_dashboard_msgs:/opt/ros/humble LD_LIBRARY_PATH=/home/rl-public/workspace/ros_ur_driver/install/ur_dashboard_msgs/lib:${LD_LIBRARY_PATH} PYTHONPATH=/home/rl-public/workspace/ros_ur_driver/install/ur_dashboard_msgs/local/lib/python3.10/dist-packages:${PYTHONPATH} /usr/bin/cmake --build /home/rl-public/workspace/ros_ur_driver/build/ur_controllers -- -j20 -l20
[12.891s] Invoking command in '/home/rl-public/workspace/ros_ur_driver/build/ur_controllers': AMENT_PREFIX_PATH=/home/rl-public/workspace/ros_ur_driver/install/ur_dashboard_msgs:${AMENT_PREFIX_PATH} CMAKE_PREFIX_PATH=/home/rl-public/workspace/ros_ur_driver/install/ur_dashboard_msgs:/opt/ros/humble LD_LIBRARY_PATH=/home/rl-public/workspace/ros_ur_driver/install/ur_dashboard_msgs/lib:${LD_LIBRARY_PATH} PYTHONPATH=/home/rl-public/workspace/ros_ur_driver/install/ur_dashboard_msgs/local/lib/python3.10/dist-packages:${PYTHONPATH} /usr/bin/cmake --install /home/rl-public/workspace/ros_ur_driver/build/ur_controllers
[12.897s] -- Install configuration: "Release"
[12.897s] -- Installing: /home/rl-public/workspace/ros_ur_driver/install/ur_controllers/include/gpio_controller_parameters
[12.897s] -- Installing: /home/rl-public/workspace/ros_ur_driver/install/ur_controllers/include/gpio_controller_parameters/gpio_controller_parameters.hpp
[12.897s] -- Installing: /home/rl-public/workspace/ros_ur_driver/install/ur_controllers/include/speed_scaling_state_broadcaster_parameters
[12.897s] -- Installing: /home/rl-public/workspace/ros_ur_driver/install/ur_controllers/include/speed_scaling_state_broadcaster_parameters/speed_scaling_state_broadcaster_parameters.hpp
[12.897s] -- Installing: /home/rl-public/workspace/ros_ur_driver/install/ur_controllers/include/scaled_joint_trajectory_controller_parameters
[12.897s] -- Installing: /home/rl-public/workspace/ros_ur_driver/install/ur_controllers/include/scaled_joint_trajectory_controller_parameters/scaled_joint_trajectory_controller_parameters.hpp
[12.897s] -- Installing: /home/rl-public/workspace/ros_ur_driver/install/ur_controllers/include/ur_configuration_controller_parameters
[12.898s] -- Installing: /home/rl-public/workspace/ros_ur_driver/install/ur_controllers/include/ur_configuration_controller_parameters/ur_configuration_controller_parameters.hpp
[12.898s] -- Installing: /home/rl-public/workspace/ros_ur_driver/install/ur_controllers/share/ur_controllers/controller_plugins.xml
[12.898s] -- Installing: /home/rl-public/workspace/ros_ur_driver/install/ur_controllers/lib/libur_controllers.so
[12.899s] -- Set runtime path of "/home/rl-public/workspace/ros_ur_driver/install/ur_controllers/lib/libur_controllers.so" to ""
[12.899s] -- Up-to-date: /home/rl-public/workspace/ros_ur_driver/install/ur_controllers/include
[12.899s] -- Installing: /home/rl-public/workspace/ros_ur_driver/install/ur_controllers/include/ur_controllers
[12.899s] -- Installing: /home/rl-public/workspace/ros_ur_driver/install/ur_controllers/include/ur_controllers/speed_scaling_state_broadcaster.hpp
[12.899s] -- Installing: /home/rl-public/workspace/ros_ur_driver/install/ur_controllers/include/ur_controllers/ur_configuration_controller.hpp
[12.899s] -- Installing: /home/rl-public/workspace/ros_ur_driver/install/ur_controllers/include/ur_controllers/scaled_joint_trajectory_controller.hpp
[12.899s] -- Installing: /home/rl-public/workspace/ros_ur_driver/install/ur_controllers/include/ur_controllers/gpio_controller.hpp
[12.899s] -- Up-to-date: /home/rl-public/workspace/ros_ur_driver/install/ur_controllers/share/ur_controllers/controller_plugins.xml
[12.899s] -- Installing: /home/rl-public/workspace/ros_ur_driver/install/ur_controllers/share/ur_controllers/environment/library_path.sh
[12.899s] -- Installing: /home/rl-public/workspace/ros_ur_driver/install/ur_controllers/share/ur_controllers/environment/library_path.dsv
[12.899s] -- Installing: /home/rl-public/workspace/ros_ur_driver/install/ur_controllers/share/ament_index/resource_index/package_run_dependencies/ur_controllers
[12.900s] -- Installing: /home/rl-public/workspace/ros_ur_driver/install/ur_controllers/share/ament_index/resource_index/parent_prefix_path/ur_controllers
[12.900s] -- Installing: /home/rl-public/workspace/ros_ur_driver/install/ur_controllers/share/ur_controllers/environment/ament_prefix_path.sh
[12.900s] -- Installing: /home/rl-public/workspace/ros_ur_driver/install/ur_controllers/share/ur_controllers/environment/ament_prefix_path.dsv
[12.900s] -- Installing: /home/rl-public/workspace/ros_ur_driver/install/ur_controllers/share/ur_controllers/environment/path.sh
[12.900s] -- Installing: /home/rl-public/workspace/ros_ur_driver/install/ur_controllers/share/ur_controllers/environment/path.dsv
[12.900s] -- Installing: /home/rl-public/workspace/ros_ur_driver/install/ur_controllers/share/ur_controllers/local_setup.bash
[12.900s] -- Installing: /home/rl-public/workspace/ros_ur_driver/install/ur_controllers/share/ur_controllers/local_setup.sh
[12.900s] -- Installing: /home/rl-public/workspace/ros_ur_driver/install/ur_controllers/share/ur_controllers/local_setup.zsh
[12.900s] -- Installing: /home/rl-public/workspace/ros_ur_driver/install/ur_controllers/share/ur_controllers/local_setup.dsv
[12.900s] -- Installing: /home/rl-public/workspace/ros_ur_driver/install/ur_controllers/share/ur_controllers/package.dsv
[12.900s] -- Installing: /home/rl-public/workspace/ros_ur_driver/install/ur_controllers/share/ament_index/resource_index/packages/ur_controllers
[12.900s] -- Installing: /home/rl-public/workspace/ros_ur_driver/install/ur_controllers/share/ament_index/resource_index/controller_interface__pluginlib__plugin/ur_controllers
[12.900s] -- Installing: /home/rl-public/workspace/ros_ur_driver/install/ur_controllers/share/ur_controllers/cmake/ament_cmake_export_dependencies-extras.cmake
[12.901s] -- Installing: /home/rl-public/workspace/ros_ur_driver/install/ur_controllers/share/ur_controllers/cmake/ament_cmake_export_include_directories-extras.cmake
[12.901s] -- Installing: /home/rl-public/workspace/ros_ur_driver/install/ur_controllers/share/ur_controllers/cmake/ament_cmake_export_libraries-extras.cmake
[12.901s] -- Installing: /home/rl-public/workspace/ros_ur_driver/install/ur_controllers/share/ur_controllers/cmake/ur_controllersConfig.cmake
[12.901s] -- Installing: /home/rl-public/workspace/ros_ur_driver/install/ur_controllers/share/ur_controllers/cmake/ur_controllersConfig-version.cmake
[12.901s] -- Installing: /home/rl-public/workspace/ros_ur_driver/install/ur_controllers/share/ur_controllers/package.xml
[12.903s] Invoked command in '/home/rl-public/workspace/ros_ur_driver/build/ur_controllers' returned '0': AMENT_PREFIX_PATH=/home/rl-public/workspace/ros_ur_driver/install/ur_dashboard_msgs:${AMENT_PREFIX_PATH} CMAKE_PREFIX_PATH=/home/rl-public/workspace/ros_ur_driver/install/ur_dashboard_msgs:/opt/ros/humble LD_LIBRARY_PATH=/home/rl-public/workspace/ros_ur_driver/install/ur_dashboard_msgs/lib:${LD_LIBRARY_PATH} PYTHONPATH=/home/rl-public/workspace/ros_ur_driver/install/ur_dashboard_msgs/local/lib/python3.10/dist-packages:${PYTHONPATH} /usr/bin/cmake --install /home/rl-public/workspace/ros_ur_driver/build/ur_controllers
