[0.013s] Invoking command in '/home/rl-public/workspace/build/hardware_interface': CMAKE_PREFIX_PATH=/home/rl-public/workspace/install/ros2_control_test_assets:/home/rl-public/workspace/install/control_msgs:/home/rl-public/workspace/install/ur:/home/rl-public/workspace/install/ur_calibration:/home/rl-public/workspace/install/ur_robot_driver:/home/rl-public/workspace/install/ur_bringup:/home/rl-public/workspace/install/ros2_controllers:/home/rl-public/workspace/install/velocity_controllers:/home/rl-public/workspace/install/ur_controllers:/home/rl-public/workspace/install/ur_msgs:/home/rl-public/workspace/install/ur_moveit_config:/home/rl-public/workspace/install/ur_description:/home/rl-public/workspace/install/ur_dashboard_msgs:/home/rl-public/workspace/install/ur_client_library:/home/rl-public/workspace/install/tricycle_steering_controller:/home/rl-public/workspace/install/tricycle_controller:/home/rl-public/workspace/install/ros2_control:/home/rl-public/workspace/install/transmission_interface:/home/rl-public/workspace/install/bicycle_steering_controller:/home/rl-public/workspace/install/ackermann_steering_controller:/home/rl-public/workspace/install/steering_controllers_library:/home/rl-public/workspace/install/hardware_interface_testing:/home/rl-public/workspace/install/controller_manager:/home/rl-public/workspace/install/range_sensor_broadcaster:/home/rl-public/workspace/install/position_controllers:/home/rl-public/workspace/install/pid_controller:/home/rl-public/workspace/install/kinematics_interface_kdl:/home/rl-public/workspace/install/admittance_controller:/home/rl-public/workspace/install/kinematics_interface:/home/rl-public/workspace/install/joint_trajectory_controller:/home/rl-public/workspace/install/joint_state_broadcaster:/home/rl-public/workspace/install/joint_limits:/home/rl-public/workspace/install/imu_sensor_broadcaster:/home/rl-public/workspace/install/gripper_controllers:/home/rl-public/workspace/install/effort_controllers:/home/rl-public/workspace/install/forward_command_controller:/home/rl-public/workspace/install/force_torque_sensor_broadcaster:/home/rl-public/workspace/install/diff_drive_controller:/home/rl-public/workspace/install/controller_interface:/home/rl-public/workspace/install/hardware_interface:/home/rl-public/workspace/install/controller_manager_msgs:/home/rl-public/workspace/install/rqt_joint_trajectory_controller:/home/rl-public/workspace/install/rqt_controller_manager:/home/rl-public/workspace/install/ros2controlcli:/home/rl-public/workspace/install/ros2_controllers_test_nodes:/opt/ros/humble LD_LIBRARY_PATH=/home/rl-public/workspace/install/control_msgs/lib:/home/rl-public/workspace/install/ur_robot_driver/lib:/home/rl-public/workspace/install/velocity_controllers/lib:/home/rl-public/workspace/install/ur_controllers/lib:/home/rl-public/workspace/install/ur_msgs/lib:/home/rl-public/workspace/install/ur_dashboard_msgs/lib:/home/rl-public/workspace/install/ur_client_library/lib:/home/rl-public/workspace/install/tricycle_steering_controller/lib:/home/rl-public/workspace/install/tricycle_controller/lib:/home/rl-public/workspace/install/transmission_interface/lib:/home/rl-public/workspace/install/bicycle_steering_controller/lib:/home/rl-public/workspace/install/ackermann_steering_controller/lib:/home/rl-public/workspace/install/steering_controllers_library/lib:/home/rl-public/workspace/install/hardware_interface_testing/lib:/home/rl-public/workspace/install/controller_manager/lib:/home/rl-public/workspace/install/range_sensor_broadcaster/lib:/home/rl-public/workspace/install/position_controllers/lib:/home/rl-public/workspace/install/pid_controller/lib:/home/rl-public/workspace/install/kinematics_interface_kdl/lib:/home/rl-public/workspace/install/admittance_controller/lib:/home/rl-public/workspace/install/kinematics_interface/lib:/home/rl-public/workspace/install/joint_trajectory_controller/lib:/home/rl-public/workspace/install/joint_state_broadcaster/lib:/home/rl-public/workspace/install/imu_sensor_broadcaster/lib:/home/rl-public/workspace/install/gripper_controllers/lib:/home/rl-public/workspace/install/effort_controllers/lib:/home/rl-public/workspace/install/forward_command_controller/lib:/home/rl-public/workspace/install/force_torque_sensor_broadcaster/lib:/home/rl-public/workspace/install/diff_drive_controller/lib:/home/rl-public/workspace/install/controller_interface/lib:/home/rl-public/workspace/install/hardware_interface/lib:/home/rl-public/workspace/install/controller_manager_msgs/lib:/usr/lib/x86_64-linux-gnu/gazebo-11/plugins:/opt/ros/humble/opt/rviz_ogre_vendor/lib:/opt/ros/humble/lib/x86_64-linux-gnu:/opt/ros/humble/lib /usr/bin/cmake /home/rl-public/workspace/ros_ur_driver/src/ros2_control/hardware_interface -DAMENT_CMAKE_SYMLINK_INSTALL=1 -DCMAKE_INSTALL_PREFIX=/home/rl-public/workspace/install/hardware_interface
[0.065s] -- The C compiler identification is GNU 11.4.0
[0.114s] -- The CXX compiler identification is GNU 11.4.0
[0.121s] -- Detecting C compiler ABI info
[0.200s] -- Detecting C compiler ABI info - done
[0.206s] -- Check for working C compiler: /usr/bin/cc - skipped
[0.206s] -- Detecting C compile features
[0.206s] -- Detecting C compile features - done
[0.209s] -- Detecting CXX compiler ABI info
[0.293s] -- Detecting CXX compiler ABI info - done
[0.300s] -- Check for working CXX compiler: /usr/bin/c++ - skipped
[0.300s] -- Detecting CXX compile features
[0.300s] -- Detecting CXX compile features - done
[0.303s] -- Found ament_cmake: 1.3.10 (/opt/ros/humble/share/ament_cmake/cmake)
[0.458s] -- Found Python3: /usr/bin/python3 (found version "3.10.12") found components: Interpreter 
[0.518s] -- Override CMake install command with custom implementation using symlinks instead of copying resources
[0.554s] -- Found control_msgs: 4.6.0 (/home/rl-public/workspace/install/control_msgs/share/control_msgs/cmake)
[0.595s] -- Found rosidl_generator_c: 3.1.5 (/opt/ros/humble/share/rosidl_generator_c/cmake)
[0.601s] -- Found rosidl_adapter: 3.1.5 (/opt/ros/humble/share/rosidl_adapter/cmake)
[0.610s] -- Found rosidl_generator_cpp: 3.1.5 (/opt/ros/humble/share/rosidl_generator_cpp/cmake)
[0.625s] -- Using all available rosidl_typesupport_c: rosidl_typesupport_fastrtps_c;rosidl_typesupport_introspection_c
[0.642s] -- Using all available rosidl_typesupport_cpp: rosidl_typesupport_fastrtps_cpp;rosidl_typesupport_introspection_cpp
[0.752s] -- Found lifecycle_msgs: 1.2.1 (/opt/ros/humble/share/lifecycle_msgs/cmake)
[0.761s] -- Found pluginlib: 5.1.0 (/opt/ros/humble/share/pluginlib/cmake)
[0.788s] -- Found rclcpp_lifecycle: 16.0.10 (/opt/ros/humble/share/rclcpp_lifecycle/cmake)
[0.833s] -- Found rmw_implementation_cmake: 6.1.2 (/opt/ros/humble/share/rmw_implementation_cmake/cmake)
[0.837s] -- Found rmw_fastrtps_cpp: 6.2.7 (/opt/ros/humble/share/rmw_fastrtps_cpp/cmake)
[0.861s] -- Found TinyXML2 via Config file: TinyXML2_DIR-NOTFOUND
[0.928s] -- Found OpenSSL: /usr/lib/x86_64-linux-gnu/libcrypto.so (found version "3.0.2")  
[0.930s] -- Found TinyXML2 via Config file: TinyXML2_DIR-NOTFOUND
[0.945s] -- Found FastRTPS: /opt/ros/humble/include  
[0.948s] -- Found TinyXML2 via Config file: TinyXML2_DIR-NOTFOUND
[0.956s] -- Found TinyXML2 via Config file: TinyXML2_DIR-NOTFOUND
[0.970s] -- Using RMW implementation 'rmw_fastrtps_cpp' as default
[0.979s] -- Looking for pthread.h
[1.061s] -- Looking for pthread.h - found
[1.061s] -- Performing Test CMAKE_HAVE_LIBC_PTHREAD
[1.137s] -- Performing Test CMAKE_HAVE_LIBC_PTHREAD - Success
[1.138s] -- Found Threads: TRUE  
[1.178s] -- Found TinyXML2 via Config file: TinyXML2_DIR-NOTFOUND
[1.191s] -- Found ament_cmake_gmock: 1.3.10 (/opt/ros/humble/share/ament_cmake_gmock/cmake)
[1.191s] -- Found ros2_control_test_assets: 2.43.1 (/home/rl-public/workspace/install/ros2_control_test_assets/share/ros2_control_test_assets/cmake)
[1.194s] -- Found gmock sources under '/opt/ros/humble/src/gmock_vendor': C++ tests using 'Google Mock' will be built
[1.200s] -- Found ament_cmake_gtest: 1.3.10 (/opt/ros/humble/share/ament_cmake_gtest/cmake)
[1.200s] -- Found gtest sources under '/opt/ros/humble/src/gtest_vendor': C++ tests using 'Google Test' will be built
[1.279s] -- Configuring done
[1.319s] -- Generating done
[1.321s] -- Build files have been written to: /home/rl-public/workspace/build/hardware_interface
[1.336s] Invoked command in '/home/rl-public/workspace/build/hardware_interface' returned '0': CMAKE_PREFIX_PATH=/home/rl-public/workspace/install/ros2_control_test_assets:/home/rl-public/workspace/install/control_msgs:/home/rl-public/workspace/install/ur:/home/rl-public/workspace/install/ur_calibration:/home/rl-public/workspace/install/ur_robot_driver:/home/rl-public/workspace/install/ur_bringup:/home/rl-public/workspace/install/ros2_controllers:/home/rl-public/workspace/install/velocity_controllers:/home/rl-public/workspace/install/ur_controllers:/home/rl-public/workspace/install/ur_msgs:/home/rl-public/workspace/install/ur_moveit_config:/home/rl-public/workspace/install/ur_description:/home/rl-public/workspace/install/ur_dashboard_msgs:/home/rl-public/workspace/install/ur_client_library:/home/rl-public/workspace/install/tricycle_steering_controller:/home/rl-public/workspace/install/tricycle_controller:/home/rl-public/workspace/install/ros2_control:/home/rl-public/workspace/install/transmission_interface:/home/rl-public/workspace/install/bicycle_steering_controller:/home/rl-public/workspace/install/ackermann_steering_controller:/home/rl-public/workspace/install/steering_controllers_library:/home/rl-public/workspace/install/hardware_interface_testing:/home/rl-public/workspace/install/controller_manager:/home/rl-public/workspace/install/range_sensor_broadcaster:/home/rl-public/workspace/install/position_controllers:/home/rl-public/workspace/install/pid_controller:/home/rl-public/workspace/install/kinematics_interface_kdl:/home/rl-public/workspace/install/admittance_controller:/home/rl-public/workspace/install/kinematics_interface:/home/rl-public/workspace/install/joint_trajectory_controller:/home/rl-public/workspace/install/joint_state_broadcaster:/home/rl-public/workspace/install/joint_limits:/home/rl-public/workspace/install/imu_sensor_broadcaster:/home/rl-public/workspace/install/gripper_controllers:/home/rl-public/workspace/install/effort_controllers:/home/rl-public/workspace/install/forward_command_controller:/home/rl-public/workspace/install/force_torque_sensor_broadcaster:/home/rl-public/workspace/install/diff_drive_controller:/home/rl-public/workspace/install/controller_interface:/home/rl-public/workspace/install/hardware_interface:/home/rl-public/workspace/install/controller_manager_msgs:/home/rl-public/workspace/install/rqt_joint_trajectory_controller:/home/rl-public/workspace/install/rqt_controller_manager:/home/rl-public/workspace/install/ros2controlcli:/home/rl-public/workspace/install/ros2_controllers_test_nodes:/opt/ros/humble LD_LIBRARY_PATH=/home/rl-public/workspace/install/control_msgs/lib:/home/rl-public/workspace/install/ur_robot_driver/lib:/home/rl-public/workspace/install/velocity_controllers/lib:/home/rl-public/workspace/install/ur_controllers/lib:/home/rl-public/workspace/install/ur_msgs/lib:/home/rl-public/workspace/install/ur_dashboard_msgs/lib:/home/rl-public/workspace/install/ur_client_library/lib:/home/rl-public/workspace/install/tricycle_steering_controller/lib:/home/rl-public/workspace/install/tricycle_controller/lib:/home/rl-public/workspace/install/transmission_interface/lib:/home/rl-public/workspace/install/bicycle_steering_controller/lib:/home/rl-public/workspace/install/ackermann_steering_controller/lib:/home/rl-public/workspace/install/steering_controllers_library/lib:/home/rl-public/workspace/install/hardware_interface_testing/lib:/home/rl-public/workspace/install/controller_manager/lib:/home/rl-public/workspace/install/range_sensor_broadcaster/lib:/home/rl-public/workspace/install/position_controllers/lib:/home/rl-public/workspace/install/pid_controller/lib:/home/rl-public/workspace/install/kinematics_interface_kdl/lib:/home/rl-public/workspace/install/admittance_controller/lib:/home/rl-public/workspace/install/kinematics_interface/lib:/home/rl-public/workspace/install/joint_trajectory_controller/lib:/home/rl-public/workspace/install/joint_state_broadcaster/lib:/home/rl-public/workspace/install/imu_sensor_broadcaster/lib:/home/rl-public/workspace/install/gripper_controllers/lib:/home/rl-public/workspace/install/effort_controllers/lib:/home/rl-public/workspace/install/forward_command_controller/lib:/home/rl-public/workspace/install/force_torque_sensor_broadcaster/lib:/home/rl-public/workspace/install/diff_drive_controller/lib:/home/rl-public/workspace/install/controller_interface/lib:/home/rl-public/workspace/install/hardware_interface/lib:/home/rl-public/workspace/install/controller_manager_msgs/lib:/usr/lib/x86_64-linux-gnu/gazebo-11/plugins:/opt/ros/humble/opt/rviz_ogre_vendor/lib:/opt/ros/humble/lib/x86_64-linux-gnu:/opt/ros/humble/lib /usr/bin/cmake /home/rl-public/workspace/ros_ur_driver/src/ros2_control/hardware_interface -DAMENT_CMAKE_SYMLINK_INSTALL=1 -DCMAKE_INSTALL_PREFIX=/home/rl-public/workspace/install/hardware_interface
[1.339s] Invoking command in '/home/rl-public/workspace/build/hardware_interface': CMAKE_PREFIX_PATH=/home/rl-public/workspace/install/ros2_control_test_assets:/home/rl-public/workspace/install/control_msgs:/home/rl-public/workspace/install/ur:/home/rl-public/workspace/install/ur_calibration:/home/rl-public/workspace/install/ur_robot_driver:/home/rl-public/workspace/install/ur_bringup:/home/rl-public/workspace/install/ros2_controllers:/home/rl-public/workspace/install/velocity_controllers:/home/rl-public/workspace/install/ur_controllers:/home/rl-public/workspace/install/ur_msgs:/home/rl-public/workspace/install/ur_moveit_config:/home/rl-public/workspace/install/ur_description:/home/rl-public/workspace/install/ur_dashboard_msgs:/home/rl-public/workspace/install/ur_client_library:/home/rl-public/workspace/install/tricycle_steering_controller:/home/rl-public/workspace/install/tricycle_controller:/home/rl-public/workspace/install/ros2_control:/home/rl-public/workspace/install/transmission_interface:/home/rl-public/workspace/install/bicycle_steering_controller:/home/rl-public/workspace/install/ackermann_steering_controller:/home/rl-public/workspace/install/steering_controllers_library:/home/rl-public/workspace/install/hardware_interface_testing:/home/rl-public/workspace/install/controller_manager:/home/rl-public/workspace/install/range_sensor_broadcaster:/home/rl-public/workspace/install/position_controllers:/home/rl-public/workspace/install/pid_controller:/home/rl-public/workspace/install/kinematics_interface_kdl:/home/rl-public/workspace/install/admittance_controller:/home/rl-public/workspace/install/kinematics_interface:/home/rl-public/workspace/install/joint_trajectory_controller:/home/rl-public/workspace/install/joint_state_broadcaster:/home/rl-public/workspace/install/joint_limits:/home/rl-public/workspace/install/imu_sensor_broadcaster:/home/rl-public/workspace/install/gripper_controllers:/home/rl-public/workspace/install/effort_controllers:/home/rl-public/workspace/install/forward_command_controller:/home/rl-public/workspace/install/force_torque_sensor_broadcaster:/home/rl-public/workspace/install/diff_drive_controller:/home/rl-public/workspace/install/controller_interface:/home/rl-public/workspace/install/hardware_interface:/home/rl-public/workspace/install/controller_manager_msgs:/home/rl-public/workspace/install/rqt_joint_trajectory_controller:/home/rl-public/workspace/install/rqt_controller_manager:/home/rl-public/workspace/install/ros2controlcli:/home/rl-public/workspace/install/ros2_controllers_test_nodes:/opt/ros/humble LD_LIBRARY_PATH=/home/rl-public/workspace/install/control_msgs/lib:/home/rl-public/workspace/install/ur_robot_driver/lib:/home/rl-public/workspace/install/velocity_controllers/lib:/home/rl-public/workspace/install/ur_controllers/lib:/home/rl-public/workspace/install/ur_msgs/lib:/home/rl-public/workspace/install/ur_dashboard_msgs/lib:/home/rl-public/workspace/install/ur_client_library/lib:/home/rl-public/workspace/install/tricycle_steering_controller/lib:/home/rl-public/workspace/install/tricycle_controller/lib:/home/rl-public/workspace/install/transmission_interface/lib:/home/rl-public/workspace/install/bicycle_steering_controller/lib:/home/rl-public/workspace/install/ackermann_steering_controller/lib:/home/rl-public/workspace/install/steering_controllers_library/lib:/home/rl-public/workspace/install/hardware_interface_testing/lib:/home/rl-public/workspace/install/controller_manager/lib:/home/rl-public/workspace/install/range_sensor_broadcaster/lib:/home/rl-public/workspace/install/position_controllers/lib:/home/rl-public/workspace/install/pid_controller/lib:/home/rl-public/workspace/install/kinematics_interface_kdl/lib:/home/rl-public/workspace/install/admittance_controller/lib:/home/rl-public/workspace/install/kinematics_interface/lib:/home/rl-public/workspace/install/joint_trajectory_controller/lib:/home/rl-public/workspace/install/joint_state_broadcaster/lib:/home/rl-public/workspace/install/imu_sensor_broadcaster/lib:/home/rl-public/workspace/install/gripper_controllers/lib:/home/rl-public/workspace/install/effort_controllers/lib:/home/rl-public/workspace/install/forward_command_controller/lib:/home/rl-public/workspace/install/force_torque_sensor_broadcaster/lib:/home/rl-public/workspace/install/diff_drive_controller/lib:/home/rl-public/workspace/install/controller_interface/lib:/home/rl-public/workspace/install/hardware_interface/lib:/home/rl-public/workspace/install/controller_manager_msgs/lib:/usr/lib/x86_64-linux-gnu/gazebo-11/plugins:/opt/ros/humble/opt/rviz_ogre_vendor/lib:/opt/ros/humble/lib/x86_64-linux-gnu:/opt/ros/humble/lib /usr/bin/cmake --build /home/rl-public/workspace/build/hardware_interface -- -j20 -l20
[1.394s] [ 17%] [32mBuilding CXX object CMakeFiles/hardware_interface.dir/src/lexical_casts.cpp.o[0m
[1.394s] [ 17%] [32mBuilding CXX object CMakeFiles/hardware_interface.dir/src/sensor.cpp.o[0m
[1.394s] [ 17%] [32mBuilding CXX object CMakeFiles/hardware_interface.dir/src/system.cpp.o[0m
[1.394s] [ 17%] [32mBuilding CXX object CMakeFiles/hardware_interface.dir/src/component_parser.cpp.o[0m
[1.394s] [ 17%] [32mBuilding CXX object CMakeFiles/hardware_interface.dir/src/resource_manager.cpp.o[0m
[1.395s] [ 17%] [32mBuilding CXX object CMakeFiles/hardware_interface.dir/src/actuator.cpp.o[0m
[1.396s] [ 20%] [32mBuilding CXX object gmock/CMakeFiles/gmock_main.dir/src/gmock_main.cc.o[0m
[1.397s] [ 23%] [32mBuilding CXX object gmock/CMakeFiles/gmock.dir/opt/ros/humble/src/gtest_vendor/src/gtest-all.cc.o[0m
[1.399s] [ 26%] [32mBuilding CXX object gmock/CMakeFiles/gmock.dir/src/gmock-all.cc.o[0m
[2.507s] [ 29%] [32m[1mLinking CXX static library libgmock_main.a[0m
[2.543s] [ 29%] Built target gmock_main
[4.206s] [ 32%] [32m[1mLinking CXX static library libgmock.a[0m
[4.273s] [ 32%] Built target gmock
[4.302s] [ 35%] [32mBuilding CXX object CMakeFiles/test_macros.dir/test/test_macros.cpp.o[0m
[5.379s] [ 38%] [32m[1mLinking CXX executable test_macros[0m
[5.503s] [ 41%] [32m[1mLinking CXX shared library libhardware_interface.so[0m
[5.513s] [ 41%] Built target test_macros
[5.772s] [ 41%] Built target hardware_interface
[5.796s] [ 44%] [32mBuilding CXX object CMakeFiles/test_inst_hardwares.dir/test/test_inst_hardwares.cpp.o[0m
[5.796s] [ 52%] [32mBuilding CXX object CMakeFiles/test_component_interfaces.dir/test/test_component_interfaces.cpp.o[0m
[5.796s] [ 52%] [32mBuilding CXX object CMakeFiles/test_joint_handle.dir/test/test_handle.cpp.o[0m
[5.796s] [ 52%] [32mBuilding CXX object CMakeFiles/test_component_parser.dir/test/test_component_parser.cpp.o[0m
[5.796s] [ 55%] [32mBuilding CXX object CMakeFiles/fake_components.dir/src/mock_components/generic_system.cpp.o[0m
[5.796s] [ 58%] [32mBuilding CXX object CMakeFiles/test_generic_system.dir/test/mock_components/test_generic_system.cpp.o[0m
[5.796s] [ 64%] [32mBuilding CXX object CMakeFiles/fake_components.dir/src/mock_components/fake_generic_system.cpp.o[0m
[5.796s] [ 64%] [32mBuilding CXX object CMakeFiles/mock_components.dir/src/mock_components/generic_system.cpp.o[0m
[5.797s] [ 67%] [32mBuilding CXX object CMakeFiles/test_hardware_components.dir/test/test_hardware_components/test_force_torque_sensor.cpp.o[0m
[5.797s] [ 70%] [32mBuilding CXX object CMakeFiles/test_hardware_components.dir/test/test_hardware_components/test_two_joint_system.cpp.o[0m
[5.799s] [ 73%] [32mBuilding CXX object CMakeFiles/test_hardware_components.dir/test/test_hardware_components/test_system_with_command_modes.cpp.o[0m
[5.799s] [ 76%] [32mBuilding CXX object CMakeFiles/test_hardware_components.dir/test/test_hardware_components/test_single_joint_actuator.cpp.o[0m
[7.185s] [ 79%] [32m[1mLinking CXX executable test_inst_hardwares[0m
[7.241s] [ 82%] [32m[1mLinking CXX shared library libtest_hardware_components.so[0m
[7.297s] [ 85%] [32m[1mLinking CXX shared library libmock_components.so[0m
[7.395s] [ 88%] [32m[1mLinking CXX executable test_joint_handle[0m
[7.427s] [ 88%] Built target test_hardware_components
[7.437s] [ 88%] Built target test_inst_hardwares
[7.501s] [ 88%] Built target mock_components
[7.641s] [ 88%] Built target test_joint_handle
[7.670s] [ 91%] [32m[1mLinking CXX shared library libfake_components.so[0m
[7.874s] [ 91%] Built target fake_components
[8.110s] [ 94%] [32m[1mLinking CXX executable test_component_interfaces[0m
[8.396s] [ 94%] Built target test_component_interfaces
[8.435s] [ 97%] [32m[1mLinking CXX executable test_generic_system[0m
[8.697s] [100%] [32m[1mLinking CXX executable test_component_parser[0m
[8.703s] [100%] Built target test_generic_system
[8.990s] [100%] Built target test_component_parser
[9.002s] Invoked command in '/home/rl-public/workspace/build/hardware_interface' returned '0': CMAKE_PREFIX_PATH=/home/rl-public/workspace/install/ros2_control_test_assets:/home/rl-public/workspace/install/control_msgs:/home/rl-public/workspace/install/ur:/home/rl-public/workspace/install/ur_calibration:/home/rl-public/workspace/install/ur_robot_driver:/home/rl-public/workspace/install/ur_bringup:/home/rl-public/workspace/install/ros2_controllers:/home/rl-public/workspace/install/velocity_controllers:/home/rl-public/workspace/install/ur_controllers:/home/rl-public/workspace/install/ur_msgs:/home/rl-public/workspace/install/ur_moveit_config:/home/rl-public/workspace/install/ur_description:/home/rl-public/workspace/install/ur_dashboard_msgs:/home/rl-public/workspace/install/ur_client_library:/home/rl-public/workspace/install/tricycle_steering_controller:/home/rl-public/workspace/install/tricycle_controller:/home/rl-public/workspace/install/ros2_control:/home/rl-public/workspace/install/transmission_interface:/home/rl-public/workspace/install/bicycle_steering_controller:/home/rl-public/workspace/install/ackermann_steering_controller:/home/rl-public/workspace/install/steering_controllers_library:/home/rl-public/workspace/install/hardware_interface_testing:/home/rl-public/workspace/install/controller_manager:/home/rl-public/workspace/install/range_sensor_broadcaster:/home/rl-public/workspace/install/position_controllers:/home/rl-public/workspace/install/pid_controller:/home/rl-public/workspace/install/kinematics_interface_kdl:/home/rl-public/workspace/install/admittance_controller:/home/rl-public/workspace/install/kinematics_interface:/home/rl-public/workspace/install/joint_trajectory_controller:/home/rl-public/workspace/install/joint_state_broadcaster:/home/rl-public/workspace/install/joint_limits:/home/rl-public/workspace/install/imu_sensor_broadcaster:/home/rl-public/workspace/install/gripper_controllers:/home/rl-public/workspace/install/effort_controllers:/home/rl-public/workspace/install/forward_command_controller:/home/rl-public/workspace/install/force_torque_sensor_broadcaster:/home/rl-public/workspace/install/diff_drive_controller:/home/rl-public/workspace/install/controller_interface:/home/rl-public/workspace/install/hardware_interface:/home/rl-public/workspace/install/controller_manager_msgs:/home/rl-public/workspace/install/rqt_joint_trajectory_controller:/home/rl-public/workspace/install/rqt_controller_manager:/home/rl-public/workspace/install/ros2controlcli:/home/rl-public/workspace/install/ros2_controllers_test_nodes:/opt/ros/humble LD_LIBRARY_PATH=/home/rl-public/workspace/install/control_msgs/lib:/home/rl-public/workspace/install/ur_robot_driver/lib:/home/rl-public/workspace/install/velocity_controllers/lib:/home/rl-public/workspace/install/ur_controllers/lib:/home/rl-public/workspace/install/ur_msgs/lib:/home/rl-public/workspace/install/ur_dashboard_msgs/lib:/home/rl-public/workspace/install/ur_client_library/lib:/home/rl-public/workspace/install/tricycle_steering_controller/lib:/home/rl-public/workspace/install/tricycle_controller/lib:/home/rl-public/workspace/install/transmission_interface/lib:/home/rl-public/workspace/install/bicycle_steering_controller/lib:/home/rl-public/workspace/install/ackermann_steering_controller/lib:/home/rl-public/workspace/install/steering_controllers_library/lib:/home/rl-public/workspace/install/hardware_interface_testing/lib:/home/rl-public/workspace/install/controller_manager/lib:/home/rl-public/workspace/install/range_sensor_broadcaster/lib:/home/rl-public/workspace/install/position_controllers/lib:/home/rl-public/workspace/install/pid_controller/lib:/home/rl-public/workspace/install/kinematics_interface_kdl/lib:/home/rl-public/workspace/install/admittance_controller/lib:/home/rl-public/workspace/install/kinematics_interface/lib:/home/rl-public/workspace/install/joint_trajectory_controller/lib:/home/rl-public/workspace/install/joint_state_broadcaster/lib:/home/rl-public/workspace/install/imu_sensor_broadcaster/lib:/home/rl-public/workspace/install/gripper_controllers/lib:/home/rl-public/workspace/install/effort_controllers/lib:/home/rl-public/workspace/install/forward_command_controller/lib:/home/rl-public/workspace/install/force_torque_sensor_broadcaster/lib:/home/rl-public/workspace/install/diff_drive_controller/lib:/home/rl-public/workspace/install/controller_interface/lib:/home/rl-public/workspace/install/hardware_interface/lib:/home/rl-public/workspace/install/controller_manager_msgs/lib:/usr/lib/x86_64-linux-gnu/gazebo-11/plugins:/opt/ros/humble/opt/rviz_ogre_vendor/lib:/opt/ros/humble/lib/x86_64-linux-gnu:/opt/ros/humble/lib /usr/bin/cmake --build /home/rl-public/workspace/build/hardware_interface -- -j20 -l20
[9.140s] Invoking command in '/home/rl-public/workspace/build/hardware_interface': CMAKE_PREFIX_PATH=/home/rl-public/workspace/install/ros2_control_test_assets:/home/rl-public/workspace/install/control_msgs:/home/rl-public/workspace/install/ur:/home/rl-public/workspace/install/ur_calibration:/home/rl-public/workspace/install/ur_robot_driver:/home/rl-public/workspace/install/ur_bringup:/home/rl-public/workspace/install/ros2_controllers:/home/rl-public/workspace/install/velocity_controllers:/home/rl-public/workspace/install/ur_controllers:/home/rl-public/workspace/install/ur_msgs:/home/rl-public/workspace/install/ur_moveit_config:/home/rl-public/workspace/install/ur_description:/home/rl-public/workspace/install/ur_dashboard_msgs:/home/rl-public/workspace/install/ur_client_library:/home/rl-public/workspace/install/tricycle_steering_controller:/home/rl-public/workspace/install/tricycle_controller:/home/rl-public/workspace/install/ros2_control:/home/rl-public/workspace/install/transmission_interface:/home/rl-public/workspace/install/bicycle_steering_controller:/home/rl-public/workspace/install/ackermann_steering_controller:/home/rl-public/workspace/install/steering_controllers_library:/home/rl-public/workspace/install/hardware_interface_testing:/home/rl-public/workspace/install/controller_manager:/home/rl-public/workspace/install/range_sensor_broadcaster:/home/rl-public/workspace/install/position_controllers:/home/rl-public/workspace/install/pid_controller:/home/rl-public/workspace/install/kinematics_interface_kdl:/home/rl-public/workspace/install/admittance_controller:/home/rl-public/workspace/install/kinematics_interface:/home/rl-public/workspace/install/joint_trajectory_controller:/home/rl-public/workspace/install/joint_state_broadcaster:/home/rl-public/workspace/install/joint_limits:/home/rl-public/workspace/install/imu_sensor_broadcaster:/home/rl-public/workspace/install/gripper_controllers:/home/rl-public/workspace/install/effort_controllers:/home/rl-public/workspace/install/forward_command_controller:/home/rl-public/workspace/install/force_torque_sensor_broadcaster:/home/rl-public/workspace/install/diff_drive_controller:/home/rl-public/workspace/install/controller_interface:/home/rl-public/workspace/install/hardware_interface:/home/rl-public/workspace/install/controller_manager_msgs:/home/rl-public/workspace/install/rqt_joint_trajectory_controller:/home/rl-public/workspace/install/rqt_controller_manager:/home/rl-public/workspace/install/ros2controlcli:/home/rl-public/workspace/install/ros2_controllers_test_nodes:/opt/ros/humble LD_LIBRARY_PATH=/home/rl-public/workspace/install/control_msgs/lib:/home/rl-public/workspace/install/ur_robot_driver/lib:/home/rl-public/workspace/install/velocity_controllers/lib:/home/rl-public/workspace/install/ur_controllers/lib:/home/rl-public/workspace/install/ur_msgs/lib:/home/rl-public/workspace/install/ur_dashboard_msgs/lib:/home/rl-public/workspace/install/ur_client_library/lib:/home/rl-public/workspace/install/tricycle_steering_controller/lib:/home/rl-public/workspace/install/tricycle_controller/lib:/home/rl-public/workspace/install/transmission_interface/lib:/home/rl-public/workspace/install/bicycle_steering_controller/lib:/home/rl-public/workspace/install/ackermann_steering_controller/lib:/home/rl-public/workspace/install/steering_controllers_library/lib:/home/rl-public/workspace/install/hardware_interface_testing/lib:/home/rl-public/workspace/install/controller_manager/lib:/home/rl-public/workspace/install/range_sensor_broadcaster/lib:/home/rl-public/workspace/install/position_controllers/lib:/home/rl-public/workspace/install/pid_controller/lib:/home/rl-public/workspace/install/kinematics_interface_kdl/lib:/home/rl-public/workspace/install/admittance_controller/lib:/home/rl-public/workspace/install/kinematics_interface/lib:/home/rl-public/workspace/install/joint_trajectory_controller/lib:/home/rl-public/workspace/install/joint_state_broadcaster/lib:/home/rl-public/workspace/install/imu_sensor_broadcaster/lib:/home/rl-public/workspace/install/gripper_controllers/lib:/home/rl-public/workspace/install/effort_controllers/lib:/home/rl-public/workspace/install/forward_command_controller/lib:/home/rl-public/workspace/install/force_torque_sensor_broadcaster/lib:/home/rl-public/workspace/install/diff_drive_controller/lib:/home/rl-public/workspace/install/controller_interface/lib:/home/rl-public/workspace/install/hardware_interface/lib:/home/rl-public/workspace/install/controller_manager_msgs/lib:/usr/lib/x86_64-linux-gnu/gazebo-11/plugins:/opt/ros/humble/opt/rviz_ogre_vendor/lib:/opt/ros/humble/lib/x86_64-linux-gnu:/opt/ros/humble/lib /usr/bin/cmake --install /home/rl-public/workspace/build/hardware_interface
[9.147s] -- Install configuration: ""
[9.147s] -- Execute custom install script
[9.148s] -- Symlinking: /home/rl-public/workspace/install/hardware_interface/share/hardware_interface//mock_components_plugin_description.xml
[9.160s] -- Symlinking: /home/rl-public/workspace/install/hardware_interface/share/hardware_interface//fake_components_plugin_description.xml
[9.168s] -- Symlinking: /home/rl-public/workspace/install/hardware_interface/include/fake_components/generic_system.hpp
[9.174s] -- Symlinking: /home/rl-public/workspace/install/hardware_interface/include/fake_components/visibility_control.h
[9.181s] -- Symlinking: /home/rl-public/workspace/install/hardware_interface/include/hardware_interface/actuator.hpp
[9.188s] -- Symlinking: /home/rl-public/workspace/install/hardware_interface/include/hardware_interface/actuator_interface.hpp
[9.194s] -- Symlinking: /home/rl-public/workspace/install/hardware_interface/include/hardware_interface/component_parser.hpp
[9.204s] -- Symlinking: /home/rl-public/workspace/install/hardware_interface/include/hardware_interface/controller_info.hpp
[9.212s] -- Symlinking: /home/rl-public/workspace/install/hardware_interface/include/hardware_interface/handle.hpp
[9.218s] -- Symlinking: /home/rl-public/workspace/install/hardware_interface/include/hardware_interface/hardware_component_info.hpp
[9.230s] -- Symlinking: /home/rl-public/workspace/install/hardware_interface/include/hardware_interface/hardware_info.hpp
[9.238s] -- Symlinking: /home/rl-public/workspace/install/hardware_interface/include/hardware_interface/lexical_casts.hpp
[9.245s] -- Symlinking: /home/rl-public/workspace/install/hardware_interface/include/hardware_interface/loaned_command_interface.hpp
[9.253s] -- Symlinking: /home/rl-public/workspace/install/hardware_interface/include/hardware_interface/loaned_state_interface.hpp
[9.260s] -- Symlinking: /home/rl-public/workspace/install/hardware_interface/include/hardware_interface/macros.hpp
[9.267s] -- Symlinking: /home/rl-public/workspace/install/hardware_interface/include/hardware_interface/resource_manager.hpp
[9.277s] -- Symlinking: /home/rl-public/workspace/install/hardware_interface/include/hardware_interface/sensor.hpp
[9.284s] -- Symlinking: /home/rl-public/workspace/install/hardware_interface/include/hardware_interface/sensor_interface.hpp
[9.293s] -- Symlinking: /home/rl-public/workspace/install/hardware_interface/include/hardware_interface/system.hpp
[9.299s] -- Symlinking: /home/rl-public/workspace/install/hardware_interface/include/hardware_interface/system_interface.hpp
[9.307s] -- Symlinking: /home/rl-public/workspace/install/hardware_interface/include/hardware_interface/types/hardware_interface_return_values.hpp
[9.315s] -- Symlinking: /home/rl-public/workspace/install/hardware_interface/include/hardware_interface/types/hardware_interface_type_values.hpp
[9.322s] -- Symlinking: /home/rl-public/workspace/install/hardware_interface/include/hardware_interface/types/lifecycle_state_names.hpp
[9.329s] -- Symlinking: /home/rl-public/workspace/install/hardware_interface/include/hardware_interface/visibility_control.h
[9.336s] -- Symlinking: /home/rl-public/workspace/install/hardware_interface/include/mock_components/generic_system.hpp
[9.343s] -- Symlinking: /home/rl-public/workspace/install/hardware_interface/include/mock_components/visibility_control.h
[9.350s] -- Symlinking: /home/rl-public/workspace/install/hardware_interface/lib/libfake_components.so
[9.357s] -- Symlinking: /home/rl-public/workspace/install/hardware_interface/lib/libmock_components.so
[9.363s] -- Symlinking: /home/rl-public/workspace/install/hardware_interface/lib/libhardware_interface.so
[9.371s] -- Symlinking: /home/rl-public/workspace/install/hardware_interface/lib/libtest_hardware_components.so
[9.382s] -- Symlinking: /home/rl-public/workspace/install/hardware_interface/share/hardware_interface/test/test_hardware_components/test_hardware_components.xml
[9.389s] -- Symlinking: /home/rl-public/workspace/install/hardware_interface/share/hardware_interface/environment/library_path.sh
[9.395s] -- Symlinking: /home/rl-public/workspace/install/hardware_interface/share/hardware_interface/environment/library_path.dsv
[9.407s] -- Symlinking: /home/rl-public/workspace/install/hardware_interface/share/ament_index/resource_index/package_run_dependencies/hardware_interface
[9.414s] -- Symlinking: /home/rl-public/workspace/install/hardware_interface/share/ament_index/resource_index/parent_prefix_path/hardware_interface
[9.421s] -- Symlinking: /home/rl-public/workspace/install/hardware_interface/share/hardware_interface/environment/ament_prefix_path.sh
[9.428s] -- Symlinking: /home/rl-public/workspace/install/hardware_interface/share/hardware_interface/environment/ament_prefix_path.dsv
[9.435s] -- Symlinking: /home/rl-public/workspace/install/hardware_interface/share/hardware_interface/environment/path.sh
[9.443s] -- Symlinking: /home/rl-public/workspace/install/hardware_interface/share/hardware_interface/environment/path.dsv
[9.449s] -- Symlinking: /home/rl-public/workspace/install/hardware_interface/share/hardware_interface/local_setup.bash
[9.457s] -- Symlinking: /home/rl-public/workspace/install/hardware_interface/share/hardware_interface/local_setup.sh
[9.464s] -- Symlinking: /home/rl-public/workspace/install/hardware_interface/share/hardware_interface/local_setup.zsh
[9.476s] -- Symlinking: /home/rl-public/workspace/install/hardware_interface/share/hardware_interface/local_setup.dsv
[9.484s] -- Symlinking: /home/rl-public/workspace/install/hardware_interface/share/hardware_interface/package.dsv
[9.491s] -- Symlinking: /home/rl-public/workspace/install/hardware_interface/share/ament_index/resource_index/packages/hardware_interface
[9.499s] -- Symlinking: /home/rl-public/workspace/install/hardware_interface/share/ament_index/resource_index/hardware_interface__pluginlib__plugin/hardware_interface
[9.514s] -- Symlinking: /home/rl-public/workspace/install/hardware_interface/share/hardware_interface/cmake/ament_cmake_export_include_directories-extras.cmake
[9.522s] -- Symlinking: /home/rl-public/workspace/install/hardware_interface/share/hardware_interface/cmake/ament_cmake_export_libraries-extras.cmake
[9.530s] -- Symlinking: /home/rl-public/workspace/install/hardware_interface/share/hardware_interface/cmake/ament_cmake_export_dependencies-extras.cmake
[9.536s] -- Symlinking: /home/rl-public/workspace/install/hardware_interface/share/hardware_interface/cmake/hardware_interfaceConfig.cmake
[9.544s] -- Symlinking: /home/rl-public/workspace/install/hardware_interface/share/hardware_interface/cmake/hardware_interfaceConfig-version.cmake
[9.551s] -- Symlinking: /home/rl-public/workspace/install/hardware_interface/share/hardware_interface/package.xml
[9.560s] Invoked command in '/home/rl-public/workspace/build/hardware_interface' returned '0': CMAKE_PREFIX_PATH=/home/rl-public/workspace/install/ros2_control_test_assets:/home/rl-public/workspace/install/control_msgs:/home/rl-public/workspace/install/ur:/home/rl-public/workspace/install/ur_calibration:/home/rl-public/workspace/install/ur_robot_driver:/home/rl-public/workspace/install/ur_bringup:/home/rl-public/workspace/install/ros2_controllers:/home/rl-public/workspace/install/velocity_controllers:/home/rl-public/workspace/install/ur_controllers:/home/rl-public/workspace/install/ur_msgs:/home/rl-public/workspace/install/ur_moveit_config:/home/rl-public/workspace/install/ur_description:/home/rl-public/workspace/install/ur_dashboard_msgs:/home/rl-public/workspace/install/ur_client_library:/home/rl-public/workspace/install/tricycle_steering_controller:/home/rl-public/workspace/install/tricycle_controller:/home/rl-public/workspace/install/ros2_control:/home/rl-public/workspace/install/transmission_interface:/home/rl-public/workspace/install/bicycle_steering_controller:/home/rl-public/workspace/install/ackermann_steering_controller:/home/rl-public/workspace/install/steering_controllers_library:/home/rl-public/workspace/install/hardware_interface_testing:/home/rl-public/workspace/install/controller_manager:/home/rl-public/workspace/install/range_sensor_broadcaster:/home/rl-public/workspace/install/position_controllers:/home/rl-public/workspace/install/pid_controller:/home/rl-public/workspace/install/kinematics_interface_kdl:/home/rl-public/workspace/install/admittance_controller:/home/rl-public/workspace/install/kinematics_interface:/home/rl-public/workspace/install/joint_trajectory_controller:/home/rl-public/workspace/install/joint_state_broadcaster:/home/rl-public/workspace/install/joint_limits:/home/rl-public/workspace/install/imu_sensor_broadcaster:/home/rl-public/workspace/install/gripper_controllers:/home/rl-public/workspace/install/effort_controllers:/home/rl-public/workspace/install/forward_command_controller:/home/rl-public/workspace/install/force_torque_sensor_broadcaster:/home/rl-public/workspace/install/diff_drive_controller:/home/rl-public/workspace/install/controller_interface:/home/rl-public/workspace/install/hardware_interface:/home/rl-public/workspace/install/controller_manager_msgs:/home/rl-public/workspace/install/rqt_joint_trajectory_controller:/home/rl-public/workspace/install/rqt_controller_manager:/home/rl-public/workspace/install/ros2controlcli:/home/rl-public/workspace/install/ros2_controllers_test_nodes:/opt/ros/humble LD_LIBRARY_PATH=/home/rl-public/workspace/install/control_msgs/lib:/home/rl-public/workspace/install/ur_robot_driver/lib:/home/rl-public/workspace/install/velocity_controllers/lib:/home/rl-public/workspace/install/ur_controllers/lib:/home/rl-public/workspace/install/ur_msgs/lib:/home/rl-public/workspace/install/ur_dashboard_msgs/lib:/home/rl-public/workspace/install/ur_client_library/lib:/home/rl-public/workspace/install/tricycle_steering_controller/lib:/home/rl-public/workspace/install/tricycle_controller/lib:/home/rl-public/workspace/install/transmission_interface/lib:/home/rl-public/workspace/install/bicycle_steering_controller/lib:/home/rl-public/workspace/install/ackermann_steering_controller/lib:/home/rl-public/workspace/install/steering_controllers_library/lib:/home/rl-public/workspace/install/hardware_interface_testing/lib:/home/rl-public/workspace/install/controller_manager/lib:/home/rl-public/workspace/install/range_sensor_broadcaster/lib:/home/rl-public/workspace/install/position_controllers/lib:/home/rl-public/workspace/install/pid_controller/lib:/home/rl-public/workspace/install/kinematics_interface_kdl/lib:/home/rl-public/workspace/install/admittance_controller/lib:/home/rl-public/workspace/install/kinematics_interface/lib:/home/rl-public/workspace/install/joint_trajectory_controller/lib:/home/rl-public/workspace/install/joint_state_broadcaster/lib:/home/rl-public/workspace/install/imu_sensor_broadcaster/lib:/home/rl-public/workspace/install/gripper_controllers/lib:/home/rl-public/workspace/install/effort_controllers/lib:/home/rl-public/workspace/install/forward_command_controller/lib:/home/rl-public/workspace/install/force_torque_sensor_broadcaster/lib:/home/rl-public/workspace/install/diff_drive_controller/lib:/home/rl-public/workspace/install/controller_interface/lib:/home/rl-public/workspace/install/hardware_interface/lib:/home/rl-public/workspace/install/controller_manager_msgs/lib:/usr/lib/x86_64-linux-gnu/gazebo-11/plugins:/opt/ros/humble/opt/rviz_ogre_vendor/lib:/opt/ros/humble/lib/x86_64-linux-gnu:/opt/ros/humble/lib /usr/bin/cmake --install /home/rl-public/workspace/build/hardware_interface
