running develop
running egg_info
creating ros2controlcli.egg-info
writing ros2controlcli.egg-info/PKG-INFO
writing dependency_links to ros2controlcli.egg-info/dependency_links.txt
writing entry points to ros2controlcli.egg-info/entry_points.txt
writing requirements to ros2controlcli.egg-info/requires.txt
writing top-level names to ros2controlcli.egg-info/top_level.txt
writing manifest file 'ros2controlcli.egg-info/SOURCES.txt'
reading manifest file 'ros2controlcli.egg-info/SOURCES.txt'
writing manifest file 'ros2controlcli.egg-info/SOURCES.txt'
running build_ext
Creating /home/rl-public/workspace/install/ros2controlcli/lib/python3.10/site-packages/ros2controlcli.egg-link (link to .)

Installed /home/rl-public/workspace/build/ros2controlcli
running symlink_data
symbolically linking /home/rl-public/workspace/build/ros2controlcli/package.xml -> /home/rl-public/workspace/install/ros2controlcli/share/ros2controlcli
creating /home/rl-public/workspace/install/ros2controlcli/share/ament_index
creating /home/rl-public/workspace/install/ros2controlcli/share/ament_index/resource_index
creating /home/rl-public/workspace/install/ros2controlcli/share/ament_index/resource_index/packages
symbolically linking /home/rl-public/workspace/build/ros2controlcli/resource/ros2controlcli -> /home/rl-public/workspace/install/ros2controlcli/share/ament_index/resource_index/packages
