[0.259s] Invoking command in '/home/rl-public/workspace/build/joint_limits': CMAKE_PREFIX_PATH=${CMAKE_PREFIX_PATH}:/home/rl-public/workspace/install/rqt_joint_trajectory_controller:/home/rl-public/workspace/install/rqt_controller_manager:/home/rl-public/workspace/install/ros2controlcli:/home/rl-public/workspace/install/ros2_controllers_test_nodes:/opt/ros/humble /usr/bin/cmake /home/rl-public/workspace/ros_ur_driver/src/ros2_control/joint_limits -DAMENT_CMAKE_SYMLINK_INSTALL=1 -DCMAKE_INSTALL_PREFIX=/home/rl-public/workspace/install/joint_limits
[0.314s] -- The C compiler identification is GNU 11.4.0
[0.370s] -- The CXX compiler identification is GNU 11.4.0
[0.377s] -- Detecting C compiler ABI info
[0.450s] -- Detecting C compiler ABI info - done
[0.458s] -- Check for working C compiler: /usr/bin/cc - skipped
[0.458s] -- Detecting C compile features
[0.459s] -- Detecting C compile features - done
[0.462s] -- Detecting CXX compiler ABI info
[0.546s] -- Detecting CXX compiler ABI info - done
[0.558s] -- Check for working CXX compiler: /usr/bin/c++ - skipped
[0.558s] -- Detecting CXX compile features
[0.559s] -- Detecting CXX compile features - done
[0.562s] -- Found ament_cmake: 1.3.10 (/opt/ros/humble/share/ament_cmake/cmake)
[0.742s] -- Found Python3: /usr/bin/python3 (found version "3.10.12") found components: Interpreter 
[0.805s] -- Override CMake install command with custom implementation using symlinks instead of copying resources
[0.836s] -- Found rclcpp: 16.0.10 (/opt/ros/humble/share/rclcpp/cmake)
[0.874s] -- Found rosidl_generator_c: 3.1.5 (/opt/ros/humble/share/rosidl_generator_c/cmake)
[0.879s] -- Found rosidl_adapter: 3.1.5 (/opt/ros/humble/share/rosidl_adapter/cmake)
[0.887s] -- Found rosidl_generator_cpp: 3.1.5 (/opt/ros/humble/share/rosidl_generator_cpp/cmake)
[0.898s] -- Using all available rosidl_typesupport_c: rosidl_typesupport_fastrtps_c;rosidl_typesupport_introspection_c
[0.927s] -- Using all available rosidl_typesupport_cpp: rosidl_typesupport_fastrtps_cpp;rosidl_typesupport_introspection_cpp
[1.015s] -- Found rmw_implementation_cmake: 6.1.2 (/opt/ros/humble/share/rmw_implementation_cmake/cmake)
[1.019s] -- Found rmw_fastrtps_cpp: 6.2.7 (/opt/ros/humble/share/rmw_fastrtps_cpp/cmake)
[1.288s] -- Found OpenSSL: /usr/lib/x86_64-linux-gnu/libcrypto.so (found version "3.0.2")  
[1.375s] -- Found FastRTPS: /opt/ros/humble/include  
[1.478s] -- Using RMW implementation 'rmw_fastrtps_cpp' as default
[1.506s] -- Looking for pthread.h
[1.724s] -- Looking for pthread.h - found
[1.729s] -- Performing Test CMAKE_HAVE_LIBC_PTHREAD
[1.963s] -- Performing Test CMAKE_HAVE_LIBC_PTHREAD - Success
[1.965s] -- Found Threads: TRUE  
[2.112s] -- Found rclcpp_lifecycle: 16.0.10 (/opt/ros/humble/share/rclcpp_lifecycle/cmake)
[2.157s] -- Found ament_cmake_gtest: 1.3.10 (/opt/ros/humble/share/ament_cmake_gtest/cmake)
[2.160s] -- Found launch_testing_ament_cmake: 1.0.6 (/opt/ros/humble/share/launch_testing_ament_cmake/cmake)
[2.163s] -- Found python_cmake_module: 0.10.0 (/opt/ros/humble/share/python_cmake_module/cmake)
[2.205s] -- Found PythonInterp: /usr/bin/python3 (found suitable version "3.10.12", minimum required is "3.6") 
[2.224s] -- Found PythonLibs: /usr/lib/x86_64-linux-gnu/libpython3.10.so (found suitable version "3.10.12", minimum required is "3.5") 
[2.226s] -- Using PYTHON_EXECUTABLE: /usr/bin/python3
[2.226s] -- Using PYTHON_INCLUDE_DIRS: /usr/include/python3.10
[2.226s] -- Using PYTHON_LIBRARIES: /usr/lib/x86_64-linux-gnu/libpython3.10.so
[2.332s] -- Found PythonExtra: .so  
[2.345s] -- Found gtest sources under '/opt/ros/humble/src/gtest_vendor': C++ tests using 'Google Test' will be built
[2.566s] -- Configuring done
[2.605s] -- Generating done
[2.608s] -- Build files have been written to: /home/rl-public/workspace/build/joint_limits
[2.640s] Invoked command in '/home/rl-public/workspace/build/joint_limits' returned '0': CMAKE_PREFIX_PATH=${CMAKE_PREFIX_PATH}:/home/rl-public/workspace/install/rqt_joint_trajectory_controller:/home/rl-public/workspace/install/rqt_controller_manager:/home/rl-public/workspace/install/ros2controlcli:/home/rl-public/workspace/install/ros2_controllers_test_nodes:/opt/ros/humble /usr/bin/cmake /home/rl-public/workspace/ros_ur_driver/src/ros2_control/joint_limits -DAMENT_CMAKE_SYMLINK_INSTALL=1 -DCMAKE_INSTALL_PREFIX=/home/rl-public/workspace/install/joint_limits
[2.641s] Invoking command in '/home/rl-public/workspace/build/joint_limits': CMAKE_PREFIX_PATH=${CMAKE_PREFIX_PATH}:/home/rl-public/workspace/install/rqt_joint_trajectory_controller:/home/rl-public/workspace/install/rqt_controller_manager:/home/rl-public/workspace/install/ros2controlcli:/home/rl-public/workspace/install/ros2_controllers_test_nodes:/opt/ros/humble /usr/bin/cmake --build /home/rl-public/workspace/build/joint_limits -- -j20 -l20
[2.770s] [ 33%] [32mBuilding CXX object gtest/CMakeFiles/gtest.dir/src/gtest-all.cc.o[0m
[2.772s] [ 16%] [32mBuilding CXX object gtest/CMakeFiles/gtest_main.dir/src/gtest_main.cc.o[0m
[3.697s] [ 50%] [32m[1mLinking CXX static library libgtest_main.a[0m
[3.754s] [ 50%] Built target gtest_main
[8.875s] [ 66%] [32m[1mLinking CXX static library libgtest.a[0m
[9.026s] [ 66%] Built target gtest
[9.099s] [ 83%] [32mBuilding CXX object CMakeFiles/joint_limits_rosparam_test.dir/test/joint_limits_rosparam_test.cpp.o[0m
[20.378s] [100%] [32m[1mLinking CXX executable joint_limits_rosparam_test[0m
[20.858s] [100%] Built target joint_limits_rosparam_test
[20.876s] Invoked command in '/home/rl-public/workspace/build/joint_limits' returned '0': CMAKE_PREFIX_PATH=${CMAKE_PREFIX_PATH}:/home/rl-public/workspace/install/rqt_joint_trajectory_controller:/home/rl-public/workspace/install/rqt_controller_manager:/home/rl-public/workspace/install/ros2controlcli:/home/rl-public/workspace/install/ros2_controllers_test_nodes:/opt/ros/humble /usr/bin/cmake --build /home/rl-public/workspace/build/joint_limits -- -j20 -l20
[20.931s] Invoking command in '/home/rl-public/workspace/build/joint_limits': CMAKE_PREFIX_PATH=${CMAKE_PREFIX_PATH}:/home/rl-public/workspace/install/rqt_joint_trajectory_controller:/home/rl-public/workspace/install/rqt_controller_manager:/home/rl-public/workspace/install/ros2controlcli:/home/rl-public/workspace/install/ros2_controllers_test_nodes:/opt/ros/humble /usr/bin/cmake --install /home/rl-public/workspace/build/joint_limits
[20.941s] -- Install configuration: ""
[20.942s] -- Execute custom install script
[20.942s] -- Symlinking: /home/rl-public/workspace/install/joint_limits/include/joint_limits/joint_limits.hpp
[20.954s] -- Symlinking: /home/rl-public/workspace/install/joint_limits/include/joint_limits/joint_limits_rosparam.hpp
[20.964s] -- Symlinking: /home/rl-public/workspace/install/joint_limits/lib/joint_limits/joint_limits_rosparam_test
[20.974s] -- Symlinking: /home/rl-public/workspace/install/joint_limits/share/joint_limits/test/joint_limits_rosparam.yaml
[20.985s] -- Symlinking: /home/rl-public/workspace/install/joint_limits/share/ament_index/resource_index/package_run_dependencies/joint_limits
[20.997s] -- Symlinking: /home/rl-public/workspace/install/joint_limits/share/ament_index/resource_index/parent_prefix_path/joint_limits
[21.005s] -- Symlinking: /home/rl-public/workspace/install/joint_limits/share/joint_limits/environment/ament_prefix_path.sh
[21.021s] -- Symlinking: /home/rl-public/workspace/install/joint_limits/share/joint_limits/environment/ament_prefix_path.dsv
[21.033s] -- Symlinking: /home/rl-public/workspace/install/joint_limits/share/joint_limits/environment/path.sh
[21.043s] -- Symlinking: /home/rl-public/workspace/install/joint_limits/share/joint_limits/environment/path.dsv
[21.051s] -- Symlinking: /home/rl-public/workspace/install/joint_limits/share/joint_limits/local_setup.bash
[21.065s] -- Symlinking: /home/rl-public/workspace/install/joint_limits/share/joint_limits/local_setup.sh
[21.077s] -- Symlinking: /home/rl-public/workspace/install/joint_limits/share/joint_limits/local_setup.zsh
[21.087s] -- Symlinking: /home/rl-public/workspace/install/joint_limits/share/joint_limits/local_setup.dsv
[21.099s] -- Symlinking: /home/rl-public/workspace/install/joint_limits/share/joint_limits/package.dsv
[21.121s] -- Symlinking: /home/rl-public/workspace/install/joint_limits/share/ament_index/resource_index/packages/joint_limits
[21.145s] -- Symlinking: /home/rl-public/workspace/install/joint_limits/share/joint_limits/cmake/ament_cmake_export_dependencies-extras.cmake
[21.177s] -- Symlinking: /home/rl-public/workspace/install/joint_limits/share/joint_limits/cmake/ament_cmake_export_include_directories-extras.cmake
[21.192s] -- Symlinking: /home/rl-public/workspace/install/joint_limits/share/joint_limits/cmake/joint_limitsConfig.cmake
[21.218s] -- Symlinking: /home/rl-public/workspace/install/joint_limits/share/joint_limits/cmake/joint_limitsConfig-version.cmake
[21.251s] -- Symlinking: /home/rl-public/workspace/install/joint_limits/share/joint_limits/package.xml
[21.292s] Invoked command in '/home/rl-public/workspace/build/joint_limits' returned '0': CMAKE_PREFIX_PATH=${CMAKE_PREFIX_PATH}:/home/rl-public/workspace/install/rqt_joint_trajectory_controller:/home/rl-public/workspace/install/rqt_controller_manager:/home/rl-public/workspace/install/ros2controlcli:/home/rl-public/workspace/install/ros2_controllers_test_nodes:/opt/ros/humble /usr/bin/cmake --install /home/rl-public/workspace/build/joint_limits
