[0.031s] Invoking command in '/home/rl-public/workspace/build/ur_msgs': CMAKE_PREFIX_PATH=${CMAKE_PREFIX_PATH}:/home/rl-public/workspace/install/rqt_joint_trajectory_controller:/home/rl-public/workspace/install/rqt_controller_manager:/home/rl-public/workspace/install/ros2controlcli:/home/rl-public/workspace/install/ros2_controllers_test_nodes:/opt/ros/humble /usr/bin/cmake /home/rl-public/workspace/ros_ur_driver/src/ur_msgs -DAMENT_CMAKE_SYMLINK_INSTALL=1 -DCMAKE_INSTALL_PREFIX=/home/rl-public/workspace/install/ur_msgs
[0.281s] -- The C compiler identification is GNU 11.4.0
[0.281s] -- The CXX compiler identification is GNU 11.4.0
[0.281s] -- Detecting C compiler ABI info
[0.281s] -- Detecting C compiler ABI info - done
[0.281s] -- Check for working C compiler: /usr/bin/cc - skipped
[0.281s] -- Detecting C compile features
[0.281s] -- Detecting C compile features - done
[0.281s] -- Detecting CXX compiler ABI info
[0.289s] -- Detecting CXX compiler ABI info - done
[0.299s] -- Check for working CXX compiler: /usr/bin/c++ - skipped
[0.299s] -- Detecting CXX compile features
[0.299s] -- Detecting CXX compile features - done
[0.301s] -- Found ament_cmake: 1.3.10 (/opt/ros/humble/share/ament_cmake/cmake)
[0.461s] -- Found Python3: /usr/bin/python3 (found version "3.10.12") found components: Interpreter 
[0.526s] -- Override CMake install command with custom implementation using symlinks instead of copying resources
[0.551s] -- Found builtin_interfaces: 1.2.1 (/opt/ros/humble/share/builtin_interfaces/cmake)
[0.578s] -- Found rosidl_generator_c: 3.1.5 (/opt/ros/humble/share/rosidl_generator_c/cmake)
[0.583s] -- Found rosidl_adapter: 3.1.5 (/opt/ros/humble/share/rosidl_adapter/cmake)
[0.590s] -- Found rosidl_generator_cpp: 3.1.5 (/opt/ros/humble/share/rosidl_generator_cpp/cmake)
[0.603s] -- Using all available rosidl_typesupport_c: rosidl_typesupport_fastrtps_c;rosidl_typesupport_introspection_c
[0.619s] -- Using all available rosidl_typesupport_cpp: rosidl_typesupport_fastrtps_cpp;rosidl_typesupport_introspection_cpp
[0.634s] -- Found rosidl_default_generators: 1.2.0 (/opt/ros/humble/share/rosidl_default_generators/cmake)
[0.647s] -- Found geometry_msgs: 4.2.4 (/opt/ros/humble/share/geometry_msgs/cmake)
[0.673s] -- Found ament_lint_auto: 0.12.11 (/opt/ros/humble/share/ament_lint_auto/cmake)
[1.285s] -- Found ament_cmake_ros: 0.10.0 (/opt/ros/humble/share/ament_cmake_ros/cmake)
[2.488s] -- Using all available rosidl_typesupport_c: rosidl_typesupport_fastrtps_c;rosidl_typesupport_introspection_c
[2.859s] -- Using all available rosidl_typesupport_cpp: rosidl_typesupport_fastrtps_cpp;rosidl_typesupport_introspection_cpp
[2.904s] -- Found PythonInterp: /usr/bin/python3 (found suitable version "3.10.12", minimum required is "3.6") 
[2.906s] -- Found python_cmake_module: 0.10.0 (/opt/ros/humble/share/python_cmake_module/cmake)
[2.961s] -- Found PythonLibs: /usr/lib/x86_64-linux-gnu/libpython3.10.so (found suitable version "3.10.12", minimum required is "3.5") 
[2.961s] -- Using PYTHON_EXECUTABLE: /usr/bin/python3
[2.961s] -- Using PYTHON_INCLUDE_DIRS: /usr/include/python3.10
[2.961s] -- Using PYTHON_LIBRARIES: /usr/lib/x86_64-linux-gnu/libpython3.10.so
[3.009s] -- Found PythonExtra: .so  
[3.195s] -- Added test 'copyright' to check source files copyright and LICENSE
[3.206s] -- Added test 'lint_cmake' to check CMake code style
[3.213s] -- Added test 'xmllint' to check XML markup files
[3.227s] -- Configuring done
[3.327s] -- Generating done
[3.330s] -- Build files have been written to: /home/rl-public/workspace/build/ur_msgs
[3.357s] Invoked command in '/home/rl-public/workspace/build/ur_msgs' returned '0': CMAKE_PREFIX_PATH=${CMAKE_PREFIX_PATH}:/home/rl-public/workspace/install/rqt_joint_trajectory_controller:/home/rl-public/workspace/install/rqt_controller_manager:/home/rl-public/workspace/install/ros2controlcli:/home/rl-public/workspace/install/ros2_controllers_test_nodes:/opt/ros/humble /usr/bin/cmake /home/rl-public/workspace/ros_ur_driver/src/ur_msgs -DAMENT_CMAKE_SYMLINK_INSTALL=1 -DCMAKE_INSTALL_PREFIX=/home/rl-public/workspace/install/ur_msgs
[3.363s] Invoking command in '/home/rl-public/workspace/build/ur_msgs': CMAKE_PREFIX_PATH=${CMAKE_PREFIX_PATH}:/home/rl-public/workspace/install/rqt_joint_trajectory_controller:/home/rl-public/workspace/install/rqt_controller_manager:/home/rl-public/workspace/install/ros2controlcli:/home/rl-public/workspace/install/ros2_controllers_test_nodes:/opt/ros/humble /usr/bin/cmake --build /home/rl-public/workspace/build/ur_msgs -- -j20 -l20
[3.419s] [  1%] [34m[1mGenerating C code for ROS interfaces[0m
[3.444s] [  1%] [34m[1mGenerating C++ code for ROS interfaces[0m
[3.449s] [  1%] Built target ament_cmake_python_symlink_ur_msgs
[3.828s] running egg_info
[3.829s] creating ur_msgs.egg-info
[3.830s] writing ur_msgs.egg-info/PKG-INFO
[3.830s] writing dependency_links to ur_msgs.egg-info/dependency_links.txt
[3.830s] writing top-level names to ur_msgs.egg-info/top_level.txt
[3.830s] writing manifest file 'ur_msgs.egg-info/SOURCES.txt'
[3.835s] reading manifest file 'ur_msgs.egg-info/SOURCES.txt'
[3.837s] writing manifest file 'ur_msgs.egg-info/SOURCES.txt'
[3.893s] [  1%] Built target ament_cmake_python_build_ur_msgs_egg
[5.592s] [  1%] Built target ur_msgs__cpp
[5.627s] [  2%] [34m[1mGenerating C++ introspection for ROS interfaces[0m
[5.629s] [  3%] [34m[1mGenerating C++ type support dispatch for ROS interfaces[0m
[5.653s] [  3%] [34m[1mGenerating C++ type support for eProsima Fast-RTPS[0m
[5.904s] [  4%] [32mBuilding C object CMakeFiles/ur_msgs__rosidl_generator_c.dir/rosidl_generator_c/ur_msgs/msg/detail/analog__functions.c.o[0m
[5.911s] [  5%] [32mBuilding C object CMakeFiles/ur_msgs__rosidl_generator_c.dir/rosidl_generator_c/ur_msgs/msg/detail/io_states__functions.c.o[0m
[5.918s] [  6%] [32mBuilding C object CMakeFiles/ur_msgs__rosidl_generator_c.dir/rosidl_generator_c/ur_msgs/msg/detail/digital__functions.c.o[0m
[5.928s] [  7%] [32mBuilding C object CMakeFiles/ur_msgs__rosidl_generator_c.dir/rosidl_generator_c/ur_msgs/msg/detail/masterboard_data_msg__functions.c.o[0m
[5.928s] [  7%] [32mBuilding C object CMakeFiles/ur_msgs__rosidl_generator_c.dir/rosidl_generator_c/ur_msgs/msg/detail/robot_state_rt_msg__functions.c.o[0m
[5.928s] [  8%] [32mBuilding C object CMakeFiles/ur_msgs__rosidl_generator_c.dir/rosidl_generator_c/ur_msgs/msg/detail/tool_data_msg__functions.c.o[0m
[5.928s] [  9%] [32mBuilding C object CMakeFiles/ur_msgs__rosidl_generator_c.dir/rosidl_generator_c/ur_msgs/srv/detail/set_analog_output__functions.c.o[0m
[5.929s] [ 10%] [32mBuilding C object CMakeFiles/ur_msgs__rosidl_generator_c.dir/rosidl_generator_c/ur_msgs/srv/detail/set_payload__functions.c.o[0m
[5.946s] [ 11%] [32mBuilding C object CMakeFiles/ur_msgs__rosidl_generator_c.dir/rosidl_generator_c/ur_msgs/msg/detail/robot_mode_data_msg__functions.c.o[0m
[5.946s] [ 11%] [32mBuilding C object CMakeFiles/ur_msgs__rosidl_generator_c.dir/rosidl_generator_c/ur_msgs/srv/detail/set_speed_slider_fraction__functions.c.o[0m
[6.003s] [ 12%] [32mBuilding C object CMakeFiles/ur_msgs__rosidl_generator_c.dir/rosidl_generator_c/ur_msgs/srv/detail/get_robot_software_version__functions.c.o[0m
[6.004s] [ 13%] [32mBuilding C object CMakeFiles/ur_msgs__rosidl_generator_c.dir/rosidl_generator_c/ur_msgs/srv/detail/set_io__functions.c.o[0m
[6.191s] [ 14%] [32m[1mLinking C shared library libur_msgs__rosidl_generator_c.so[0m
[6.318s] [ 14%] Built target ur_msgs__rosidl_generator_c
[6.365s] [ 15%] [34m[1mGenerating C type support for eProsima Fast-RTPS[0m
[6.365s] [ 16%] [34m[1mGenerating C introspection for ROS interfaces[0m
[6.368s] [ 17%] [34m[1mGenerating C type support dispatch for ROS interfaces[0m
[7.751s] [ 17%] [32mBuilding CXX object CMakeFiles/ur_msgs__rosidl_typesupport_introspection_cpp.dir/rosidl_typesupport_introspection_cpp/ur_msgs/msg/detail/analog__type_support.cpp.o[0m
[7.765s] [ 19%] [32mBuilding CXX object CMakeFiles/ur_msgs__rosidl_typesupport_introspection_cpp.dir/rosidl_typesupport_introspection_cpp/ur_msgs/msg/detail/robot_state_rt_msg__type_support.cpp.o[0m
[7.765s] [ 20%] [32mBuilding CXX object CMakeFiles/ur_msgs__rosidl_typesupport_introspection_cpp.dir/rosidl_typesupport_introspection_cpp/ur_msgs/msg/detail/io_states__type_support.cpp.o[0m
[7.768s] [ 20%] [32mBuilding CXX object CMakeFiles/ur_msgs__rosidl_typesupport_introspection_cpp.dir/rosidl_typesupport_introspection_cpp/ur_msgs/msg/detail/digital__type_support.cpp.o[0m
[7.768s] [ 21%] [32mBuilding CXX object CMakeFiles/ur_msgs__rosidl_typesupport_introspection_cpp.dir/rosidl_typesupport_introspection_cpp/ur_msgs/msg/detail/tool_data_msg__type_support.cpp.o[0m
[7.769s] [ 22%] [32mBuilding CXX object CMakeFiles/ur_msgs__rosidl_typesupport_introspection_cpp.dir/rosidl_typesupport_introspection_cpp/ur_msgs/srv/detail/set_analog_output__type_support.cpp.o[0m
[7.774s] [ 23%] [32mBuilding CXX object CMakeFiles/ur_msgs__rosidl_typesupport_introspection_cpp.dir/rosidl_typesupport_introspection_cpp/ur_msgs/msg/detail/masterboard_data_msg__type_support.cpp.o[0m
[7.774s] [ 23%] [32mBuilding CXX object CMakeFiles/ur_msgs__rosidl_typesupport_introspection_cpp.dir/rosidl_typesupport_introspection_cpp/ur_msgs/msg/detail/robot_mode_data_msg__type_support.cpp.o[0m
[7.781s] [ 24%] [32mBuilding CXX object CMakeFiles/ur_msgs__rosidl_typesupport_introspection_cpp.dir/rosidl_typesupport_introspection_cpp/ur_msgs/srv/detail/set_payload__type_support.cpp.o[0m
[7.801s] [ 25%] [32mBuilding CXX object CMakeFiles/ur_msgs__rosidl_typesupport_introspection_cpp.dir/rosidl_typesupport_introspection_cpp/ur_msgs/srv/detail/set_speed_slider_fraction__type_support.cpp.o[0m
[7.841s] [ 26%] [32mBuilding CXX object CMakeFiles/ur_msgs__rosidl_typesupport_introspection_cpp.dir/rosidl_typesupport_introspection_cpp/ur_msgs/srv/detail/set_io__type_support.cpp.o[0m
[7.847s] [ 27%] [32mBuilding CXX object CMakeFiles/ur_msgs__rosidl_typesupport_introspection_cpp.dir/rosidl_typesupport_introspection_cpp/ur_msgs/srv/detail/get_robot_software_version__type_support.cpp.o[0m
[9.145s] [ 28%] [32mBuilding CXX object CMakeFiles/ur_msgs__rosidl_typesupport_cpp.dir/rosidl_typesupport_cpp/ur_msgs/msg/analog__type_support.cpp.o[0m
[9.149s] [ 30%] [32mBuilding CXX object CMakeFiles/ur_msgs__rosidl_typesupport_cpp.dir/rosidl_typesupport_cpp/ur_msgs/msg/io_states__type_support.cpp.o[0m
[9.153s] [ 30%] [32mBuilding CXX object CMakeFiles/ur_msgs__rosidl_typesupport_cpp.dir/rosidl_typesupport_cpp/ur_msgs/msg/digital__type_support.cpp.o[0m
[9.162s] [ 30%] [32mBuilding CXX object CMakeFiles/ur_msgs__rosidl_typesupport_cpp.dir/rosidl_typesupport_cpp/ur_msgs/msg/masterboard_data_msg__type_support.cpp.o[0m
[9.168s] [ 32%] [32mBuilding CXX object CMakeFiles/ur_msgs__rosidl_typesupport_cpp.dir/rosidl_typesupport_cpp/ur_msgs/msg/robot_state_rt_msg__type_support.cpp.o[0m
[9.168s] [ 32%] [32mBuilding CXX object CMakeFiles/ur_msgs__rosidl_typesupport_cpp.dir/rosidl_typesupport_cpp/ur_msgs/msg/tool_data_msg__type_support.cpp.o[0m
[9.170s] [ 33%] [32mBuilding CXX object CMakeFiles/ur_msgs__rosidl_typesupport_cpp.dir/rosidl_typesupport_cpp/ur_msgs/msg/robot_mode_data_msg__type_support.cpp.o[0m
[9.200s] [ 34%] [32mBuilding CXX object CMakeFiles/ur_msgs__rosidl_typesupport_cpp.dir/rosidl_typesupport_cpp/ur_msgs/srv/set_analog_output__type_support.cpp.o[0m
[9.213s] [ 35%] [32mBuilding CXX object CMakeFiles/ur_msgs__rosidl_typesupport_cpp.dir/rosidl_typesupport_cpp/ur_msgs/srv/set_payload__type_support.cpp.o[0m
[9.255s] [ 36%] [32mBuilding CXX object CMakeFiles/ur_msgs__rosidl_typesupport_cpp.dir/rosidl_typesupport_cpp/ur_msgs/srv/set_speed_slider_fraction__type_support.cpp.o[0m
[9.340s] [ 36%] [32mBuilding CXX object CMakeFiles/ur_msgs__rosidl_typesupport_cpp.dir/rosidl_typesupport_cpp/ur_msgs/srv/set_io__type_support.cpp.o[0m
[9.805s] [ 37%] [32mBuilding CXX object CMakeFiles/ur_msgs__rosidl_typesupport_cpp.dir/rosidl_typesupport_cpp/ur_msgs/srv/get_robot_software_version__type_support.cpp.o[0m
[9.853s] [ 38%] [32mBuilding CXX object CMakeFiles/ur_msgs__rosidl_typesupport_c.dir/rosidl_typesupport_c/ur_msgs/msg/analog__type_support.cpp.o[0m
[9.853s] [ 39%] [32mBuilding CXX object CMakeFiles/ur_msgs__rosidl_typesupport_fastrtps_cpp.dir/rosidl_typesupport_fastrtps_cpp/ur_msgs/msg/detail/dds_fastrtps/analog__type_support.cpp.o[0m
[9.865s] [ 40%] [32mBuilding CXX object CMakeFiles/ur_msgs__rosidl_typesupport_fastrtps_cpp.dir/rosidl_typesupport_fastrtps_cpp/ur_msgs/msg/detail/dds_fastrtps/digital__type_support.cpp.o[0m
[9.876s] [ 41%] [32mBuilding C object CMakeFiles/ur_msgs__rosidl_typesupport_introspection_c.dir/rosidl_typesupport_introspection_c/ur_msgs/msg/detail/analog__type_support.c.o[0m
[9.876s] [ 42%] [32mBuilding CXX object CMakeFiles/ur_msgs__rosidl_typesupport_fastrtps_cpp.dir/rosidl_typesupport_fastrtps_cpp/ur_msgs/msg/detail/dds_fastrtps/io_states__type_support.cpp.o[0m
[9.968s] [ 43%] [32mBuilding CXX object CMakeFiles/ur_msgs__rosidl_typesupport_fastrtps_cpp.dir/rosidl_typesupport_fastrtps_cpp/ur_msgs/msg/detail/dds_fastrtps/robot_state_rt_msg__type_support.cpp.o[0m
[9.969s] [ 43%] [32mBuilding CXX object CMakeFiles/ur_msgs__rosidl_typesupport_c.dir/rosidl_typesupport_c/ur_msgs/msg/digital__type_support.cpp.o[0m
[9.991s] [ 44%] [32mBuilding C object CMakeFiles/ur_msgs__rosidl_typesupport_introspection_c.dir/rosidl_typesupport_introspection_c/ur_msgs/msg/detail/digital__type_support.c.o[0m
[10.020s] [ 45%] [32mBuilding C object CMakeFiles/ur_msgs__rosidl_typesupport_introspection_c.dir/rosidl_typesupport_introspection_c/ur_msgs/msg/detail/io_states__type_support.c.o[0m
[10.028s] [ 46%] [32mBuilding CXX object CMakeFiles/ur_msgs__rosidl_typesupport_fastrtps_cpp.dir/rosidl_typesupport_fastrtps_cpp/ur_msgs/msg/detail/dds_fastrtps/masterboard_data_msg__type_support.cpp.o[0m
[10.032s] [ 46%] [32mBuilding C object CMakeFiles/ur_msgs__rosidl_typesupport_introspection_c.dir/rosidl_typesupport_introspection_c/ur_msgs/msg/detail/robot_state_rt_msg__type_support.c.o[0m
[10.154s] [ 47%] [32mBuilding CXX object CMakeFiles/ur_msgs__rosidl_typesupport_c.dir/rosidl_typesupport_c/ur_msgs/msg/io_states__type_support.cpp.o[0m
[10.186s] [ 48%] [32mBuilding CXX object CMakeFiles/ur_msgs__rosidl_typesupport_c.dir/rosidl_typesupport_c/ur_msgs/msg/robot_state_rt_msg__type_support.cpp.o[0m
[10.210s] [ 49%] [32m[1mLinking CXX shared library libur_msgs__rosidl_typesupport_introspection_cpp.so[0m
[10.232s] [ 50%] [32mBuilding CXX object CMakeFiles/ur_msgs__rosidl_typesupport_fastrtps_cpp.dir/rosidl_typesupport_fastrtps_cpp/ur_msgs/msg/detail/dds_fastrtps/robot_mode_data_msg__type_support.cpp.o[0m
[10.232s] [ 50%] [32mBuilding CXX object CMakeFiles/ur_msgs__rosidl_typesupport_c.dir/rosidl_typesupport_c/ur_msgs/msg/masterboard_data_msg__type_support.cpp.o[0m
[10.321s] [ 51%] [32mBuilding CXX object CMakeFiles/ur_msgs__rosidl_typesupport_c.dir/rosidl_typesupport_c/ur_msgs/msg/robot_mode_data_msg__type_support.cpp.o[0m
[10.354s] [ 52%] [32mBuilding CXX object CMakeFiles/ur_msgs__rosidl_typesupport_fastrtps_cpp.dir/rosidl_typesupport_fastrtps_cpp/ur_msgs/srv/detail/dds_fastrtps/set_analog_output__type_support.cpp.o[0m
[10.366s] [ 53%] [32mBuilding CXX object CMakeFiles/ur_msgs__rosidl_typesupport_fastrtps_cpp.dir/rosidl_typesupport_fastrtps_cpp/ur_msgs/msg/detail/dds_fastrtps/tool_data_msg__type_support.cpp.o[0m
[10.366s] [ 54%] [32mBuilding CXX object CMakeFiles/ur_msgs__rosidl_typesupport_c.dir/rosidl_typesupport_c/ur_msgs/msg/tool_data_msg__type_support.cpp.o[0m
[10.366s] [ 55%] [32mBuilding C object CMakeFiles/ur_msgs__rosidl_typesupport_introspection_c.dir/rosidl_typesupport_introspection_c/ur_msgs/msg/detail/masterboard_data_msg__type_support.c.o[0m
[10.400s] [ 56%] [32mBuilding CXX object CMakeFiles/ur_msgs__rosidl_typesupport_fastrtps_cpp.dir/rosidl_typesupport_fastrtps_cpp/ur_msgs/srv/detail/dds_fastrtps/set_payload__type_support.cpp.o[0m
[10.419s] [ 57%] [32mBuilding CXX object CMakeFiles/ur_msgs__rosidl_typesupport_fastrtps_cpp.dir/rosidl_typesupport_fastrtps_cpp/ur_msgs/srv/detail/dds_fastrtps/set_speed_slider_fraction__type_support.cpp.o[0m
[10.474s] [ 58%] [32mBuilding CXX object CMakeFiles/ur_msgs__rosidl_typesupport_fastrtps_cpp.dir/rosidl_typesupport_fastrtps_cpp/ur_msgs/srv/detail/dds_fastrtps/set_io__type_support.cpp.o[0m
[10.477s] [ 58%] [32mBuilding CXX object CMakeFiles/ur_msgs__rosidl_typesupport_c.dir/rosidl_typesupport_c/ur_msgs/srv/set_analog_output__type_support.cpp.o[0m
[10.495s] [ 58%] [32mBuilding CXX object CMakeFiles/ur_msgs__rosidl_typesupport_fastrtps_cpp.dir/rosidl_typesupport_fastrtps_cpp/ur_msgs/srv/detail/dds_fastrtps/get_robot_software_version__type_support.cpp.o[0m
[10.578s] [ 59%] [32mBuilding C object CMakeFiles/ur_msgs__rosidl_typesupport_introspection_c.dir/rosidl_typesupport_introspection_c/ur_msgs/msg/detail/robot_mode_data_msg__type_support.c.o[0m
[10.662s] [ 59%] Built target ur_msgs__rosidl_typesupport_introspection_cpp
[10.676s] [ 60%] [32mBuilding CXX object CMakeFiles/ur_msgs__rosidl_typesupport_c.dir/rosidl_typesupport_c/ur_msgs/srv/set_payload__type_support.cpp.o[0m
[10.697s] [ 61%] [32mBuilding C object CMakeFiles/ur_msgs__rosidl_typesupport_introspection_c.dir/rosidl_typesupport_introspection_c/ur_msgs/msg/detail/tool_data_msg__type_support.c.o[0m
[10.725s] [ 62%] [32mBuilding C object CMakeFiles/ur_msgs__rosidl_typesupport_introspection_c.dir/rosidl_typesupport_introspection_c/ur_msgs/srv/detail/set_analog_output__type_support.c.o[0m
[10.761s] [ 63%] [32mBuilding CXX object CMakeFiles/ur_msgs__rosidl_typesupport_c.dir/rosidl_typesupport_c/ur_msgs/srv/set_speed_slider_fraction__type_support.cpp.o[0m
[10.849s] [ 64%] [32mBuilding C object CMakeFiles/ur_msgs__rosidl_typesupport_introspection_c.dir/rosidl_typesupport_introspection_c/ur_msgs/srv/detail/set_payload__type_support.c.o[0m
[10.877s] [ 65%] [32mBuilding CXX object CMakeFiles/ur_msgs__rosidl_typesupport_c.dir/rosidl_typesupport_c/ur_msgs/srv/set_io__type_support.cpp.o[0m
[10.894s] [ 66%] [32mBuilding CXX object CMakeFiles/ur_msgs__rosidl_typesupport_c.dir/rosidl_typesupport_c/ur_msgs/srv/get_robot_software_version__type_support.cpp.o[0m
[10.929s] [ 67%] [32mBuilding C object CMakeFiles/ur_msgs__rosidl_typesupport_introspection_c.dir/rosidl_typesupport_introspection_c/ur_msgs/srv/detail/set_speed_slider_fraction__type_support.c.o[0m
[10.951s] [ 67%] [32mBuilding C object CMakeFiles/ur_msgs__rosidl_typesupport_introspection_c.dir/rosidl_typesupport_introspection_c/ur_msgs/srv/detail/set_io__type_support.c.o[0m
[10.994s] [ 68%] [32mBuilding C object CMakeFiles/ur_msgs__rosidl_typesupport_introspection_c.dir/rosidl_typesupport_introspection_c/ur_msgs/srv/detail/get_robot_software_version__type_support.c.o[0m
[11.007s] [ 69%] [32m[1mLinking CXX shared library libur_msgs__rosidl_typesupport_c.so[0m
[11.107s] [ 70%] [32mBuilding CXX object CMakeFiles/ur_msgs__rosidl_typesupport_fastrtps_c.dir/rosidl_typesupport_fastrtps_c/ur_msgs/msg/detail/analog__type_support_c.cpp.o[0m
[11.122s] [ 71%] [32mBuilding CXX object CMakeFiles/ur_msgs__rosidl_typesupport_fastrtps_c.dir/rosidl_typesupport_fastrtps_c/ur_msgs/msg/detail/io_states__type_support_c.cpp.o[0m
[11.124s] [ 72%] [32mBuilding CXX object CMakeFiles/ur_msgs__rosidl_typesupport_fastrtps_c.dir/rosidl_typesupport_fastrtps_c/ur_msgs/msg/detail/digital__type_support_c.cpp.o[0m
[11.125s] [ 72%] [32mBuilding CXX object CMakeFiles/ur_msgs__rosidl_typesupport_fastrtps_c.dir/rosidl_typesupport_fastrtps_c/ur_msgs/msg/detail/robot_state_rt_msg__type_support_c.cpp.o[0m
[11.128s] [ 73%] [32mBuilding CXX object CMakeFiles/ur_msgs__rosidl_typesupport_fastrtps_c.dir/rosidl_typesupport_fastrtps_c/ur_msgs/msg/detail/masterboard_data_msg__type_support_c.cpp.o[0m
[11.172s] [ 74%] [32m[1mLinking C shared library libur_msgs__rosidl_typesupport_introspection_c.so[0m
[11.242s] [ 74%] Built target ur_msgs__rosidl_typesupport_c
[11.292s] [ 75%] [32mBuilding CXX object CMakeFiles/ur_msgs__rosidl_typesupport_fastrtps_c.dir/rosidl_typesupport_fastrtps_c/ur_msgs/msg/detail/robot_mode_data_msg__type_support_c.cpp.o[0m
[11.300s] [ 76%] [32m[1mLinking CXX shared library libur_msgs__rosidl_typesupport_cpp.so[0m
[11.319s] [ 76%] Built target ur_msgs__rosidl_typesupport_introspection_c
[11.330s] [ 77%] [32mBuilding CXX object CMakeFiles/ur_msgs__rosidl_typesupport_fastrtps_c.dir/rosidl_typesupport_fastrtps_c/ur_msgs/msg/detail/tool_data_msg__type_support_c.cpp.o[0m
[11.355s] [ 78%] [32mBuilding CXX object CMakeFiles/ur_msgs__rosidl_typesupport_fastrtps_c.dir/rosidl_typesupport_fastrtps_c/ur_msgs/srv/detail/set_analog_output__type_support_c.cpp.o[0m
[11.437s] [ 78%] [32mBuilding CXX object CMakeFiles/ur_msgs__rosidl_typesupport_fastrtps_c.dir/rosidl_typesupport_fastrtps_c/ur_msgs/srv/detail/set_payload__type_support_c.cpp.o[0m
[11.484s] [ 78%] Built target ur_msgs__rosidl_typesupport_cpp
[11.512s] [ 79%] [32mBuilding CXX object CMakeFiles/ur_msgs__rosidl_typesupport_fastrtps_c.dir/rosidl_typesupport_fastrtps_c/ur_msgs/srv/detail/set_speed_slider_fraction__type_support_c.cpp.o[0m
[11.654s] [ 80%] [32mBuilding CXX object CMakeFiles/ur_msgs__rosidl_typesupport_fastrtps_c.dir/rosidl_typesupport_fastrtps_c/ur_msgs/srv/detail/set_io__type_support_c.cpp.o[0m
[11.784s] [ 81%] [32mBuilding CXX object CMakeFiles/ur_msgs__rosidl_typesupport_fastrtps_c.dir/rosidl_typesupport_fastrtps_c/ur_msgs/srv/detail/get_robot_software_version__type_support_c.cpp.o[0m
[12.723s] [ 82%] [32m[1mLinking CXX shared library libur_msgs__rosidl_typesupport_fastrtps_cpp.so[0m
[13.024s] [ 83%] [32m[1mLinking CXX shared library libur_msgs__rosidl_typesupport_fastrtps_c.so[0m
[13.158s] [ 83%] Built target ur_msgs__rosidl_typesupport_fastrtps_cpp
[13.492s] [ 83%] Built target ur_msgs__rosidl_typesupport_fastrtps_c
[13.563s] [ 83%] Built target ur_msgs
[13.619s] [ 84%] [34m[1mGenerating Python code for ROS interfaces[0m
[16.396s] [ 84%] Built target ur_msgs__py
[16.487s] [ 85%] [32mBuilding C object CMakeFiles/ur_msgs__rosidl_generator_py.dir/rosidl_generator_py/ur_msgs/msg/_digital_s.c.o[0m
[16.488s] [ 84%] [32mBuilding C object CMakeFiles/ur_msgs__rosidl_generator_py.dir/rosidl_generator_py/ur_msgs/msg/_io_states_s.c.o[0m
[16.489s] [ 88%] [32mBuilding C object CMakeFiles/ur_msgs__rosidl_generator_py.dir/rosidl_generator_py/ur_msgs/msg/_robot_state_rt_msg_s.c.o[0m
[16.490s] [ 89%] [32mBuilding C object CMakeFiles/ur_msgs__rosidl_generator_py.dir/rosidl_generator_py/ur_msgs/msg/_robot_mode_data_msg_s.c.o[0m
[16.493s] [ 87%] [32mBuilding C object CMakeFiles/ur_msgs__rosidl_generator_py.dir/rosidl_generator_py/ur_msgs/msg/_analog_s.c.o[0m
[16.495s] [ 90%] [32mBuilding C object CMakeFiles/ur_msgs__rosidl_generator_py.dir/rosidl_generator_py/ur_msgs/msg/_tool_data_msg_s.c.o[0m
[16.498s] [ 87%] [32mBuilding C object CMakeFiles/ur_msgs__rosidl_generator_py.dir/rosidl_generator_py/ur_msgs/msg/_masterboard_data_msg_s.c.o[0m
[16.500s] [ 91%] [32mBuilding C object CMakeFiles/ur_msgs__rosidl_generator_py.dir/rosidl_generator_py/ur_msgs/srv/_set_analog_output_s.c.o[0m
[16.503s] [ 92%] [32mBuilding C object CMakeFiles/ur_msgs__rosidl_generator_py.dir/rosidl_generator_py/ur_msgs/srv/_set_payload_s.c.o[0m
[16.516s] [ 92%] [32mBuilding C object CMakeFiles/ur_msgs__rosidl_generator_py.dir/rosidl_generator_py/ur_msgs/srv/_set_speed_slider_fraction_s.c.o[0m
[16.521s] [ 93%] [32mBuilding C object CMakeFiles/ur_msgs__rosidl_generator_py.dir/rosidl_generator_py/ur_msgs/srv/_set_io_s.c.o[0m
[16.563s] [ 94%] [32mBuilding C object CMakeFiles/ur_msgs__rosidl_generator_py.dir/rosidl_generator_py/ur_msgs/srv/_get_robot_software_version_s.c.o[0m
[17.088s] [ 95%] [32m[1mLinking C shared library rosidl_generator_py/ur_msgs/libur_msgs__rosidl_generator_py.so[0m
[17.236s] [ 95%] Built target ur_msgs__rosidl_generator_py
[17.295s] [ 95%] [32mBuilding C object CMakeFiles/ur_msgs__rosidl_typesupport_c__pyext.dir/rosidl_generator_py/ur_msgs/_ur_msgs_s.ep.rosidl_typesupport_c.c.o[0m
[17.309s] [ 96%] [32mBuilding C object CMakeFiles/ur_msgs__rosidl_typesupport_introspection_c__pyext.dir/rosidl_generator_py/ur_msgs/_ur_msgs_s.ep.rosidl_typesupport_introspection_c.c.o[0m
[17.334s] [ 97%] [32mBuilding C object CMakeFiles/ur_msgs__rosidl_typesupport_fastrtps_c__pyext.dir/rosidl_generator_py/ur_msgs/_ur_msgs_s.ep.rosidl_typesupport_fastrtps_c.c.o[0m
[17.604s] [ 98%] [32m[1mLinking C shared library rosidl_generator_py/ur_msgs/ur_msgs_s__rosidl_typesupport_fastrtps_c.cpython-310-x86_64-linux-gnu.so[0m
[17.618s] [ 99%] [32m[1mLinking C shared library rosidl_generator_py/ur_msgs/ur_msgs_s__rosidl_typesupport_c.cpython-310-x86_64-linux-gnu.so[0m
[17.732s] [100%] [32m[1mLinking C shared library rosidl_generator_py/ur_msgs/ur_msgs_s__rosidl_typesupport_introspection_c.cpython-310-x86_64-linux-gnu.so[0m
[17.740s] [100%] Built target ur_msgs__rosidl_typesupport_c__pyext
[17.747s] [100%] Built target ur_msgs__rosidl_typesupport_fastrtps_c__pyext
[17.855s] [100%] Built target ur_msgs__rosidl_typesupport_introspection_c__pyext
[17.904s] Invoked command in '/home/rl-public/workspace/build/ur_msgs' returned '0': CMAKE_PREFIX_PATH=${CMAKE_PREFIX_PATH}:/home/rl-public/workspace/install/rqt_joint_trajectory_controller:/home/rl-public/workspace/install/rqt_controller_manager:/home/rl-public/workspace/install/ros2controlcli:/home/rl-public/workspace/install/ros2_controllers_test_nodes:/opt/ros/humble /usr/bin/cmake --build /home/rl-public/workspace/build/ur_msgs -- -j20 -l20
[19.650s] Invoking command in '/home/rl-public/workspace/build/ur_msgs': CMAKE_PREFIX_PATH=${CMAKE_PREFIX_PATH}:/home/rl-public/workspace/install/rqt_joint_trajectory_controller:/home/rl-public/workspace/install/rqt_controller_manager:/home/rl-public/workspace/install/ros2controlcli:/home/rl-public/workspace/install/ros2_controllers_test_nodes:/opt/ros/humble /usr/bin/cmake --install /home/rl-public/workspace/build/ur_msgs
[19.662s] -- Install configuration: ""
[19.663s] -- Execute custom install script
[19.666s] -- Symlinking: /home/rl-public/workspace/install/ur_msgs/share/ament_index/resource_index/rosidl_interfaces/ur_msgs
[19.703s] -- Symlinking: /home/rl-public/workspace/install/ur_msgs/include/ur_msgs/ur_msgs/msg/analog.h
[19.733s] -- Symlinking: /home/rl-public/workspace/install/ur_msgs/include/ur_msgs/ur_msgs/msg/detail/analog__functions.h
[19.753s] -- Symlinking: /home/rl-public/workspace/install/ur_msgs/include/ur_msgs/ur_msgs/msg/detail/analog__struct.h
[19.765s] -- Symlinking: /home/rl-public/workspace/install/ur_msgs/include/ur_msgs/ur_msgs/msg/detail/analog__type_support.h
[19.778s] -- Symlinking: /home/rl-public/workspace/install/ur_msgs/include/ur_msgs/ur_msgs/msg/detail/digital__functions.h
[19.801s] -- Symlinking: /home/rl-public/workspace/install/ur_msgs/include/ur_msgs/ur_msgs/msg/detail/digital__struct.h
[19.824s] -- Symlinking: /home/rl-public/workspace/install/ur_msgs/include/ur_msgs/ur_msgs/msg/detail/digital__type_support.h
[19.852s] -- Symlinking: /home/rl-public/workspace/install/ur_msgs/include/ur_msgs/ur_msgs/msg/detail/io_states__functions.h
[19.879s] -- Symlinking: /home/rl-public/workspace/install/ur_msgs/include/ur_msgs/ur_msgs/msg/detail/io_states__struct.h
[19.908s] -- Symlinking: /home/rl-public/workspace/install/ur_msgs/include/ur_msgs/ur_msgs/msg/detail/io_states__type_support.h
[19.936s] -- Symlinking: /home/rl-public/workspace/install/ur_msgs/include/ur_msgs/ur_msgs/msg/detail/masterboard_data_msg__functions.h
[19.959s] -- Symlinking: /home/rl-public/workspace/install/ur_msgs/include/ur_msgs/ur_msgs/msg/detail/masterboard_data_msg__struct.h
[19.986s] -- Symlinking: /home/rl-public/workspace/install/ur_msgs/include/ur_msgs/ur_msgs/msg/detail/masterboard_data_msg__type_support.h
[20.014s] -- Symlinking: /home/rl-public/workspace/install/ur_msgs/include/ur_msgs/ur_msgs/msg/detail/robot_mode_data_msg__functions.h
[20.047s] -- Symlinking: /home/rl-public/workspace/install/ur_msgs/include/ur_msgs/ur_msgs/msg/detail/robot_mode_data_msg__struct.h
[20.075s] -- Symlinking: /home/rl-public/workspace/install/ur_msgs/include/ur_msgs/ur_msgs/msg/detail/robot_mode_data_msg__type_support.h
[20.105s] -- Symlinking: /home/rl-public/workspace/install/ur_msgs/include/ur_msgs/ur_msgs/msg/detail/robot_state_rt_msg__functions.h
[20.131s] -- Symlinking: /home/rl-public/workspace/install/ur_msgs/include/ur_msgs/ur_msgs/msg/detail/robot_state_rt_msg__struct.h
[20.158s] -- Symlinking: /home/rl-public/workspace/install/ur_msgs/include/ur_msgs/ur_msgs/msg/detail/robot_state_rt_msg__type_support.h
[20.185s] -- Symlinking: /home/rl-public/workspace/install/ur_msgs/include/ur_msgs/ur_msgs/msg/detail/tool_data_msg__functions.h
[20.211s] -- Symlinking: /home/rl-public/workspace/install/ur_msgs/include/ur_msgs/ur_msgs/msg/detail/tool_data_msg__struct.h
[20.240s] -- Symlinking: /home/rl-public/workspace/install/ur_msgs/include/ur_msgs/ur_msgs/msg/detail/tool_data_msg__type_support.h
[20.277s] -- Symlinking: /home/rl-public/workspace/install/ur_msgs/include/ur_msgs/ur_msgs/msg/digital.h
[20.303s] -- Symlinking: /home/rl-public/workspace/install/ur_msgs/include/ur_msgs/ur_msgs/msg/io_states.h
[20.326s] -- Symlinking: /home/rl-public/workspace/install/ur_msgs/include/ur_msgs/ur_msgs/msg/masterboard_data_msg.h
[20.350s] -- Symlinking: /home/rl-public/workspace/install/ur_msgs/include/ur_msgs/ur_msgs/msg/robot_mode_data_msg.h
[20.376s] -- Symlinking: /home/rl-public/workspace/install/ur_msgs/include/ur_msgs/ur_msgs/msg/robot_state_rt_msg.h
[20.391s] -- Symlinking: /home/rl-public/workspace/install/ur_msgs/include/ur_msgs/ur_msgs/msg/rosidl_generator_c__visibility_control.h
[20.404s] -- Symlinking: /home/rl-public/workspace/install/ur_msgs/include/ur_msgs/ur_msgs/msg/tool_data_msg.h
[20.425s] -- Symlinking: /home/rl-public/workspace/install/ur_msgs/include/ur_msgs/ur_msgs/srv/detail/get_robot_software_version__functions.h
[20.464s] -- Symlinking: /home/rl-public/workspace/install/ur_msgs/include/ur_msgs/ur_msgs/srv/detail/get_robot_software_version__struct.h
[20.495s] -- Symlinking: /home/rl-public/workspace/install/ur_msgs/include/ur_msgs/ur_msgs/srv/detail/get_robot_software_version__type_support.h
[20.515s] -- Symlinking: /home/rl-public/workspace/install/ur_msgs/include/ur_msgs/ur_msgs/srv/detail/set_analog_output__functions.h
[20.541s] -- Symlinking: /home/rl-public/workspace/install/ur_msgs/include/ur_msgs/ur_msgs/srv/detail/set_analog_output__struct.h
[20.558s] -- Symlinking: /home/rl-public/workspace/install/ur_msgs/include/ur_msgs/ur_msgs/srv/detail/set_analog_output__type_support.h
[20.589s] -- Symlinking: /home/rl-public/workspace/install/ur_msgs/include/ur_msgs/ur_msgs/srv/detail/set_io__functions.h
[20.613s] -- Symlinking: /home/rl-public/workspace/install/ur_msgs/include/ur_msgs/ur_msgs/srv/detail/set_io__struct.h
[20.636s] -- Symlinking: /home/rl-public/workspace/install/ur_msgs/include/ur_msgs/ur_msgs/srv/detail/set_io__type_support.h
[20.674s] -- Symlinking: /home/rl-public/workspace/install/ur_msgs/include/ur_msgs/ur_msgs/srv/detail/set_payload__functions.h
[20.711s] -- Symlinking: /home/rl-public/workspace/install/ur_msgs/include/ur_msgs/ur_msgs/srv/detail/set_payload__struct.h
[20.744s] -- Symlinking: /home/rl-public/workspace/install/ur_msgs/include/ur_msgs/ur_msgs/srv/detail/set_payload__type_support.h
[20.761s] -- Symlinking: /home/rl-public/workspace/install/ur_msgs/include/ur_msgs/ur_msgs/srv/detail/set_speed_slider_fraction__functions.h
[20.774s] -- Symlinking: /home/rl-public/workspace/install/ur_msgs/include/ur_msgs/ur_msgs/srv/detail/set_speed_slider_fraction__struct.h
[20.787s] -- Symlinking: /home/rl-public/workspace/install/ur_msgs/include/ur_msgs/ur_msgs/srv/detail/set_speed_slider_fraction__type_support.h
[20.800s] -- Symlinking: /home/rl-public/workspace/install/ur_msgs/include/ur_msgs/ur_msgs/srv/get_robot_software_version.h
[20.820s] -- Symlinking: /home/rl-public/workspace/install/ur_msgs/include/ur_msgs/ur_msgs/srv/set_analog_output.h
[20.838s] -- Symlinking: /home/rl-public/workspace/install/ur_msgs/include/ur_msgs/ur_msgs/srv/set_io.h
[20.854s] -- Symlinking: /home/rl-public/workspace/install/ur_msgs/include/ur_msgs/ur_msgs/srv/set_payload.h
[20.871s] -- Symlinking: /home/rl-public/workspace/install/ur_msgs/include/ur_msgs/ur_msgs/srv/set_speed_slider_fraction.h
[20.883s] -- Symlinking: /home/rl-public/workspace/install/ur_msgs/share/ur_msgs/environment/library_path.sh
[20.897s] -- Symlinking: /home/rl-public/workspace/install/ur_msgs/share/ur_msgs/environment/library_path.dsv
[20.910s] -- Symlinking: /home/rl-public/workspace/install/ur_msgs/include/ur_msgs/ur_msgs/msg/detail/analog__rosidl_typesupport_fastrtps_c.h
[20.921s] -- Symlinking: /home/rl-public/workspace/install/ur_msgs/include/ur_msgs/ur_msgs/msg/detail/digital__rosidl_typesupport_fastrtps_c.h
[20.930s] -- Symlinking: /home/rl-public/workspace/install/ur_msgs/include/ur_msgs/ur_msgs/msg/detail/io_states__rosidl_typesupport_fastrtps_c.h
[20.941s] -- Symlinking: /home/rl-public/workspace/install/ur_msgs/include/ur_msgs/ur_msgs/msg/detail/masterboard_data_msg__rosidl_typesupport_fastrtps_c.h
[20.951s] -- Symlinking: /home/rl-public/workspace/install/ur_msgs/include/ur_msgs/ur_msgs/msg/detail/robot_mode_data_msg__rosidl_typesupport_fastrtps_c.h
[20.963s] -- Symlinking: /home/rl-public/workspace/install/ur_msgs/include/ur_msgs/ur_msgs/msg/detail/robot_state_rt_msg__rosidl_typesupport_fastrtps_c.h
[20.974s] -- Symlinking: /home/rl-public/workspace/install/ur_msgs/include/ur_msgs/ur_msgs/msg/detail/tool_data_msg__rosidl_typesupport_fastrtps_c.h
[20.984s] -- Symlinking: /home/rl-public/workspace/install/ur_msgs/include/ur_msgs/ur_msgs/msg/rosidl_typesupport_fastrtps_c__visibility_control.h
[20.993s] -- Symlinking: /home/rl-public/workspace/install/ur_msgs/include/ur_msgs/ur_msgs/srv/detail/get_robot_software_version__rosidl_typesupport_fastrtps_c.h
[21.003s] -- Symlinking: /home/rl-public/workspace/install/ur_msgs/include/ur_msgs/ur_msgs/srv/detail/set_analog_output__rosidl_typesupport_fastrtps_c.h
[21.015s] -- Symlinking: /home/rl-public/workspace/install/ur_msgs/include/ur_msgs/ur_msgs/srv/detail/set_io__rosidl_typesupport_fastrtps_c.h
[21.025s] -- Symlinking: /home/rl-public/workspace/install/ur_msgs/include/ur_msgs/ur_msgs/srv/detail/set_payload__rosidl_typesupport_fastrtps_c.h
[21.036s] -- Symlinking: /home/rl-public/workspace/install/ur_msgs/include/ur_msgs/ur_msgs/srv/detail/set_speed_slider_fraction__rosidl_typesupport_fastrtps_c.h
[21.048s] -- Symlinking: /home/rl-public/workspace/install/ur_msgs/include/ur_msgs/ur_msgs/msg/analog.hpp
[21.057s] -- Symlinking: /home/rl-public/workspace/install/ur_msgs/include/ur_msgs/ur_msgs/msg/detail/analog__builder.hpp
[21.067s] -- Symlinking: /home/rl-public/workspace/install/ur_msgs/include/ur_msgs/ur_msgs/msg/detail/analog__struct.hpp
[21.078s] -- Symlinking: /home/rl-public/workspace/install/ur_msgs/include/ur_msgs/ur_msgs/msg/detail/analog__traits.hpp
[21.089s] -- Symlinking: /home/rl-public/workspace/install/ur_msgs/include/ur_msgs/ur_msgs/msg/detail/digital__builder.hpp
[21.100s] -- Symlinking: /home/rl-public/workspace/install/ur_msgs/include/ur_msgs/ur_msgs/msg/detail/digital__struct.hpp
[21.114s] -- Symlinking: /home/rl-public/workspace/install/ur_msgs/include/ur_msgs/ur_msgs/msg/detail/digital__traits.hpp
[21.126s] -- Symlinking: /home/rl-public/workspace/install/ur_msgs/include/ur_msgs/ur_msgs/msg/detail/io_states__builder.hpp
[21.139s] -- Symlinking: /home/rl-public/workspace/install/ur_msgs/include/ur_msgs/ur_msgs/msg/detail/io_states__struct.hpp
[21.153s] -- Symlinking: /home/rl-public/workspace/install/ur_msgs/include/ur_msgs/ur_msgs/msg/detail/io_states__traits.hpp
[21.167s] -- Symlinking: /home/rl-public/workspace/install/ur_msgs/include/ur_msgs/ur_msgs/msg/detail/masterboard_data_msg__builder.hpp
[21.189s] -- Symlinking: /home/rl-public/workspace/install/ur_msgs/include/ur_msgs/ur_msgs/msg/detail/masterboard_data_msg__struct.hpp
[21.193s] -- Symlinking: /home/rl-public/workspace/install/ur_msgs/include/ur_msgs/ur_msgs/msg/detail/masterboard_data_msg__traits.hpp
[21.215s] -- Symlinking: /home/rl-public/workspace/install/ur_msgs/include/ur_msgs/ur_msgs/msg/detail/robot_mode_data_msg__builder.hpp
[21.229s] -- Symlinking: /home/rl-public/workspace/install/ur_msgs/include/ur_msgs/ur_msgs/msg/detail/robot_mode_data_msg__struct.hpp
[21.243s] -- Symlinking: /home/rl-public/workspace/install/ur_msgs/include/ur_msgs/ur_msgs/msg/detail/robot_mode_data_msg__traits.hpp
[21.265s] -- Symlinking: /home/rl-public/workspace/install/ur_msgs/include/ur_msgs/ur_msgs/msg/detail/robot_state_rt_msg__builder.hpp
[21.293s] -- Symlinking: /home/rl-public/workspace/install/ur_msgs/include/ur_msgs/ur_msgs/msg/detail/robot_state_rt_msg__struct.hpp
[21.323s] -- Symlinking: /home/rl-public/workspace/install/ur_msgs/include/ur_msgs/ur_msgs/msg/detail/robot_state_rt_msg__traits.hpp
[21.336s] -- Symlinking: /home/rl-public/workspace/install/ur_msgs/include/ur_msgs/ur_msgs/msg/detail/tool_data_msg__builder.hpp
[21.351s] -- Symlinking: /home/rl-public/workspace/install/ur_msgs/include/ur_msgs/ur_msgs/msg/detail/tool_data_msg__struct.hpp
[21.366s] -- Symlinking: /home/rl-public/workspace/install/ur_msgs/include/ur_msgs/ur_msgs/msg/detail/tool_data_msg__traits.hpp
[21.387s] -- Symlinking: /home/rl-public/workspace/install/ur_msgs/include/ur_msgs/ur_msgs/msg/digital.hpp
[21.418s] -- Symlinking: /home/rl-public/workspace/install/ur_msgs/include/ur_msgs/ur_msgs/msg/io_states.hpp
[21.449s] -- Symlinking: /home/rl-public/workspace/install/ur_msgs/include/ur_msgs/ur_msgs/msg/masterboard_data_msg.hpp
[21.474s] -- Symlinking: /home/rl-public/workspace/install/ur_msgs/include/ur_msgs/ur_msgs/msg/robot_mode_data_msg.hpp
[21.488s] -- Symlinking: /home/rl-public/workspace/install/ur_msgs/include/ur_msgs/ur_msgs/msg/robot_state_rt_msg.hpp
[21.513s] -- Symlinking: /home/rl-public/workspace/install/ur_msgs/include/ur_msgs/ur_msgs/msg/tool_data_msg.hpp
[21.548s] -- Symlinking: /home/rl-public/workspace/install/ur_msgs/include/ur_msgs/ur_msgs/srv/detail/get_robot_software_version__builder.hpp
[21.562s] -- Symlinking: /home/rl-public/workspace/install/ur_msgs/include/ur_msgs/ur_msgs/srv/detail/get_robot_software_version__struct.hpp
[21.574s] -- Symlinking: /home/rl-public/workspace/install/ur_msgs/include/ur_msgs/ur_msgs/srv/detail/get_robot_software_version__traits.hpp
[21.590s] -- Symlinking: /home/rl-public/workspace/install/ur_msgs/include/ur_msgs/ur_msgs/srv/detail/set_analog_output__builder.hpp
[21.607s] -- Symlinking: /home/rl-public/workspace/install/ur_msgs/include/ur_msgs/ur_msgs/srv/detail/set_analog_output__struct.hpp
[21.637s] -- Symlinking: /home/rl-public/workspace/install/ur_msgs/include/ur_msgs/ur_msgs/srv/detail/set_analog_output__traits.hpp
[21.652s] -- Symlinking: /home/rl-public/workspace/install/ur_msgs/include/ur_msgs/ur_msgs/srv/detail/set_io__builder.hpp
[21.663s] -- Symlinking: /home/rl-public/workspace/install/ur_msgs/include/ur_msgs/ur_msgs/srv/detail/set_io__struct.hpp
[21.674s] -- Symlinking: /home/rl-public/workspace/install/ur_msgs/include/ur_msgs/ur_msgs/srv/detail/set_io__traits.hpp
[21.685s] -- Symlinking: /home/rl-public/workspace/install/ur_msgs/include/ur_msgs/ur_msgs/srv/detail/set_payload__builder.hpp
[21.696s] -- Symlinking: /home/rl-public/workspace/install/ur_msgs/include/ur_msgs/ur_msgs/srv/detail/set_payload__struct.hpp
[21.706s] -- Symlinking: /home/rl-public/workspace/install/ur_msgs/include/ur_msgs/ur_msgs/srv/detail/set_payload__traits.hpp
[21.716s] -- Symlinking: /home/rl-public/workspace/install/ur_msgs/include/ur_msgs/ur_msgs/srv/detail/set_speed_slider_fraction__builder.hpp
[21.725s] -- Symlinking: /home/rl-public/workspace/install/ur_msgs/include/ur_msgs/ur_msgs/srv/detail/set_speed_slider_fraction__struct.hpp
[21.735s] -- Symlinking: /home/rl-public/workspace/install/ur_msgs/include/ur_msgs/ur_msgs/srv/detail/set_speed_slider_fraction__traits.hpp
[21.746s] -- Symlinking: /home/rl-public/workspace/install/ur_msgs/include/ur_msgs/ur_msgs/srv/get_robot_software_version.hpp
[21.755s] -- Symlinking: /home/rl-public/workspace/install/ur_msgs/include/ur_msgs/ur_msgs/srv/set_analog_output.hpp
[21.764s] -- Symlinking: /home/rl-public/workspace/install/ur_msgs/include/ur_msgs/ur_msgs/srv/set_io.hpp
[21.773s] -- Symlinking: /home/rl-public/workspace/install/ur_msgs/include/ur_msgs/ur_msgs/srv/set_payload.hpp
[21.780s] -- Symlinking: /home/rl-public/workspace/install/ur_msgs/include/ur_msgs/ur_msgs/srv/set_speed_slider_fraction.hpp
[21.790s] -- Symlinking: /home/rl-public/workspace/install/ur_msgs/include/ur_msgs/ur_msgs/msg/detail/analog__rosidl_typesupport_fastrtps_cpp.hpp
[21.798s] -- Symlinking: /home/rl-public/workspace/install/ur_msgs/include/ur_msgs/ur_msgs/msg/detail/digital__rosidl_typesupport_fastrtps_cpp.hpp
[21.807s] -- Symlinking: /home/rl-public/workspace/install/ur_msgs/include/ur_msgs/ur_msgs/msg/detail/io_states__rosidl_typesupport_fastrtps_cpp.hpp
[21.815s] -- Symlinking: /home/rl-public/workspace/install/ur_msgs/include/ur_msgs/ur_msgs/msg/detail/masterboard_data_msg__rosidl_typesupport_fastrtps_cpp.hpp
[21.824s] -- Symlinking: /home/rl-public/workspace/install/ur_msgs/include/ur_msgs/ur_msgs/msg/detail/robot_mode_data_msg__rosidl_typesupport_fastrtps_cpp.hpp
[21.833s] -- Symlinking: /home/rl-public/workspace/install/ur_msgs/include/ur_msgs/ur_msgs/msg/detail/robot_state_rt_msg__rosidl_typesupport_fastrtps_cpp.hpp
[21.841s] -- Symlinking: /home/rl-public/workspace/install/ur_msgs/include/ur_msgs/ur_msgs/msg/detail/tool_data_msg__rosidl_typesupport_fastrtps_cpp.hpp
[21.851s] -- Symlinking: /home/rl-public/workspace/install/ur_msgs/include/ur_msgs/ur_msgs/msg/rosidl_typesupport_fastrtps_cpp__visibility_control.h
[21.859s] -- Symlinking: /home/rl-public/workspace/install/ur_msgs/include/ur_msgs/ur_msgs/srv/detail/get_robot_software_version__rosidl_typesupport_fastrtps_cpp.hpp
[21.868s] -- Symlinking: /home/rl-public/workspace/install/ur_msgs/include/ur_msgs/ur_msgs/srv/detail/set_analog_output__rosidl_typesupport_fastrtps_cpp.hpp
[21.877s] -- Symlinking: /home/rl-public/workspace/install/ur_msgs/include/ur_msgs/ur_msgs/srv/detail/set_io__rosidl_typesupport_fastrtps_cpp.hpp
[21.886s] -- Symlinking: /home/rl-public/workspace/install/ur_msgs/include/ur_msgs/ur_msgs/srv/detail/set_payload__rosidl_typesupport_fastrtps_cpp.hpp
[21.894s] -- Symlinking: /home/rl-public/workspace/install/ur_msgs/include/ur_msgs/ur_msgs/srv/detail/set_speed_slider_fraction__rosidl_typesupport_fastrtps_cpp.hpp
[21.903s] -- Symlinking: /home/rl-public/workspace/install/ur_msgs/include/ur_msgs/ur_msgs/msg/detail/analog__rosidl_typesupport_introspection_c.h
[21.911s] -- Symlinking: /home/rl-public/workspace/install/ur_msgs/include/ur_msgs/ur_msgs/msg/detail/digital__rosidl_typesupport_introspection_c.h
[21.919s] -- Symlinking: /home/rl-public/workspace/install/ur_msgs/include/ur_msgs/ur_msgs/msg/detail/io_states__rosidl_typesupport_introspection_c.h
[21.927s] -- Symlinking: /home/rl-public/workspace/install/ur_msgs/include/ur_msgs/ur_msgs/msg/detail/masterboard_data_msg__rosidl_typesupport_introspection_c.h
[21.934s] -- Symlinking: /home/rl-public/workspace/install/ur_msgs/include/ur_msgs/ur_msgs/msg/detail/robot_mode_data_msg__rosidl_typesupport_introspection_c.h
[21.943s] -- Symlinking: /home/rl-public/workspace/install/ur_msgs/include/ur_msgs/ur_msgs/msg/detail/robot_state_rt_msg__rosidl_typesupport_introspection_c.h
[21.949s] -- Symlinking: /home/rl-public/workspace/install/ur_msgs/include/ur_msgs/ur_msgs/msg/detail/tool_data_msg__rosidl_typesupport_introspection_c.h
[21.957s] -- Symlinking: /home/rl-public/workspace/install/ur_msgs/include/ur_msgs/ur_msgs/msg/rosidl_typesupport_introspection_c__visibility_control.h
[21.964s] -- Symlinking: /home/rl-public/workspace/install/ur_msgs/include/ur_msgs/ur_msgs/srv/detail/get_robot_software_version__rosidl_typesupport_introspection_c.h
[21.972s] -- Symlinking: /home/rl-public/workspace/install/ur_msgs/include/ur_msgs/ur_msgs/srv/detail/set_analog_output__rosidl_typesupport_introspection_c.h
[21.979s] -- Symlinking: /home/rl-public/workspace/install/ur_msgs/include/ur_msgs/ur_msgs/srv/detail/set_io__rosidl_typesupport_introspection_c.h
[21.987s] -- Symlinking: /home/rl-public/workspace/install/ur_msgs/include/ur_msgs/ur_msgs/srv/detail/set_payload__rosidl_typesupport_introspection_c.h
[21.996s] -- Symlinking: /home/rl-public/workspace/install/ur_msgs/include/ur_msgs/ur_msgs/srv/detail/set_speed_slider_fraction__rosidl_typesupport_introspection_c.h
[22.005s] -- Symlinking: /home/rl-public/workspace/install/ur_msgs/include/ur_msgs/ur_msgs/msg/detail/analog__rosidl_typesupport_introspection_cpp.hpp
[22.013s] -- Symlinking: /home/rl-public/workspace/install/ur_msgs/include/ur_msgs/ur_msgs/msg/detail/digital__rosidl_typesupport_introspection_cpp.hpp
[22.022s] -- Symlinking: /home/rl-public/workspace/install/ur_msgs/include/ur_msgs/ur_msgs/msg/detail/io_states__rosidl_typesupport_introspection_cpp.hpp
[22.030s] -- Symlinking: /home/rl-public/workspace/install/ur_msgs/include/ur_msgs/ur_msgs/msg/detail/masterboard_data_msg__rosidl_typesupport_introspection_cpp.hpp
[22.037s] -- Symlinking: /home/rl-public/workspace/install/ur_msgs/include/ur_msgs/ur_msgs/msg/detail/robot_mode_data_msg__rosidl_typesupport_introspection_cpp.hpp
[22.044s] -- Symlinking: /home/rl-public/workspace/install/ur_msgs/include/ur_msgs/ur_msgs/msg/detail/robot_state_rt_msg__rosidl_typesupport_introspection_cpp.hpp
[22.052s] -- Symlinking: /home/rl-public/workspace/install/ur_msgs/include/ur_msgs/ur_msgs/msg/detail/tool_data_msg__rosidl_typesupport_introspection_cpp.hpp
[22.059s] -- Symlinking: /home/rl-public/workspace/install/ur_msgs/include/ur_msgs/ur_msgs/srv/detail/get_robot_software_version__rosidl_typesupport_introspection_cpp.hpp
[22.066s] -- Symlinking: /home/rl-public/workspace/install/ur_msgs/include/ur_msgs/ur_msgs/srv/detail/set_analog_output__rosidl_typesupport_introspection_cpp.hpp
[22.074s] -- Symlinking: /home/rl-public/workspace/install/ur_msgs/include/ur_msgs/ur_msgs/srv/detail/set_io__rosidl_typesupport_introspection_cpp.hpp
[22.081s] -- Symlinking: /home/rl-public/workspace/install/ur_msgs/include/ur_msgs/ur_msgs/srv/detail/set_payload__rosidl_typesupport_introspection_cpp.hpp
[22.089s] -- Symlinking: /home/rl-public/workspace/install/ur_msgs/include/ur_msgs/ur_msgs/srv/detail/set_speed_slider_fraction__rosidl_typesupport_introspection_cpp.hpp
[22.096s] -- Symlinking: /home/rl-public/workspace/install/ur_msgs/share/ur_msgs/environment/pythonpath.sh
[22.104s] -- Symlinking: /home/rl-public/workspace/install/ur_msgs/share/ur_msgs/environment/pythonpath.dsv
[22.112s] -- Symlinking: /home/rl-public/workspace/install/ur_msgs/local/lib/python3.10/dist-packages/ur_msgs-2.0.1-py3.10.egg-info/PKG-INFO
[22.120s] -- Symlinking: /home/rl-public/workspace/install/ur_msgs/local/lib/python3.10/dist-packages/ur_msgs-2.0.1-py3.10.egg-info/SOURCES.txt
[22.128s] -- Symlinking: /home/rl-public/workspace/install/ur_msgs/local/lib/python3.10/dist-packages/ur_msgs-2.0.1-py3.10.egg-info/dependency_links.txt
[22.135s] -- Symlinking: /home/rl-public/workspace/install/ur_msgs/local/lib/python3.10/dist-packages/ur_msgs-2.0.1-py3.10.egg-info/top_level.txt
[22.144s] -- Symlinking: /home/rl-public/workspace/install/ur_msgs/local/lib/python3.10/dist-packages/ur_msgs/__init__.py
[22.151s] -- Symlinking: /home/rl-public/workspace/install/ur_msgs/local/lib/python3.10/dist-packages/ur_msgs/_ur_msgs_s.ep.rosidl_typesupport_c.c
[22.159s] -- Symlinking: /home/rl-public/workspace/install/ur_msgs/local/lib/python3.10/dist-packages/ur_msgs/_ur_msgs_s.ep.rosidl_typesupport_fastrtps_c.c
[22.167s] -- Symlinking: /home/rl-public/workspace/install/ur_msgs/local/lib/python3.10/dist-packages/ur_msgs/_ur_msgs_s.ep.rosidl_typesupport_introspection_c.c
[22.174s] -- Symlinking: /home/rl-public/workspace/install/ur_msgs/local/lib/python3.10/dist-packages/ur_msgs/libur_msgs__rosidl_generator_py.so
[22.182s] -- Symlinking: /home/rl-public/workspace/install/ur_msgs/local/lib/python3.10/dist-packages/ur_msgs/msg/__init__.py
[22.189s] -- Symlinking: /home/rl-public/workspace/install/ur_msgs/local/lib/python3.10/dist-packages/ur_msgs/msg/_analog.py
[22.197s] -- Symlinking: /home/rl-public/workspace/install/ur_msgs/local/lib/python3.10/dist-packages/ur_msgs/msg/_analog_s.c
[22.204s] -- Symlinking: /home/rl-public/workspace/install/ur_msgs/local/lib/python3.10/dist-packages/ur_msgs/msg/_digital.py
[22.212s] -- Symlinking: /home/rl-public/workspace/install/ur_msgs/local/lib/python3.10/dist-packages/ur_msgs/msg/_digital_s.c
[22.219s] -- Symlinking: /home/rl-public/workspace/install/ur_msgs/local/lib/python3.10/dist-packages/ur_msgs/msg/_io_states.py
[22.227s] -- Symlinking: /home/rl-public/workspace/install/ur_msgs/local/lib/python3.10/dist-packages/ur_msgs/msg/_io_states_s.c
[22.234s] -- Symlinking: /home/rl-public/workspace/install/ur_msgs/local/lib/python3.10/dist-packages/ur_msgs/msg/_masterboard_data_msg.py
[22.241s] -- Symlinking: /home/rl-public/workspace/install/ur_msgs/local/lib/python3.10/dist-packages/ur_msgs/msg/_masterboard_data_msg_s.c
[22.249s] -- Symlinking: /home/rl-public/workspace/install/ur_msgs/local/lib/python3.10/dist-packages/ur_msgs/msg/_robot_mode_data_msg.py
[22.257s] -- Symlinking: /home/rl-public/workspace/install/ur_msgs/local/lib/python3.10/dist-packages/ur_msgs/msg/_robot_mode_data_msg_s.c
[22.264s] -- Symlinking: /home/rl-public/workspace/install/ur_msgs/local/lib/python3.10/dist-packages/ur_msgs/msg/_robot_state_rt_msg.py
[22.272s] -- Symlinking: /home/rl-public/workspace/install/ur_msgs/local/lib/python3.10/dist-packages/ur_msgs/msg/_robot_state_rt_msg_s.c
[22.280s] -- Symlinking: /home/rl-public/workspace/install/ur_msgs/local/lib/python3.10/dist-packages/ur_msgs/msg/_tool_data_msg.py
[22.286s] -- Symlinking: /home/rl-public/workspace/install/ur_msgs/local/lib/python3.10/dist-packages/ur_msgs/msg/_tool_data_msg_s.c
[22.293s] -- Symlinking: /home/rl-public/workspace/install/ur_msgs/local/lib/python3.10/dist-packages/ur_msgs/srv/__init__.py
[22.300s] -- Symlinking: /home/rl-public/workspace/install/ur_msgs/local/lib/python3.10/dist-packages/ur_msgs/srv/_get_robot_software_version.py
[22.308s] -- Symlinking: /home/rl-public/workspace/install/ur_msgs/local/lib/python3.10/dist-packages/ur_msgs/srv/_get_robot_software_version_s.c
[22.315s] -- Symlinking: /home/rl-public/workspace/install/ur_msgs/local/lib/python3.10/dist-packages/ur_msgs/srv/_set_analog_output.py
[22.323s] -- Symlinking: /home/rl-public/workspace/install/ur_msgs/local/lib/python3.10/dist-packages/ur_msgs/srv/_set_analog_output_s.c
[22.330s] -- Symlinking: /home/rl-public/workspace/install/ur_msgs/local/lib/python3.10/dist-packages/ur_msgs/srv/_set_io.py
[22.337s] -- Symlinking: /home/rl-public/workspace/install/ur_msgs/local/lib/python3.10/dist-packages/ur_msgs/srv/_set_io_s.c
[22.345s] -- Symlinking: /home/rl-public/workspace/install/ur_msgs/local/lib/python3.10/dist-packages/ur_msgs/srv/_set_payload.py
[22.353s] -- Symlinking: /home/rl-public/workspace/install/ur_msgs/local/lib/python3.10/dist-packages/ur_msgs/srv/_set_payload_s.c
[22.360s] -- Symlinking: /home/rl-public/workspace/install/ur_msgs/local/lib/python3.10/dist-packages/ur_msgs/srv/_set_speed_slider_fraction.py
[22.368s] -- Symlinking: /home/rl-public/workspace/install/ur_msgs/local/lib/python3.10/dist-packages/ur_msgs/srv/_set_speed_slider_fraction_s.c
[22.375s] -- Symlinking: /home/rl-public/workspace/install/ur_msgs/local/lib/python3.10/dist-packages/ur_msgs/ur_msgs_s__rosidl_typesupport_c.cpython-310-x86_64-linux-gnu.so
[22.382s] -- Symlinking: /home/rl-public/workspace/install/ur_msgs/local/lib/python3.10/dist-packages/ur_msgs/ur_msgs_s__rosidl_typesupport_fastrtps_c.cpython-310-x86_64-linux-gnu.so
[22.390s] -- Symlinking: /home/rl-public/workspace/install/ur_msgs/local/lib/python3.10/dist-packages/ur_msgs/ur_msgs_s__rosidl_typesupport_introspection_c.cpython-310-x86_64-linux-gnu.so
[22.397s] -- Up-to-date symlink: /home/rl-public/workspace/install/ur_msgs/local/lib/python3.10/dist-packages/ur_msgs/ur_msgs_s__rosidl_typesupport_fastrtps_c.cpython-310-x86_64-linux-gnu.so
[22.397s] -- Up-to-date symlink: /home/rl-public/workspace/install/ur_msgs/local/lib/python3.10/dist-packages/ur_msgs/ur_msgs_s__rosidl_typesupport_introspection_c.cpython-310-x86_64-linux-gnu.so
[22.397s] -- Up-to-date symlink: /home/rl-public/workspace/install/ur_msgs/local/lib/python3.10/dist-packages/ur_msgs/ur_msgs_s__rosidl_typesupport_c.cpython-310-x86_64-linux-gnu.so
[22.398s] -- Symlinking: /home/rl-public/workspace/install/ur_msgs/share/ur_msgs/msg/Analog.idl
[22.405s] -- Symlinking: /home/rl-public/workspace/install/ur_msgs/share/ur_msgs/msg/Digital.idl
[22.412s] -- Symlinking: /home/rl-public/workspace/install/ur_msgs/share/ur_msgs/msg/IOStates.idl
[22.419s] -- Symlinking: /home/rl-public/workspace/install/ur_msgs/share/ur_msgs/msg/RobotStateRTMsg.idl
[22.427s] -- Symlinking: /home/rl-public/workspace/install/ur_msgs/share/ur_msgs/msg/MasterboardDataMsg.idl
[22.434s] -- Symlinking: /home/rl-public/workspace/install/ur_msgs/share/ur_msgs/msg/RobotModeDataMsg.idl
[22.442s] -- Symlinking: /home/rl-public/workspace/install/ur_msgs/share/ur_msgs/msg/ToolDataMsg.idl
[22.449s] -- Symlinking: /home/rl-public/workspace/install/ur_msgs/share/ur_msgs/srv/SetAnalogOutput.idl
[22.457s] -- Symlinking: /home/rl-public/workspace/install/ur_msgs/share/ur_msgs/srv/SetPayload.idl
[22.464s] -- Symlinking: /home/rl-public/workspace/install/ur_msgs/share/ur_msgs/srv/SetSpeedSliderFraction.idl
[22.472s] -- Symlinking: /home/rl-public/workspace/install/ur_msgs/share/ur_msgs/srv/SetIO.idl
[22.479s] -- Symlinking: /home/rl-public/workspace/install/ur_msgs/share/ur_msgs/srv/GetRobotSoftwareVersion.idl
[22.486s] -- Symlinking: /home/rl-public/workspace/install/ur_msgs/share/ur_msgs/msg/Analog.msg
[22.494s] -- Symlinking: /home/rl-public/workspace/install/ur_msgs/share/ur_msgs/msg/Digital.msg
[22.502s] -- Symlinking: /home/rl-public/workspace/install/ur_msgs/share/ur_msgs/msg/IOStates.msg
[22.509s] -- Symlinking: /home/rl-public/workspace/install/ur_msgs/share/ur_msgs/msg/RobotStateRTMsg.msg
[22.516s] -- Symlinking: /home/rl-public/workspace/install/ur_msgs/share/ur_msgs/msg/MasterboardDataMsg.msg
[22.524s] -- Symlinking: /home/rl-public/workspace/install/ur_msgs/share/ur_msgs/msg/RobotModeDataMsg.msg
[22.532s] -- Symlinking: /home/rl-public/workspace/install/ur_msgs/share/ur_msgs/msg/ToolDataMsg.msg
[22.539s] -- Symlinking: /home/rl-public/workspace/install/ur_msgs/share/ur_msgs/srv/SetAnalogOutput.srv
[22.546s] -- Symlinking: /home/rl-public/workspace/install/ur_msgs/share/ur_msgs/srv/SetAnalogOutput_Request.msg
[22.554s] -- Symlinking: /home/rl-public/workspace/install/ur_msgs/share/ur_msgs/srv/SetAnalogOutput_Response.msg
[22.561s] -- Symlinking: /home/rl-public/workspace/install/ur_msgs/share/ur_msgs/srv/SetPayload.srv
[22.568s] -- Symlinking: /home/rl-public/workspace/install/ur_msgs/share/ur_msgs/srv/SetPayload_Request.msg
[22.575s] -- Symlinking: /home/rl-public/workspace/install/ur_msgs/share/ur_msgs/srv/SetPayload_Response.msg
[22.583s] -- Symlinking: /home/rl-public/workspace/install/ur_msgs/share/ur_msgs/srv/SetSpeedSliderFraction.srv
[22.590s] -- Symlinking: /home/rl-public/workspace/install/ur_msgs/share/ur_msgs/srv/SetSpeedSliderFraction_Request.msg
[22.597s] -- Symlinking: /home/rl-public/workspace/install/ur_msgs/share/ur_msgs/srv/SetSpeedSliderFraction_Response.msg
[22.605s] -- Symlinking: /home/rl-public/workspace/install/ur_msgs/share/ur_msgs/srv/SetIO.srv
[22.612s] -- Symlinking: /home/rl-public/workspace/install/ur_msgs/share/ur_msgs/srv/SetIO_Request.msg
[22.620s] -- Symlinking: /home/rl-public/workspace/install/ur_msgs/share/ur_msgs/srv/SetIO_Response.msg
[22.627s] -- Symlinking: /home/rl-public/workspace/install/ur_msgs/share/ur_msgs/srv/GetRobotSoftwareVersion.srv
[22.634s] -- Symlinking: /home/rl-public/workspace/install/ur_msgs/share/ur_msgs/srv/GetRobotSoftwareVersion_Request.msg
[22.643s] -- Symlinking: /home/rl-public/workspace/install/ur_msgs/share/ur_msgs/srv/GetRobotSoftwareVersion_Response.msg
[22.651s] -- Symlinking: /home/rl-public/workspace/install/ur_msgs/share/ament_index/resource_index/package_run_dependencies/ur_msgs
[22.660s] -- Symlinking: /home/rl-public/workspace/install/ur_msgs/share/ament_index/resource_index/parent_prefix_path/ur_msgs
[22.668s] -- Symlinking: /home/rl-public/workspace/install/ur_msgs/share/ur_msgs/environment/ament_prefix_path.sh
[22.676s] -- Symlinking: /home/rl-public/workspace/install/ur_msgs/share/ur_msgs/environment/ament_prefix_path.dsv
[22.683s] -- Symlinking: /home/rl-public/workspace/install/ur_msgs/share/ur_msgs/environment/path.sh
[22.691s] -- Symlinking: /home/rl-public/workspace/install/ur_msgs/share/ur_msgs/environment/path.dsv
[22.698s] -- Symlinking: /home/rl-public/workspace/install/ur_msgs/share/ur_msgs/local_setup.bash
[22.705s] -- Symlinking: /home/rl-public/workspace/install/ur_msgs/share/ur_msgs/local_setup.sh
[22.713s] -- Symlinking: /home/rl-public/workspace/install/ur_msgs/share/ur_msgs/local_setup.zsh
[22.722s] -- Symlinking: /home/rl-public/workspace/install/ur_msgs/share/ur_msgs/local_setup.dsv
[22.729s] -- Symlinking: /home/rl-public/workspace/install/ur_msgs/share/ur_msgs/package.dsv
[22.737s] -- Symlinking: /home/rl-public/workspace/install/ur_msgs/share/ament_index/resource_index/packages/ur_msgs
[22.745s] -- Symlinking: /home/rl-public/workspace/install/ur_msgs/share/ur_msgs/cmake/rosidl_cmake-extras.cmake
[22.752s] -- Symlinking: /home/rl-public/workspace/install/ur_msgs/share/ur_msgs/cmake/ament_cmake_export_dependencies-extras.cmake
[22.761s] -- Symlinking: /home/rl-public/workspace/install/ur_msgs/share/ur_msgs/cmake/ament_cmake_export_include_directories-extras.cmake
[22.769s] -- Symlinking: /home/rl-public/workspace/install/ur_msgs/share/ur_msgs/cmake/ament_cmake_export_libraries-extras.cmake
[22.777s] -- Symlinking: /home/rl-public/workspace/install/ur_msgs/share/ur_msgs/cmake/ament_cmake_export_targets-extras.cmake
[22.785s] -- Symlinking: /home/rl-public/workspace/install/ur_msgs/share/ur_msgs/cmake/rosidl_cmake_export_typesupport_targets-extras.cmake
[22.793s] -- Symlinking: /home/rl-public/workspace/install/ur_msgs/share/ur_msgs/cmake/rosidl_cmake_export_typesupport_libraries-extras.cmake
[22.800s] -- Symlinking: /home/rl-public/workspace/install/ur_msgs/share/ur_msgs/cmake/ur_msgsConfig.cmake
[22.808s] -- Symlinking: /home/rl-public/workspace/install/ur_msgs/share/ur_msgs/cmake/ur_msgsConfig-version.cmake
[22.815s] -- Symlinking: /home/rl-public/workspace/install/ur_msgs/share/ur_msgs/package.xml
[22.823s] -- Installing: /home/rl-public/workspace/install/ur_msgs/lib/libur_msgs__rosidl_generator_c.so
[22.823s] -- Set runtime path of "/home/rl-public/workspace/install/ur_msgs/lib/libur_msgs__rosidl_generator_c.so" to ""
[22.824s] -- Installing: /home/rl-public/workspace/install/ur_msgs/lib/libur_msgs__rosidl_typesupport_fastrtps_c.so
[22.824s] -- Set runtime path of "/home/rl-public/workspace/install/ur_msgs/lib/libur_msgs__rosidl_typesupport_fastrtps_c.so" to ""
[22.824s] -- Installing: /home/rl-public/workspace/install/ur_msgs/lib/libur_msgs__rosidl_typesupport_fastrtps_cpp.so
[22.824s] -- Set runtime path of "/home/rl-public/workspace/install/ur_msgs/lib/libur_msgs__rosidl_typesupport_fastrtps_cpp.so" to ""
[22.824s] -- Installing: /home/rl-public/workspace/install/ur_msgs/lib/libur_msgs__rosidl_typesupport_introspection_c.so
[22.825s] -- Set runtime path of "/home/rl-public/workspace/install/ur_msgs/lib/libur_msgs__rosidl_typesupport_introspection_c.so" to ""
[22.825s] -- Installing: /home/rl-public/workspace/install/ur_msgs/lib/libur_msgs__rosidl_typesupport_c.so
[22.825s] -- Set runtime path of "/home/rl-public/workspace/install/ur_msgs/lib/libur_msgs__rosidl_typesupport_c.so" to ""
[22.825s] -- Installing: /home/rl-public/workspace/install/ur_msgs/lib/libur_msgs__rosidl_typesupport_introspection_cpp.so
[22.825s] -- Set runtime path of "/home/rl-public/workspace/install/ur_msgs/lib/libur_msgs__rosidl_typesupport_introspection_cpp.so" to ""
[22.825s] -- Installing: /home/rl-public/workspace/install/ur_msgs/lib/libur_msgs__rosidl_typesupport_cpp.so
[22.825s] -- Set runtime path of "/home/rl-public/workspace/install/ur_msgs/lib/libur_msgs__rosidl_typesupport_cpp.so" to ""
[22.871s] Listing '/home/rl-public/workspace/install/ur_msgs/local/lib/python3.10/dist-packages/ur_msgs'...
[22.871s] Compiling '/home/rl-public/workspace/install/ur_msgs/local/lib/python3.10/dist-packages/ur_msgs/__init__.py'...
[22.872s] Listing '/home/rl-public/workspace/install/ur_msgs/local/lib/python3.10/dist-packages/ur_msgs/msg'...
[22.872s] Compiling '/home/rl-public/workspace/install/ur_msgs/local/lib/python3.10/dist-packages/ur_msgs/msg/__init__.py'...
[22.872s] Compiling '/home/rl-public/workspace/install/ur_msgs/local/lib/python3.10/dist-packages/ur_msgs/msg/_analog.py'...
[22.872s] Compiling '/home/rl-public/workspace/install/ur_msgs/local/lib/python3.10/dist-packages/ur_msgs/msg/_digital.py'...
[22.872s] Compiling '/home/rl-public/workspace/install/ur_msgs/local/lib/python3.10/dist-packages/ur_msgs/msg/_io_states.py'...
[22.872s] Compiling '/home/rl-public/workspace/install/ur_msgs/local/lib/python3.10/dist-packages/ur_msgs/msg/_masterboard_data_msg.py'...
[22.872s] Compiling '/home/rl-public/workspace/install/ur_msgs/local/lib/python3.10/dist-packages/ur_msgs/msg/_robot_mode_data_msg.py'...
[22.872s] Compiling '/home/rl-public/workspace/install/ur_msgs/local/lib/python3.10/dist-packages/ur_msgs/msg/_robot_state_rt_msg.py'...
[22.872s] Compiling '/home/rl-public/workspace/install/ur_msgs/local/lib/python3.10/dist-packages/ur_msgs/msg/_tool_data_msg.py'...
[22.872s] Listing '/home/rl-public/workspace/install/ur_msgs/local/lib/python3.10/dist-packages/ur_msgs/srv'...
[22.872s] Compiling '/home/rl-public/workspace/install/ur_msgs/local/lib/python3.10/dist-packages/ur_msgs/srv/__init__.py'...
[22.872s] Compiling '/home/rl-public/workspace/install/ur_msgs/local/lib/python3.10/dist-packages/ur_msgs/srv/_get_robot_software_version.py'...
[22.872s] Compiling '/home/rl-public/workspace/install/ur_msgs/local/lib/python3.10/dist-packages/ur_msgs/srv/_set_analog_output.py'...
[22.872s] Compiling '/home/rl-public/workspace/install/ur_msgs/local/lib/python3.10/dist-packages/ur_msgs/srv/_set_io.py'...
[22.872s] Compiling '/home/rl-public/workspace/install/ur_msgs/local/lib/python3.10/dist-packages/ur_msgs/srv/_set_payload.py'...
[22.872s] Compiling '/home/rl-public/workspace/install/ur_msgs/local/lib/python3.10/dist-packages/ur_msgs/srv/_set_speed_slider_fraction.py'...
[22.877s] -- Installing: /home/rl-public/workspace/install/ur_msgs/lib/libur_msgs__rosidl_generator_py.so
[22.878s] -- Set runtime path of "/home/rl-public/workspace/install/ur_msgs/lib/libur_msgs__rosidl_generator_py.so" to ""
[22.878s] -- Installing: /home/rl-public/workspace/install/ur_msgs/share/ur_msgs/cmake/export_ur_msgs__rosidl_generator_cExport.cmake
[22.878s] -- Installing: /home/rl-public/workspace/install/ur_msgs/share/ur_msgs/cmake/export_ur_msgs__rosidl_generator_cExport-noconfig.cmake
[22.878s] -- Installing: /home/rl-public/workspace/install/ur_msgs/share/ur_msgs/cmake/export_ur_msgs__rosidl_typesupport_fastrtps_cExport.cmake
[22.878s] -- Installing: /home/rl-public/workspace/install/ur_msgs/share/ur_msgs/cmake/export_ur_msgs__rosidl_typesupport_fastrtps_cExport-noconfig.cmake
[22.878s] -- Installing: /home/rl-public/workspace/install/ur_msgs/share/ur_msgs/cmake/export_ur_msgs__rosidl_generator_cppExport.cmake
[22.879s] -- Installing: /home/rl-public/workspace/install/ur_msgs/share/ur_msgs/cmake/export_ur_msgs__rosidl_typesupport_fastrtps_cppExport.cmake
[22.879s] -- Installing: /home/rl-public/workspace/install/ur_msgs/share/ur_msgs/cmake/export_ur_msgs__rosidl_typesupport_fastrtps_cppExport-noconfig.cmake
[22.879s] -- Installing: /home/rl-public/workspace/install/ur_msgs/share/ur_msgs/cmake/ur_msgs__rosidl_typesupport_introspection_cExport.cmake
[22.879s] -- Installing: /home/rl-public/workspace/install/ur_msgs/share/ur_msgs/cmake/ur_msgs__rosidl_typesupport_introspection_cExport-noconfig.cmake
[22.879s] -- Installing: /home/rl-public/workspace/install/ur_msgs/share/ur_msgs/cmake/ur_msgs__rosidl_typesupport_cExport.cmake
[22.879s] -- Installing: /home/rl-public/workspace/install/ur_msgs/share/ur_msgs/cmake/ur_msgs__rosidl_typesupport_cExport-noconfig.cmake
[22.879s] -- Installing: /home/rl-public/workspace/install/ur_msgs/share/ur_msgs/cmake/ur_msgs__rosidl_typesupport_introspection_cppExport.cmake
[22.879s] -- Installing: /home/rl-public/workspace/install/ur_msgs/share/ur_msgs/cmake/ur_msgs__rosidl_typesupport_introspection_cppExport-noconfig.cmake
[22.880s] -- Installing: /home/rl-public/workspace/install/ur_msgs/share/ur_msgs/cmake/ur_msgs__rosidl_typesupport_cppExport.cmake
[22.880s] -- Installing: /home/rl-public/workspace/install/ur_msgs/share/ur_msgs/cmake/ur_msgs__rosidl_typesupport_cppExport-noconfig.cmake
[22.880s] -- Installing: /home/rl-public/workspace/install/ur_msgs/share/ur_msgs/cmake/export_ur_msgs__rosidl_generator_pyExport.cmake
[22.880s] -- Installing: /home/rl-public/workspace/install/ur_msgs/share/ur_msgs/cmake/export_ur_msgs__rosidl_generator_pyExport-noconfig.cmake
[22.883s] Invoked command in '/home/rl-public/workspace/build/ur_msgs' returned '0': CMAKE_PREFIX_PATH=${CMAKE_PREFIX_PATH}:/home/rl-public/workspace/install/rqt_joint_trajectory_controller:/home/rl-public/workspace/install/rqt_controller_manager:/home/rl-public/workspace/install/ros2controlcli:/home/rl-public/workspace/install/ros2_controllers_test_nodes:/opt/ros/humble /usr/bin/cmake --install /home/rl-public/workspace/build/ur_msgs
