[0.349s] Invoking command in '/home/rl-public/workspace/build/joint_limits': CMAKE_PREFIX_PATH=${CMAKE_PREFIX_PATH}:/home/rl-public/workspace/install/rqt_joint_trajectory_controller:/home/rl-public/workspace/install/rqt_controller_manager:/home/rl-public/workspace/install/ros2controlcli:/home/rl-public/workspace/install/ros2_controllers_test_nodes:/opt/ros/humble /usr/bin/cmake --build /home/rl-public/workspace/build/joint_limits -- -j20 -l20
[0.393s] [35m[1mConsolidate compiler generated dependencies of target gtest_main[0m
[0.398s] [35m[1mConsolidate compiler generated dependencies of target gtest[0m
[0.408s] [ 33%] Built target gtest_main
[0.415s] [ 66%] Built target gtest
[0.433s] [35m[1mConsolidate compiler generated dependencies of target joint_limits_rosparam_test[0m
[0.455s] [100%] Built target joint_limits_rosparam_test
[0.612s] Invoked command in '/home/rl-public/workspace/build/joint_limits' returned '0': CMAKE_PREFIX_PATH=${CMAKE_PREFIX_PATH}:/home/rl-public/workspace/install/rqt_joint_trajectory_controller:/home/rl-public/workspace/install/rqt_controller_manager:/home/rl-public/workspace/install/ros2controlcli:/home/rl-public/workspace/install/ros2_controllers_test_nodes:/opt/ros/humble /usr/bin/cmake --build /home/rl-public/workspace/build/joint_limits -- -j20 -l20
[0.657s] Invoking command in '/home/rl-public/workspace/build/joint_limits': CMAKE_PREFIX_PATH=${CMAKE_PREFIX_PATH}:/home/rl-public/workspace/install/rqt_joint_trajectory_controller:/home/rl-public/workspace/install/rqt_controller_manager:/home/rl-public/workspace/install/ros2controlcli:/home/rl-public/workspace/install/ros2_controllers_test_nodes:/opt/ros/humble /usr/bin/cmake --install /home/rl-public/workspace/build/joint_limits
[0.672s] -- Install configuration: ""
[0.672s] -- Execute custom install script
[0.673s] -- Up-to-date symlink: /home/rl-public/workspace/install/joint_limits/include/joint_limits/joint_limits.hpp
[0.673s] -- Up-to-date symlink: /home/rl-public/workspace/install/joint_limits/include/joint_limits/joint_limits_rosparam.hpp
[0.673s] -- Up-to-date symlink: /home/rl-public/workspace/install/joint_limits/lib/joint_limits/joint_limits_rosparam_test
[0.674s] -- Up-to-date symlink: /home/rl-public/workspace/install/joint_limits/share/joint_limits/test/joint_limits_rosparam.yaml
[0.674s] -- Up-to-date symlink: /home/rl-public/workspace/install/joint_limits/share/ament_index/resource_index/package_run_dependencies/joint_limits
[0.674s] -- Up-to-date symlink: /home/rl-public/workspace/install/joint_limits/share/ament_index/resource_index/parent_prefix_path/joint_limits
[0.674s] -- Up-to-date symlink: /home/rl-public/workspace/install/joint_limits/share/joint_limits/environment/ament_prefix_path.sh
[0.674s] -- Up-to-date symlink: /home/rl-public/workspace/install/joint_limits/share/joint_limits/environment/ament_prefix_path.dsv
[0.675s] -- Up-to-date symlink: /home/rl-public/workspace/install/joint_limits/share/joint_limits/environment/path.sh
[0.676s] -- Up-to-date symlink: /home/rl-public/workspace/install/joint_limits/share/joint_limits/environment/path.dsv
[0.676s] -- Up-to-date symlink: /home/rl-public/workspace/install/joint_limits/share/joint_limits/local_setup.bash
[0.676s] -- Up-to-date symlink: /home/rl-public/workspace/install/joint_limits/share/joint_limits/local_setup.sh
[0.676s] -- Up-to-date symlink: /home/rl-public/workspace/install/joint_limits/share/joint_limits/local_setup.zsh
[0.676s] -- Up-to-date symlink: /home/rl-public/workspace/install/joint_limits/share/joint_limits/local_setup.dsv
[0.676s] -- Symlinking: /home/rl-public/workspace/install/joint_limits/share/joint_limits/package.dsv
[0.687s] -- Up-to-date symlink: /home/rl-public/workspace/install/joint_limits/share/ament_index/resource_index/packages/joint_limits
[0.687s] -- Up-to-date symlink: /home/rl-public/workspace/install/joint_limits/share/joint_limits/cmake/ament_cmake_export_dependencies-extras.cmake
[0.687s] -- Up-to-date symlink: /home/rl-public/workspace/install/joint_limits/share/joint_limits/cmake/ament_cmake_export_include_directories-extras.cmake
[0.687s] -- Up-to-date symlink: /home/rl-public/workspace/install/joint_limits/share/joint_limits/cmake/joint_limitsConfig.cmake
[0.687s] -- Up-to-date symlink: /home/rl-public/workspace/install/joint_limits/share/joint_limits/cmake/joint_limitsConfig-version.cmake
[0.687s] -- Up-to-date symlink: /home/rl-public/workspace/install/joint_limits/share/joint_limits/package.xml
[0.713s] Invoked command in '/home/rl-public/workspace/build/joint_limits' returned '0': CMAKE_PREFIX_PATH=${CMAKE_PREFIX_PATH}:/home/rl-public/workspace/install/rqt_joint_trajectory_controller:/home/rl-public/workspace/install/rqt_controller_manager:/home/rl-public/workspace/install/ros2controlcli:/home/rl-public/workspace/install/ros2_controllers_test_nodes:/opt/ros/humble /usr/bin/cmake --install /home/rl-public/workspace/build/joint_limits
