[0.260s] Invoking command in '/home/rl-public/workspace/build/kinematics_interface': CMAKE_PREFIX_PATH=${CMAKE_PREFIX_PATH}:/home/rl-public/workspace/install/rqt_joint_trajectory_controller:/home/rl-public/workspace/install/rqt_controller_manager:/home/rl-public/workspace/install/ros2controlcli:/home/rl-public/workspace/install/ros2_controllers_test_nodes:/opt/ros/humble /usr/bin/cmake /home/rl-public/workspace/ros_ur_driver/src/kinematics_interface/kinematics_interface -DAMENT_CMAKE_SYMLINK_INSTALL=1 -DCMAKE_INSTALL_PREFIX=/home/rl-public/workspace/install/kinematics_interface
[0.333s] -- The CXX compiler identification is GNU 11.4.0
[0.341s] -- Detecting CXX compiler ABI info
[0.426s] -- Detecting CXX compiler ABI info - done
[0.435s] -- Check for working CXX compiler: /usr/bin/c++ - skipped
[0.435s] -- Detecting CXX compile features
[0.436s] -- Detecting CXX compile features - done
[0.438s] -- Found ament_cmake: 1.3.10 (/opt/ros/humble/share/ament_cmake/cmake)
[0.600s] -- Found Python3: /usr/bin/python3 (found version "3.10.12") found components: Interpreter 
[0.663s] -- Override CMake install command with custom implementation using symlinks instead of copying resources
[0.691s] -- Found rclcpp: 16.0.10 (/opt/ros/humble/share/rclcpp/cmake)
[0.736s] -- Found rosidl_generator_c: 3.1.5 (/opt/ros/humble/share/rosidl_generator_c/cmake)
[0.741s] -- Found rosidl_adapter: 3.1.5 (/opt/ros/humble/share/rosidl_adapter/cmake)
[0.748s] -- Found rosidl_generator_cpp: 3.1.5 (/opt/ros/humble/share/rosidl_generator_cpp/cmake)
[0.760s] -- Using all available rosidl_typesupport_c: rosidl_typesupport_fastrtps_c;rosidl_typesupport_introspection_c
[0.777s] -- Using all available rosidl_typesupport_cpp: rosidl_typesupport_fastrtps_cpp;rosidl_typesupport_introspection_cpp
[0.825s] -- Found rmw_implementation_cmake: 6.1.2 (/opt/ros/humble/share/rmw_implementation_cmake/cmake)
[0.831s] -- Found rmw_fastrtps_cpp: 6.2.7 (/opt/ros/humble/share/rmw_fastrtps_cpp/cmake)
[1.038s] -- Found OpenSSL: /usr/lib/x86_64-linux-gnu/libcrypto.so (found version "3.0.2")  
[1.131s] -- Found FastRTPS: /opt/ros/humble/include  
[1.238s] -- Using RMW implementation 'rmw_fastrtps_cpp' as default
[1.248s] -- Looking for C++ include pthread.h
[1.521s] -- Looking for C++ include pthread.h - found
[1.521s] -- Performing Test CMAKE_HAVE_LIBC_PTHREAD
[1.860s] -- Performing Test CMAKE_HAVE_LIBC_PTHREAD - Success
[1.863s] -- Found Threads: TRUE  
[2.071s] -- Found rclcpp_lifecycle: 16.0.10 (/opt/ros/humble/share/rclcpp_lifecycle/cmake)
[2.313s] -- Configuring done
[2.351s] -- Generating done
[2.359s] -- Build files have been written to: /home/rl-public/workspace/build/kinematics_interface
[2.422s] Invoked command in '/home/rl-public/workspace/build/kinematics_interface' returned '0': CMAKE_PREFIX_PATH=${CMAKE_PREFIX_PATH}:/home/rl-public/workspace/install/rqt_joint_trajectory_controller:/home/rl-public/workspace/install/rqt_controller_manager:/home/rl-public/workspace/install/ros2controlcli:/home/rl-public/workspace/install/ros2_controllers_test_nodes:/opt/ros/humble /usr/bin/cmake /home/rl-public/workspace/ros_ur_driver/src/kinematics_interface/kinematics_interface -DAMENT_CMAKE_SYMLINK_INSTALL=1 -DCMAKE_INSTALL_PREFIX=/home/rl-public/workspace/install/kinematics_interface
[2.423s] Invoking command in '/home/rl-public/workspace/build/kinematics_interface': CMAKE_PREFIX_PATH=${CMAKE_PREFIX_PATH}:/home/rl-public/workspace/install/rqt_joint_trajectory_controller:/home/rl-public/workspace/install/rqt_controller_manager:/home/rl-public/workspace/install/ros2controlcli:/home/rl-public/workspace/install/ros2_controllers_test_nodes:/opt/ros/humble /usr/bin/cmake --build /home/rl-public/workspace/build/kinematics_interface -- -j20 -l20
[2.551s] [ 50%] [32mBuilding CXX object CMakeFiles/kinematics_interface.dir/src/kinematics_interface.cpp.o[0m
[4.820s] [100%] [32m[1mLinking CXX shared library libkinematics_interface.so[0m
[4.948s] [100%] Built target kinematics_interface
[4.966s] Invoked command in '/home/rl-public/workspace/build/kinematics_interface' returned '0': CMAKE_PREFIX_PATH=${CMAKE_PREFIX_PATH}:/home/rl-public/workspace/install/rqt_joint_trajectory_controller:/home/rl-public/workspace/install/rqt_controller_manager:/home/rl-public/workspace/install/ros2controlcli:/home/rl-public/workspace/install/ros2_controllers_test_nodes:/opt/ros/humble /usr/bin/cmake --build /home/rl-public/workspace/build/kinematics_interface -- -j20 -l20
[5.031s] Invoking command in '/home/rl-public/workspace/build/kinematics_interface': CMAKE_PREFIX_PATH=${CMAKE_PREFIX_PATH}:/home/rl-public/workspace/install/rqt_joint_trajectory_controller:/home/rl-public/workspace/install/rqt_controller_manager:/home/rl-public/workspace/install/ros2controlcli:/home/rl-public/workspace/install/ros2_controllers_test_nodes:/opt/ros/humble /usr/bin/cmake --install /home/rl-public/workspace/build/kinematics_interface
[5.047s] -- Install configuration: ""
[5.048s] -- Execute custom install script
[5.048s] -- Symlinking: /home/rl-public/workspace/install/kinematics_interface/include/kinematics_interface/kinematics_interface/kinematics_interface.hpp
[5.060s] -- Symlinking: /home/rl-public/workspace/install/kinematics_interface/include/kinematics_interface/kinematics_interface/visibility_control.h
[5.072s] -- Symlinking: /home/rl-public/workspace/install/kinematics_interface/share/kinematics_interface/environment/library_path.sh
[5.085s] -- Symlinking: /home/rl-public/workspace/install/kinematics_interface/share/kinematics_interface/environment/library_path.dsv
[5.098s] -- Symlinking: /home/rl-public/workspace/install/kinematics_interface/share/ament_index/resource_index/package_run_dependencies/kinematics_interface
[5.117s] -- Symlinking: /home/rl-public/workspace/install/kinematics_interface/share/ament_index/resource_index/parent_prefix_path/kinematics_interface
[5.134s] -- Symlinking: /home/rl-public/workspace/install/kinematics_interface/share/kinematics_interface/environment/ament_prefix_path.sh
[5.148s] -- Symlinking: /home/rl-public/workspace/install/kinematics_interface/share/kinematics_interface/environment/ament_prefix_path.dsv
[5.162s] -- Symlinking: /home/rl-public/workspace/install/kinematics_interface/share/kinematics_interface/environment/path.sh
[5.176s] -- Symlinking: /home/rl-public/workspace/install/kinematics_interface/share/kinematics_interface/environment/path.dsv
[5.193s] -- Symlinking: /home/rl-public/workspace/install/kinematics_interface/share/kinematics_interface/local_setup.bash
[5.208s] -- Symlinking: /home/rl-public/workspace/install/kinematics_interface/share/kinematics_interface/local_setup.sh
[5.228s] -- Symlinking: /home/rl-public/workspace/install/kinematics_interface/share/kinematics_interface/local_setup.zsh
[5.249s] -- Symlinking: /home/rl-public/workspace/install/kinematics_interface/share/kinematics_interface/local_setup.dsv
[5.272s] -- Symlinking: /home/rl-public/workspace/install/kinematics_interface/share/kinematics_interface/package.dsv
[5.295s] -- Symlinking: /home/rl-public/workspace/install/kinematics_interface/share/ament_index/resource_index/packages/kinematics_interface
[5.322s] -- Symlinking: /home/rl-public/workspace/install/kinematics_interface/share/kinematics_interface/cmake/ament_cmake_export_targets-extras.cmake
[5.346s] -- Symlinking: /home/rl-public/workspace/install/kinematics_interface/share/kinematics_interface/cmake/ament_cmake_export_dependencies-extras.cmake
[5.383s] -- Symlinking: /home/rl-public/workspace/install/kinematics_interface/share/kinematics_interface/cmake/kinematics_interfaceConfig.cmake
[5.411s] -- Symlinking: /home/rl-public/workspace/install/kinematics_interface/share/kinematics_interface/cmake/kinematics_interfaceConfig-version.cmake
[5.434s] -- Symlinking: /home/rl-public/workspace/install/kinematics_interface/share/kinematics_interface/package.xml
[5.462s] -- Installing: /home/rl-public/workspace/install/kinematics_interface/lib/libkinematics_interface.so
[5.469s] -- Set runtime path of "/home/rl-public/workspace/install/kinematics_interface/lib/libkinematics_interface.so" to ""
[5.469s] -- Installing: /home/rl-public/workspace/install/kinematics_interface/share/kinematics_interface/cmake/export_kinematics_interfaceExport.cmake
[5.469s] -- Installing: /home/rl-public/workspace/install/kinematics_interface/share/kinematics_interface/cmake/export_kinematics_interfaceExport-noconfig.cmake
[5.499s] Invoked command in '/home/rl-public/workspace/build/kinematics_interface' returned '0': CMAKE_PREFIX_PATH=${CMAKE_PREFIX_PATH}:/home/rl-public/workspace/install/rqt_joint_trajectory_controller:/home/rl-public/workspace/install/rqt_controller_manager:/home/rl-public/workspace/install/ros2controlcli:/home/rl-public/workspace/install/ros2_controllers_test_nodes:/opt/ros/humble /usr/bin/cmake --install /home/rl-public/workspace/build/kinematics_interface
